INFO - 2023-06-07 00:22:29 --> Session: Class initialized using 'CodeIgniter\Session\Handlers\FileHandler' driver.
INFO - 2023-06-07 00:22:39 --> Session: Class initialized using 'CodeIgniter\Session\Handlers\FileHandler' driver.
INFO - 2023-06-07 00:22:52 --> Session: Class initialized using 'CodeIgniter\Session\Handlers\FileHandler' driver.
INFO - 2023-06-07 00:23:18 --> Session: Class initialized using 'CodeIgniter\Session\Handlers\FileHandler' driver.
INFO - 2023-06-07 00:23:49 --> Session: Class initialized using 'CodeIgniter\Session\Handlers\FileHandler' driver.
INFO - 2023-06-07 00:24:05 --> Session: Class initialized using 'CodeIgniter\Session\Handlers\FileHandler' driver.
INFO - 2023-06-07 00:24:19 --> Session: Class initialized using 'CodeIgniter\Session\Handlers\FileHandler' driver.
INFO - 2023-06-07 00:25:37 --> Session: Class initialized using 'CodeIgniter\Session\Handlers\FileHandler' driver.
INFO - 2023-06-07 00:34:08 --> Session: Class initialized using 'CodeIgniter\Session\Handlers\FileHandler' driver.
INFO - 2023-06-07 00:49:45 --> Session: Class initialized using 'CodeIgniter\Session\Handlers\FileHandler' driver.
ERROR - 2023-06-07 00:49:45 --> mysqli_sql_exception: Column 'id_parametro_enc' in where clause is ambiguous in C:\xampp\htdocs\gfp\system\Database\MySQLi\Connection.php:295
Stack trace:
#0 C:\xampp\htdocs\gfp\system\Database\MySQLi\Connection.php(295): mysqli->query('SELECT `paramet...', 0)
#1 C:\xampp\htdocs\gfp\system\Database\BaseConnection.php(691): CodeIgniter\Database\MySQLi\Connection->execute('SELECT `paramet...')
#2 C:\xampp\htdocs\gfp\system\Database\BaseConnection.php(605): CodeIgniter\Database\BaseConnection->simpleQuery('SELECT `paramet...')
#3 C:\xampp\htdocs\gfp\system\Database\BaseBuilder.php(1616): CodeIgniter\Database\BaseConnection->query('SELECT `paramet...', Array, false)
#4 C:\xampp\htdocs\gfp\system\Model.php(241): CodeIgniter\Database\BaseBuilder->get()
#5 C:\xampp\htdocs\gfp\system\BaseModel.php(618): CodeIgniter\Model->doFindAll(0, 0)
#6 C:\xampp\htdocs\gfp\app\Models\ParamentrosModel.php(89): CodeIgniter\BaseModel->findAll()
#7 C:\xampp\htdocs\gfp\app\Controllers\Movimiento.php(48): App\Models\ParamentrosModel->ParametrosMovimientos()
#8 C:\xampp\htdocs\gfp\system\CodeIgniter.php(934): App\Controllers\Movimiento->index()
#9 C:\xampp\htdocs\gfp\system\CodeIgniter.php(499): CodeIgniter\CodeIgniter->runController(Object(App\Controllers\Movimiento))
#10 C:\xampp\htdocs\gfp\system\CodeIgniter.php(368): CodeIgniter\CodeIgniter->handleRequest(NULL, Object(Config\Cache), false)
#11 C:\xampp\htdocs\gfp\public\index.php(67): CodeIgniter\CodeIgniter->run()
#12 {main}
CRITICAL - 2023-06-07 00:49:45 --> Column 'id_parametro_enc' in where clause is ambiguous
in SYSTEMPATH\Database\MySQLi\Connection.php on line 295.
 1 SYSTEMPATH\Database\MySQLi\Connection.php(295): mysqli->query('SELECT `parametros_det`.*, `parametros_enc`.`nombre` as `parametros_enc`
FROM `parametros_det`
JOIN `parametros_enc` ON `parametros_enc`.`id_parametro_enc` = `parametros_det`.`id_parametro_enc`
WHERE `parametros_det`.`estado` = \'A\'
AND `parametros_enc`.`estado` = \'A\'
AND `id_parametro_enc` = 7', 0)
 2 SYSTEMPATH\Database\BaseConnection.php(691): CodeIgniter\Database\MySQLi\Connection->execute('SELECT `parametros_det`.*, `parametros_enc`.`nombre` as `parametros_enc`
FROM `parametros_det`
JOIN `parametros_enc` ON `parametros_enc`.`id_parametro_enc` = `parametros_det`.`id_parametro_enc`
WHERE `parametros_det`.`estado` = \'A\'
AND `parametros_enc`.`estado` = \'A\'
AND `id_parametro_enc` = 7')
 3 SYSTEMPATH\Database\BaseConnection.php(605): CodeIgniter\Database\BaseConnection->simpleQuery('SELECT `parametros_det`.*, `parametros_enc`.`nombre` as `parametros_enc`
FROM `parametros_det`
JOIN `parametros_enc` ON `parametros_enc`.`id_parametro_enc` = `parametros_det`.`id_parametro_enc`
WHERE `parametros_det`.`estado` = \'A\'
AND `parametros_enc`.`estado` = \'A\'
AND `id_parametro_enc` = 7')
 4 SYSTEMPATH\Database\BaseBuilder.php(1616): CodeIgniter\Database\BaseConnection->query('SELECT `parametros_det`.*, `parametros_enc`.`nombre` as `parametros_enc`
FROM `parametros_det`
JOIN `parametros_enc` ON `parametros_enc`.`id_parametro_enc` = `parametros_det`.`id_parametro_enc`
WHERE `parametros_det`.`estado` = :parametros_det.estado:
AND `parametros_enc`.`estado` = :parametros_enc.estado:
AND `id_parametro_enc` = :id_parametro_enc:', [...], false)
 5 SYSTEMPATH\Model.php(241): CodeIgniter\Database\BaseBuilder->get()
 6 SYSTEMPATH\BaseModel.php(618): CodeIgniter\Model->doFindAll(0, 0)
 7 APPPATH\Models\ParamentrosModel.php(89): CodeIgniter\BaseModel->findAll()
 8 APPPATH\Controllers\Movimiento.php(48): App\Models\ParamentrosModel->ParametrosMovimientos()
 9 SYSTEMPATH\CodeIgniter.php(934): App\Controllers\Movimiento->index()
10 SYSTEMPATH\CodeIgniter.php(499): CodeIgniter\CodeIgniter->runController(Object(App\Controllers\Movimiento))
11 SYSTEMPATH\CodeIgniter.php(368): CodeIgniter\CodeIgniter->handleRequest(null, Object(Config\Cache), false)
12 FCPATH\index.php(67): CodeIgniter\CodeIgniter->run()
INFO - 2023-06-07 00:50:05 --> Session: Class initialized using 'CodeIgniter\Session\Handlers\FileHandler' driver.
INFO - 2023-06-07 00:51:49 --> Session: Class initialized using 'CodeIgniter\Session\Handlers\FileHandler' driver.
INFO - 2023-06-07 00:54:54 --> Session: Class initialized using 'CodeIgniter\Session\Handlers\FileHandler' driver.
ERROR - 2023-06-07 00:54:54 --> mysqli_sql_exception: Illegal parameter data types smallint and row for operation '=' in C:\xampp\htdocs\gfp\system\Database\MySQLi\Connection.php:295
Stack trace:
#0 C:\xampp\htdocs\gfp\system\Database\MySQLi\Connection.php(295): mysqli->query('SELECT `paramet...', 0)
#1 C:\xampp\htdocs\gfp\system\Database\BaseConnection.php(691): CodeIgniter\Database\MySQLi\Connection->execute('SELECT `paramet...')
#2 C:\xampp\htdocs\gfp\system\Database\BaseConnection.php(605): CodeIgniter\Database\BaseConnection->simpleQuery('SELECT `paramet...')
#3 C:\xampp\htdocs\gfp\system\Database\BaseBuilder.php(1616): CodeIgniter\Database\BaseConnection->query('SELECT `paramet...', Array, false)
#4 C:\xampp\htdocs\gfp\system\Model.php(241): CodeIgniter\Database\BaseBuilder->get()
#5 C:\xampp\htdocs\gfp\system\BaseModel.php(618): CodeIgniter\Model->doFindAll(0, 0)
#6 C:\xampp\htdocs\gfp\app\Models\ParamentrosModel.php(89): CodeIgniter\BaseModel->findAll()
#7 C:\xampp\htdocs\gfp\app\Controllers\Movimiento.php(48): App\Models\ParamentrosModel->ParametrosMovimientos()
#8 C:\xampp\htdocs\gfp\system\CodeIgniter.php(934): App\Controllers\Movimiento->index()
#9 C:\xampp\htdocs\gfp\system\CodeIgniter.php(499): CodeIgniter\CodeIgniter->runController(Object(App\Controllers\Movimiento))
#10 C:\xampp\htdocs\gfp\system\CodeIgniter.php(368): CodeIgniter\CodeIgniter->handleRequest(NULL, Object(Config\Cache), false)
#11 C:\xampp\htdocs\gfp\public\index.php(67): CodeIgniter\CodeIgniter->run()
#12 {main}
CRITICAL - 2023-06-07 00:54:54 --> Illegal parameter data types smallint and row for operation '='
in SYSTEMPATH\Database\MySQLi\Connection.php on line 295.
 1 SYSTEMPATH\Database\MySQLi\Connection.php(295): mysqli->query('SELECT `parametros_det`.*, `parametros_enc`.`nombre` as `parametros_enc`
FROM `parametros_det`
JOIN `parametros_enc` ON `parametros_enc`.`id_parametro_enc` = `parametros_det`.`id_parametro_enc`
WHERE `parametros_det`.`estado` = \'A\'
AND `parametros_enc`.`estado` = \'A\'
AND `parametros_det`.`id_parametro_enc` = (7,8,9)', 0)
 2 SYSTEMPATH\Database\BaseConnection.php(691): CodeIgniter\Database\MySQLi\Connection->execute('SELECT `parametros_det`.*, `parametros_enc`.`nombre` as `parametros_enc`
FROM `parametros_det`
JOIN `parametros_enc` ON `parametros_enc`.`id_parametro_enc` = `parametros_det`.`id_parametro_enc`
WHERE `parametros_det`.`estado` = \'A\'
AND `parametros_enc`.`estado` = \'A\'
AND `parametros_det`.`id_parametro_enc` = (7,8,9)')
 3 SYSTEMPATH\Database\BaseConnection.php(605): CodeIgniter\Database\BaseConnection->simpleQuery('SELECT `parametros_det`.*, `parametros_enc`.`nombre` as `parametros_enc`
FROM `parametros_det`
JOIN `parametros_enc` ON `parametros_enc`.`id_parametro_enc` = `parametros_det`.`id_parametro_enc`
WHERE `parametros_det`.`estado` = \'A\'
AND `parametros_enc`.`estado` = \'A\'
AND `parametros_det`.`id_parametro_enc` = (7,8,9)')
 4 SYSTEMPATH\Database\BaseBuilder.php(1616): CodeIgniter\Database\BaseConnection->query('SELECT `parametros_det`.*, `parametros_enc`.`nombre` as `parametros_enc`
FROM `parametros_det`
JOIN `parametros_enc` ON `parametros_enc`.`id_parametro_enc` = `parametros_det`.`id_parametro_enc`
WHERE `parametros_det`.`estado` = :parametros_det.estado:
AND `parametros_enc`.`estado` = :parametros_enc.estado:
AND `parametros_det`.`id_parametro_enc` = :parametros_det.id_parametro_enc:', [...], false)
 5 SYSTEMPATH\Model.php(241): CodeIgniter\Database\BaseBuilder->get()
 6 SYSTEMPATH\BaseModel.php(618): CodeIgniter\Model->doFindAll(0, 0)
 7 APPPATH\Models\ParamentrosModel.php(89): CodeIgniter\BaseModel->findAll()
 8 APPPATH\Controllers\Movimiento.php(48): App\Models\ParamentrosModel->ParametrosMovimientos()
 9 SYSTEMPATH\CodeIgniter.php(934): App\Controllers\Movimiento->index()
10 SYSTEMPATH\CodeIgniter.php(499): CodeIgniter\CodeIgniter->runController(Object(App\Controllers\Movimiento))
11 SYSTEMPATH\CodeIgniter.php(368): CodeIgniter\CodeIgniter->handleRequest(null, Object(Config\Cache), false)
12 FCPATH\index.php(67): CodeIgniter\CodeIgniter->run()
INFO - 2023-06-07 01:05:00 --> Session: Class initialized using 'CodeIgniter\Session\Handlers\FileHandler' driver.
ERROR - 2023-06-07 01:05:00 --> mysqli_sql_exception: Illegal parameter data types smallint and row for operation '=' in C:\xampp\htdocs\gfp\system\Database\MySQLi\Connection.php:295
Stack trace:
#0 C:\xampp\htdocs\gfp\system\Database\MySQLi\Connection.php(295): mysqli->query('SELECT `paramet...', 0)
#1 C:\xampp\htdocs\gfp\system\Database\BaseConnection.php(691): CodeIgniter\Database\MySQLi\Connection->execute('SELECT `paramet...')
#2 C:\xampp\htdocs\gfp\system\Database\BaseConnection.php(605): CodeIgniter\Database\BaseConnection->simpleQuery('SELECT `paramet...')
#3 C:\xampp\htdocs\gfp\system\Database\BaseBuilder.php(1616): CodeIgniter\Database\BaseConnection->query('SELECT `paramet...', Array, false)
#4 C:\xampp\htdocs\gfp\system\Model.php(241): CodeIgniter\Database\BaseBuilder->get()
#5 C:\xampp\htdocs\gfp\system\BaseModel.php(618): CodeIgniter\Model->doFindAll(0, 0)
#6 C:\xampp\htdocs\gfp\app\Models\ParamentrosModel.php(89): CodeIgniter\BaseModel->findAll()
#7 C:\xampp\htdocs\gfp\app\Controllers\Movimiento.php(48): App\Models\ParamentrosModel->ParametrosMovimientos()
#8 C:\xampp\htdocs\gfp\system\CodeIgniter.php(934): App\Controllers\Movimiento->index()
#9 C:\xampp\htdocs\gfp\system\CodeIgniter.php(499): CodeIgniter\CodeIgniter->runController(Object(App\Controllers\Movimiento))
#10 C:\xampp\htdocs\gfp\system\CodeIgniter.php(368): CodeIgniter\CodeIgniter->handleRequest(NULL, Object(Config\Cache), false)
#11 C:\xampp\htdocs\gfp\public\index.php(67): CodeIgniter\CodeIgniter->run()
#12 {main}
CRITICAL - 2023-06-07 01:05:00 --> Illegal parameter data types smallint and row for operation '='
in SYSTEMPATH\Database\MySQLi\Connection.php on line 295.
 1 SYSTEMPATH\Database\MySQLi\Connection.php(295): mysqli->query('SELECT `parametros_det`.*, `parametros_enc`.`nombre` as `parametros_enc`
FROM `parametros_det`
JOIN `parametros_enc` ON `parametros_enc`.`id_parametro_enc` = `parametros_det`.`id_parametro_enc`
WHERE `parametros_det`.`estado` = \'A\'
AND `parametros_enc`.`estado` = \'A\'
AND `parametros_det`.`id_parametro_enc` = (7,8)', 0)
 2 SYSTEMPATH\Database\BaseConnection.php(691): CodeIgniter\Database\MySQLi\Connection->execute('SELECT `parametros_det`.*, `parametros_enc`.`nombre` as `parametros_enc`
FROM `parametros_det`
JOIN `parametros_enc` ON `parametros_enc`.`id_parametro_enc` = `parametros_det`.`id_parametro_enc`
WHERE `parametros_det`.`estado` = \'A\'
AND `parametros_enc`.`estado` = \'A\'
AND `parametros_det`.`id_parametro_enc` = (7,8)')
 3 SYSTEMPATH\Database\BaseConnection.php(605): CodeIgniter\Database\BaseConnection->simpleQuery('SELECT `parametros_det`.*, `parametros_enc`.`nombre` as `parametros_enc`
FROM `parametros_det`
JOIN `parametros_enc` ON `parametros_enc`.`id_parametro_enc` = `parametros_det`.`id_parametro_enc`
WHERE `parametros_det`.`estado` = \'A\'
AND `parametros_enc`.`estado` = \'A\'
AND `parametros_det`.`id_parametro_enc` = (7,8)')
 4 SYSTEMPATH\Database\BaseBuilder.php(1616): CodeIgniter\Database\BaseConnection->query('SELECT `parametros_det`.*, `parametros_enc`.`nombre` as `parametros_enc`
FROM `parametros_det`
JOIN `parametros_enc` ON `parametros_enc`.`id_parametro_enc` = `parametros_det`.`id_parametro_enc`
WHERE `parametros_det`.`estado` = :parametros_det.estado:
AND `parametros_enc`.`estado` = :parametros_enc.estado:
AND `parametros_det`.`id_parametro_enc` = :parametros_det.id_parametro_enc:', [...], false)
 5 SYSTEMPATH\Model.php(241): CodeIgniter\Database\BaseBuilder->get()
 6 SYSTEMPATH\BaseModel.php(618): CodeIgniter\Model->doFindAll(0, 0)
 7 APPPATH\Models\ParamentrosModel.php(89): CodeIgniter\BaseModel->findAll()
 8 APPPATH\Controllers\Movimiento.php(48): App\Models\ParamentrosModel->ParametrosMovimientos()
 9 SYSTEMPATH\CodeIgniter.php(934): App\Controllers\Movimiento->index()
10 SYSTEMPATH\CodeIgniter.php(499): CodeIgniter\CodeIgniter->runController(Object(App\Controllers\Movimiento))
11 SYSTEMPATH\CodeIgniter.php(368): CodeIgniter\CodeIgniter->handleRequest(null, Object(Config\Cache), false)
12 FCPATH\index.php(67): CodeIgniter\CodeIgniter->run()
INFO - 2023-06-07 01:05:50 --> Session: Class initialized using 'CodeIgniter\Session\Handlers\FileHandler' driver.
INFO - 2023-06-07 01:08:20 --> Session: Class initialized using 'CodeIgniter\Session\Handlers\FileHandler' driver.
INFO - 2023-06-07 01:10:47 --> Session: Class initialized using 'CodeIgniter\Session\Handlers\FileHandler' driver.
CRITICAL - 2023-06-07 01:10:47 --> foreach() argument must be of type array|object, null given
in APPPATH\Views\gfp\registro\movimientos.php on line 78.
 1 APPPATH\Views\gfp\registro\movimientos.php(78): CodeIgniter\Debug\Exceptions->errorHandler(2, 'foreach() argument must be of type array|object, null given', 'C:\\xampp\\htdocs\\gfp\\app\\Views\\gfp\\registro\\movimientos.php', 78)
 2 SYSTEMPATH\View\View.php(213): include('C:\\xampp\\htdocs\\gfp\\app\\Views\\gfp\\registro\\movimientos.php')
 3 SYSTEMPATH\View\View.php(216): CodeIgniter\View\View->CodeIgniter\View\{closure}()
 4 SYSTEMPATH\Common.php(1184): CodeIgniter\View\View->render('gfp/registro/movimientos', [], true)
 5 APPPATH\Controllers\Movimiento.php(49): view('gfp/registro/movimientos', [...])
 6 SYSTEMPATH\CodeIgniter.php(934): App\Controllers\Movimiento->index()
 7 SYSTEMPATH\CodeIgniter.php(499): CodeIgniter\CodeIgniter->runController(Object(App\Controllers\Movimiento))
 8 SYSTEMPATH\CodeIgniter.php(368): CodeIgniter\CodeIgniter->handleRequest(null, Object(Config\Cache), false)
 9 FCPATH\index.php(67): CodeIgniter\CodeIgniter->run()
INFO - 2023-06-07 01:11:15 --> Session: Class initialized using 'CodeIgniter\Session\Handlers\FileHandler' driver.
CRITICAL - 2023-06-07 01:11:15 --> foreach() argument must be of type array|object, null given
in APPPATH\Views\gfp\registro\movimientos.php on line 78.
 1 APPPATH\Views\gfp\registro\movimientos.php(78): CodeIgniter\Debug\Exceptions->errorHandler(2, 'foreach() argument must be of type array|object, null given', 'C:\\xampp\\htdocs\\gfp\\app\\Views\\gfp\\registro\\movimientos.php', 78)
 2 SYSTEMPATH\View\View.php(213): include('C:\\xampp\\htdocs\\gfp\\app\\Views\\gfp\\registro\\movimientos.php')
 3 SYSTEMPATH\View\View.php(216): CodeIgniter\View\View->CodeIgniter\View\{closure}()
 4 SYSTEMPATH\Common.php(1184): CodeIgniter\View\View->render('gfp/registro/movimientos', [], true)
 5 APPPATH\Controllers\Movimiento.php(49): view('gfp/registro/movimientos', [...])
 6 SYSTEMPATH\CodeIgniter.php(934): App\Controllers\Movimiento->index()
 7 SYSTEMPATH\CodeIgniter.php(499): CodeIgniter\CodeIgniter->runController(Object(App\Controllers\Movimiento))
 8 SYSTEMPATH\CodeIgniter.php(368): CodeIgniter\CodeIgniter->handleRequest(null, Object(Config\Cache), false)
 9 FCPATH\index.php(67): CodeIgniter\CodeIgniter->run()
INFO - 2023-06-07 01:12:26 --> Session: Class initialized using 'CodeIgniter\Session\Handlers\FileHandler' driver.
ERROR - 2023-06-07 01:12:26 --> mysqli_sql_exception: Unknown column 'parametros_enc.estado' in 'where clause' in C:\xampp\htdocs\gfp\system\Database\MySQLi\Connection.php:295
Stack trace:
#0 C:\xampp\htdocs\gfp\system\Database\MySQLi\Connection.php(295): mysqli->query('SELECT `paramet...', 0)
#1 C:\xampp\htdocs\gfp\system\Database\BaseConnection.php(691): CodeIgniter\Database\MySQLi\Connection->execute('SELECT `paramet...')
#2 C:\xampp\htdocs\gfp\system\Database\BaseConnection.php(605): CodeIgniter\Database\BaseConnection->simpleQuery('SELECT `paramet...')
#3 C:\xampp\htdocs\gfp\system\Database\BaseBuilder.php(1616): CodeIgniter\Database\BaseConnection->query('SELECT `paramet...', Array, false)
#4 C:\xampp\htdocs\gfp\system\Model.php(241): CodeIgniter\Database\BaseBuilder->get()
#5 C:\xampp\htdocs\gfp\system\BaseModel.php(618): CodeIgniter\Model->doFindAll(0, 0)
#6 C:\xampp\htdocs\gfp\app\Models\ParamentrosModel.php(89): CodeIgniter\BaseModel->findAll()
#7 C:\xampp\htdocs\gfp\app\Controllers\Movimiento.php(45): App\Models\ParamentrosModel->ParametrosMovimientos()
#8 C:\xampp\htdocs\gfp\system\CodeIgniter.php(934): App\Controllers\Movimiento->index()
#9 C:\xampp\htdocs\gfp\system\CodeIgniter.php(499): CodeIgniter\CodeIgniter->runController(Object(App\Controllers\Movimiento))
#10 C:\xampp\htdocs\gfp\system\CodeIgniter.php(368): CodeIgniter\CodeIgniter->handleRequest(NULL, Object(Config\Cache), false)
#11 C:\xampp\htdocs\gfp\public\index.php(67): CodeIgniter\CodeIgniter->run()
#12 {main}
CRITICAL - 2023-06-07 01:12:26 --> Unknown column 'parametros_enc.estado' in 'where clause'
in SYSTEMPATH\Database\MySQLi\Connection.php on line 295.
 1 SYSTEMPATH\Database\MySQLi\Connection.php(295): mysqli->query('SELECT `parametros_det`.*
FROM `parametros_det`
WHERE `parametros_det`.`estado` = \'A\'
AND `parametros_enc`.`estado` = \'A\'
AND `parametros_det`.`id_parametro_enc` IN (7,8)', 0)
 2 SYSTEMPATH\Database\BaseConnection.php(691): CodeIgniter\Database\MySQLi\Connection->execute('SELECT `parametros_det`.*
FROM `parametros_det`
WHERE `parametros_det`.`estado` = \'A\'
AND `parametros_enc`.`estado` = \'A\'
AND `parametros_det`.`id_parametro_enc` IN (7,8)')
 3 SYSTEMPATH\Database\BaseConnection.php(605): CodeIgniter\Database\BaseConnection->simpleQuery('SELECT `parametros_det`.*
FROM `parametros_det`
WHERE `parametros_det`.`estado` = \'A\'
AND `parametros_enc`.`estado` = \'A\'
AND `parametros_det`.`id_parametro_enc` IN (7,8)')
 4 SYSTEMPATH\Database\BaseBuilder.php(1616): CodeIgniter\Database\BaseConnection->query('SELECT `parametros_det`.*
FROM `parametros_det`
WHERE `parametros_det`.`estado` = :parametros_det.estado:
AND `parametros_enc`.`estado` = :parametros_enc.estado:
AND `parametros_det`.`id_parametro_enc` IN :parametros_det.id_parametro_enc:', [...], false)
 5 SYSTEMPATH\Model.php(241): CodeIgniter\Database\BaseBuilder->get()
 6 SYSTEMPATH\BaseModel.php(618): CodeIgniter\Model->doFindAll(0, 0)
 7 APPPATH\Models\ParamentrosModel.php(89): CodeIgniter\BaseModel->findAll()
 8 APPPATH\Controllers\Movimiento.php(45): App\Models\ParamentrosModel->ParametrosMovimientos()
 9 SYSTEMPATH\CodeIgniter.php(934): App\Controllers\Movimiento->index()
10 SYSTEMPATH\CodeIgniter.php(499): CodeIgniter\CodeIgniter->runController(Object(App\Controllers\Movimiento))
11 SYSTEMPATH\CodeIgniter.php(368): CodeIgniter\CodeIgniter->handleRequest(null, Object(Config\Cache), false)
12 FCPATH\index.php(67): CodeIgniter\CodeIgniter->run()
INFO - 2023-06-07 01:12:58 --> Session: Class initialized using 'CodeIgniter\Session\Handlers\FileHandler' driver.
INFO - 2023-06-07 01:13:57 --> Session: Class initialized using 'CodeIgniter\Session\Handlers\FileHandler' driver.
INFO - 2023-06-07 01:14:00 --> Session: Class initialized using 'CodeIgniter\Session\Handlers\FileHandler' driver.
INFO - 2023-06-07 01:14:18 --> Session: Class initialized using 'CodeIgniter\Session\Handlers\FileHandler' driver.
INFO - 2023-06-07 01:16:34 --> Session: Class initialized using 'CodeIgniter\Session\Handlers\FileHandler' driver.
ERROR - 2023-06-07 01:16:34 --> mysqli_sql_exception: Illegal parameter data types smallint and row for operation '=' in C:\xampp\htdocs\gfp\system\Database\MySQLi\Connection.php:295
Stack trace:
#0 C:\xampp\htdocs\gfp\system\Database\MySQLi\Connection.php(295): mysqli->query('SELECT `paramet...', 0)
#1 C:\xampp\htdocs\gfp\system\Database\BaseConnection.php(691): CodeIgniter\Database\MySQLi\Connection->execute('SELECT `paramet...')
#2 C:\xampp\htdocs\gfp\system\Database\BaseConnection.php(605): CodeIgniter\Database\BaseConnection->simpleQuery('SELECT `paramet...')
#3 C:\xampp\htdocs\gfp\system\Database\BaseBuilder.php(1616): CodeIgniter\Database\BaseConnection->query('SELECT `paramet...', Array, false)
#4 C:\xampp\htdocs\gfp\system\Model.php(241): CodeIgniter\Database\BaseBuilder->get()
#5 C:\xampp\htdocs\gfp\system\BaseModel.php(618): CodeIgniter\Model->doFindAll(0, 0)
#6 C:\xampp\htdocs\gfp\app\Models\Encab_ParametrosModel.php(31): CodeIgniter\BaseModel->findAll()
#7 C:\xampp\htdocs\gfp\app\Controllers\Movimiento.php(47): App\Models\Encab_ParametrosModel->traerDatos()
#8 C:\xampp\htdocs\gfp\system\CodeIgniter.php(934): App\Controllers\Movimiento->index()
#9 C:\xampp\htdocs\gfp\system\CodeIgniter.php(499): CodeIgniter\CodeIgniter->runController(Object(App\Controllers\Movimiento))
#10 C:\xampp\htdocs\gfp\system\CodeIgniter.php(368): CodeIgniter\CodeIgniter->handleRequest(NULL, Object(Config\Cache), false)
#11 C:\xampp\htdocs\gfp\public\index.php(67): CodeIgniter\CodeIgniter->run()
#12 {main}
CRITICAL - 2023-06-07 01:16:34 --> Illegal parameter data types smallint and row for operation '='
in SYSTEMPATH\Database\MySQLi\Connection.php on line 295.
 1 SYSTEMPATH\Database\MySQLi\Connection.php(295): mysqli->query('SELECT `parametros_enc`.`id_parametro_enc`, `nombre`
FROM `parametros_enc`
WHERE `estado` = \'A\'
AND `id_parametro_enc` = (7,8,9)', 0)
 2 SYSTEMPATH\Database\BaseConnection.php(691): CodeIgniter\Database\MySQLi\Connection->execute('SELECT `parametros_enc`.`id_parametro_enc`, `nombre`
FROM `parametros_enc`
WHERE `estado` = \'A\'
AND `id_parametro_enc` = (7,8,9)')
 3 SYSTEMPATH\Database\BaseConnection.php(605): CodeIgniter\Database\BaseConnection->simpleQuery('SELECT `parametros_enc`.`id_parametro_enc`, `nombre`
FROM `parametros_enc`
WHERE `estado` = \'A\'
AND `id_parametro_enc` = (7,8,9)')
 4 SYSTEMPATH\Database\BaseBuilder.php(1616): CodeIgniter\Database\BaseConnection->query('SELECT `parametros_enc`.`id_parametro_enc`, `nombre`
FROM `parametros_enc`
WHERE `estado` = :estado:
AND `id_parametro_enc` = :id_parametro_enc:', [...], false)
 5 SYSTEMPATH\Model.php(241): CodeIgniter\Database\BaseBuilder->get()
 6 SYSTEMPATH\BaseModel.php(618): CodeIgniter\Model->doFindAll(0, 0)
 7 APPPATH\Models\Encab_ParametrosModel.php(31): CodeIgniter\BaseModel->findAll()
 8 APPPATH\Controllers\Movimiento.php(47): App\Models\Encab_ParametrosModel->traerDatos()
 9 SYSTEMPATH\CodeIgniter.php(934): App\Controllers\Movimiento->index()
10 SYSTEMPATH\CodeIgniter.php(499): CodeIgniter\CodeIgniter->runController(Object(App\Controllers\Movimiento))
11 SYSTEMPATH\CodeIgniter.php(368): CodeIgniter\CodeIgniter->handleRequest(null, Object(Config\Cache), false)
12 FCPATH\index.php(67): CodeIgniter\CodeIgniter->run()
INFO - 2023-06-07 01:16:43 --> Session: Class initialized using 'CodeIgniter\Session\Handlers\FileHandler' driver.
INFO - 2023-06-07 01:41:05 --> Session: Class initialized using 'CodeIgniter\Session\Handlers\FileHandler' driver.
CRITICAL - 2023-06-07 01:41:05 --> Too few arguments to function App\Models\ParamentrosModel::ParametrosMovimientos(), 0 passed in C:\xampp\htdocs\gfp\app\Controllers\Movimiento.php on line 45 and exactly 1 expected
in APPPATH\Models\ParamentrosModel.php on line 94.
 1 APPPATH\Controllers\Movimiento.php(45): App\Models\ParamentrosModel->ParametrosMovimientos()
 2 SYSTEMPATH\CodeIgniter.php(934): App\Controllers\Movimiento->index()
 3 SYSTEMPATH\CodeIgniter.php(499): CodeIgniter\CodeIgniter->runController(Object(App\Controllers\Movimiento))
 4 SYSTEMPATH\CodeIgniter.php(368): CodeIgniter\CodeIgniter->handleRequest(null, Object(Config\Cache), false)
 5 FCPATH\index.php(67): CodeIgniter\CodeIgniter->run()
INFO - 2023-06-07 01:44:08 --> Session: Class initialized using 'CodeIgniter\Session\Handlers\FileHandler' driver.
CRITICAL - 2023-06-07 01:44:08 --> Call to undefined function App\Controllers\obtener_registros()
in APPPATH\Controllers\Movimiento.php on line 45.
 1 SYSTEMPATH\CodeIgniter.php(934): App\Controllers\Movimiento->index()
 2 SYSTEMPATH\CodeIgniter.php(499): CodeIgniter\CodeIgniter->runController(Object(App\Controllers\Movimiento))
 3 SYSTEMPATH\CodeIgniter.php(368): CodeIgniter\CodeIgniter->handleRequest(null, Object(Config\Cache), false)
 4 FCPATH\index.php(67): CodeIgniter\CodeIgniter->run()
INFO - 2023-06-07 01:46:12 --> Session: Class initialized using 'CodeIgniter\Session\Handlers\FileHandler' driver.
CRITICAL - 2023-06-07 01:46:12 --> Too few arguments to function App\Models\ParamentrosModel::ParametrosMovimientos(), 0 passed in C:\xampp\htdocs\gfp\app\Controllers\Movimiento.php on line 45 and exactly 1 expected
in APPPATH\Models\ParamentrosModel.php on line 94.
 1 APPPATH\Controllers\Movimiento.php(45): App\Models\ParamentrosModel->ParametrosMovimientos()
 2 SYSTEMPATH\CodeIgniter.php(934): App\Controllers\Movimiento->index()
 3 SYSTEMPATH\CodeIgniter.php(499): CodeIgniter\CodeIgniter->runController(Object(App\Controllers\Movimiento))
 4 SYSTEMPATH\CodeIgniter.php(368): CodeIgniter\CodeIgniter->handleRequest(null, Object(Config\Cache), false)
 5 FCPATH\index.php(67): CodeIgniter\CodeIgniter->run()
INFO - 2023-06-07 01:46:47 --> Session: Class initialized using 'CodeIgniter\Session\Handlers\FileHandler' driver.
CRITICAL - 2023-06-07 01:46:47 --> Undefined variable $id_parametro_enc
in APPPATH\Models\ParamentrosModel.php on line 100.
 1 APPPATH\Models\ParamentrosModel.php(100): CodeIgniter\Debug\Exceptions->errorHandler(2, 'Undefined variable $id_parametro_enc', 'C:\\xampp\\htdocs\\gfp\\app\\Models\\ParamentrosModel.php', 100)
 2 APPPATH\Controllers\Movimiento.php(45): App\Models\ParamentrosModel->ParametrosMovimientos()
 3 SYSTEMPATH\CodeIgniter.php(934): App\Controllers\Movimiento->index()
 4 SYSTEMPATH\CodeIgniter.php(499): CodeIgniter\CodeIgniter->runController(Object(App\Controllers\Movimiento))
 5 SYSTEMPATH\CodeIgniter.php(368): CodeIgniter\CodeIgniter->handleRequest(null, Object(Config\Cache), false)
 6 FCPATH\index.php(67): CodeIgniter\CodeIgniter->run()
INFO - 2023-06-07 01:52:04 --> Session: Class initialized using 'CodeIgniter\Session\Handlers\FileHandler' driver.
CRITICAL - 2023-06-07 01:52:04 --> Too few arguments to function App\Models\ParamentrosModel::ParametrosMovimientos(), 0 passed in C:\xampp\htdocs\gfp\app\Controllers\Movimiento.php on line 45 and exactly 1 expected
in APPPATH\Models\ParamentrosModel.php on line 94.
 1 APPPATH\Controllers\Movimiento.php(45): App\Models\ParamentrosModel->ParametrosMovimientos()
 2 SYSTEMPATH\CodeIgniter.php(934): App\Controllers\Movimiento->index()
 3 SYSTEMPATH\CodeIgniter.php(499): CodeIgniter\CodeIgniter->runController(Object(App\Controllers\Movimiento))
 4 SYSTEMPATH\CodeIgniter.php(368): CodeIgniter\CodeIgniter->handleRequest(null, Object(Config\Cache), false)
 5 FCPATH\index.php(67): CodeIgniter\CodeIgniter->run()
INFO - 2023-06-07 01:54:22 --> Session: Class initialized using 'CodeIgniter\Session\Handlers\FileHandler' driver.
CRITICAL - 2023-06-07 01:54:22 --> Undefined variable $parametro
in APPPATH\Controllers\Movimiento.php on line 55.
 1 APPPATH\Controllers\Movimiento.php(55): CodeIgniter\Debug\Exceptions->errorHandler(2, 'Undefined variable $parametro', 'C:\\xampp\\htdocs\\gfp\\app\\Controllers\\Movimiento.php', 55)
 2 SYSTEMPATH\CodeIgniter.php(934): App\Controllers\Movimiento->index()
 3 SYSTEMPATH\CodeIgniter.php(499): CodeIgniter\CodeIgniter->runController(Object(App\Controllers\Movimiento))
 4 SYSTEMPATH\CodeIgniter.php(368): CodeIgniter\CodeIgniter->handleRequest(null, Object(Config\Cache), false)
 5 FCPATH\index.php(67): CodeIgniter\CodeIgniter->run()
INFO - 2023-06-07 01:54:29 --> Session: Class initialized using 'CodeIgniter\Session\Handlers\FileHandler' driver.
CRITICAL - 2023-06-07 01:54:29 --> Undefined variable $parametros
in APPPATH\Views\gfp\registro\movimientos.php on line 92.
 1 APPPATH\Views\gfp\registro\movimientos.php(92): CodeIgniter\Debug\Exceptions->errorHandler(2, 'Undefined variable $parametros', 'C:\\xampp\\htdocs\\gfp\\app\\Views\\gfp\\registro\\movimientos.php', 92)
 2 SYSTEMPATH\View\View.php(213): include('C:\\xampp\\htdocs\\gfp\\app\\Views\\gfp\\registro\\movimientos.php')
 3 SYSTEMPATH\View\View.php(216): CodeIgniter\View\View->CodeIgniter\View\{closure}()
 4 SYSTEMPATH\Common.php(1184): CodeIgniter\View\View->render('gfp/registro/movimientos', [], true)
 5 APPPATH\Controllers\Movimiento.php(49): view('gfp/registro/movimientos', [...])
 6 SYSTEMPATH\CodeIgniter.php(934): App\Controllers\Movimiento->index()
 7 SYSTEMPATH\CodeIgniter.php(499): CodeIgniter\CodeIgniter->runController(Object(App\Controllers\Movimiento))
 8 SYSTEMPATH\CodeIgniter.php(368): CodeIgniter\CodeIgniter->handleRequest(null, Object(Config\Cache), false)
 9 FCPATH\index.php(67): CodeIgniter\CodeIgniter->run()
INFO - 2023-06-07 01:54:41 --> Session: Class initialized using 'CodeIgniter\Session\Handlers\FileHandler' driver.
CRITICAL - 2023-06-07 01:54:41 --> Too few arguments to function App\Models\ParamentrosModel::ParametrosMovimientos(), 0 passed in C:\xampp\htdocs\gfp\app\Controllers\Movimiento.php on line 45 and exactly 1 expected
in APPPATH\Models\ParamentrosModel.php on line 94.
 1 APPPATH\Controllers\Movimiento.php(45): App\Models\ParamentrosModel->ParametrosMovimientos()
 2 SYSTEMPATH\CodeIgniter.php(934): App\Controllers\Movimiento->index()
 3 SYSTEMPATH\CodeIgniter.php(499): CodeIgniter\CodeIgniter->runController(Object(App\Controllers\Movimiento))
 4 SYSTEMPATH\CodeIgniter.php(368): CodeIgniter\CodeIgniter->handleRequest(null, Object(Config\Cache), false)
 5 FCPATH\index.php(67): CodeIgniter\CodeIgniter->run()
INFO - 2023-06-07 01:56:34 --> Session: Class initialized using 'CodeIgniter\Session\Handlers\FileHandler' driver.
CRITICAL - 2023-06-07 01:56:34 --> Too few arguments to function App\Models\ParamentrosModel::ParametrosMovimientos(), 0 passed in C:\xampp\htdocs\gfp\app\Controllers\Movimiento.php on line 54 and exactly 1 expected
in APPPATH\Models\ParamentrosModel.php on line 94.
 1 APPPATH\Controllers\Movimiento.php(54): App\Models\ParamentrosModel->ParametrosMovimientos()
 2 SYSTEMPATH\CodeIgniter.php(934): App\Controllers\Movimiento->index()
 3 SYSTEMPATH\CodeIgniter.php(499): CodeIgniter\CodeIgniter->runController(Object(App\Controllers\Movimiento))
 4 SYSTEMPATH\CodeIgniter.php(368): CodeIgniter\CodeIgniter->handleRequest(null, Object(Config\Cache), false)
 5 FCPATH\index.php(67): CodeIgniter\CodeIgniter->run()
INFO - 2023-06-07 01:56:53 --> Session: Class initialized using 'CodeIgniter\Session\Handlers\FileHandler' driver.
CRITICAL - 2023-06-07 01:56:53 --> Too few arguments to function App\Models\ParamentrosModel::ParametrosMovimientos(), 0 passed in C:\xampp\htdocs\gfp\app\Controllers\Movimiento.php on line 45 and exactly 1 expected
in APPPATH\Models\ParamentrosModel.php on line 94.
 1 APPPATH\Controllers\Movimiento.php(45): App\Models\ParamentrosModel->ParametrosMovimientos()
 2 SYSTEMPATH\CodeIgniter.php(934): App\Controllers\Movimiento->index()
 3 SYSTEMPATH\CodeIgniter.php(499): CodeIgniter\CodeIgniter->runController(Object(App\Controllers\Movimiento))
 4 SYSTEMPATH\CodeIgniter.php(368): CodeIgniter\CodeIgniter->handleRequest(null, Object(Config\Cache), false)
 5 FCPATH\index.php(67): CodeIgniter\CodeIgniter->run()
INFO - 2023-06-07 02:00:18 --> Session: Class initialized using 'CodeIgniter\Session\Handlers\FileHandler' driver.
CRITICAL - 2023-06-07 02:00:18 --> Too few arguments to function App\Models\ParamentrosModel::ParametrosMovimientos(), 0 passed in C:\xampp\htdocs\gfp\app\Controllers\Movimiento.php on line 45 and exactly 1 expected
in APPPATH\Models\ParamentrosModel.php on line 94.
 1 APPPATH\Controllers\Movimiento.php(45): App\Models\ParamentrosModel->ParametrosMovimientos()
 2 SYSTEMPATH\CodeIgniter.php(934): App\Controllers\Movimiento->index()
 3 SYSTEMPATH\CodeIgniter.php(499): CodeIgniter\CodeIgniter->runController(Object(App\Controllers\Movimiento))
 4 SYSTEMPATH\CodeIgniter.php(368): CodeIgniter\CodeIgniter->handleRequest(null, Object(Config\Cache), false)
 5 FCPATH\index.php(67): CodeIgniter\CodeIgniter->run()
INFO - 2023-06-07 02:00:19 --> Session: Class initialized using 'CodeIgniter\Session\Handlers\FileHandler' driver.
CRITICAL - 2023-06-07 02:00:19 --> Too few arguments to function App\Models\ParamentrosModel::ParametrosMovimientos(), 0 passed in C:\xampp\htdocs\gfp\app\Controllers\Movimiento.php on line 45 and exactly 1 expected
in APPPATH\Models\ParamentrosModel.php on line 94.
 1 APPPATH\Controllers\Movimiento.php(45): App\Models\ParamentrosModel->ParametrosMovimientos()
 2 SYSTEMPATH\CodeIgniter.php(934): App\Controllers\Movimiento->index()
 3 SYSTEMPATH\CodeIgniter.php(499): CodeIgniter\CodeIgniter->runController(Object(App\Controllers\Movimiento))
 4 SYSTEMPATH\CodeIgniter.php(368): CodeIgniter\CodeIgniter->handleRequest(null, Object(Config\Cache), false)
 5 FCPATH\index.php(67): CodeIgniter\CodeIgniter->run()
INFO - 2023-06-07 02:03:43 --> Session: Class initialized using 'CodeIgniter\Session\Handlers\FileHandler' driver.
CRITICAL - 2023-06-07 02:03:43 --> Too few arguments to function App\Models\ParamentrosModel::ParametrosMovimientos(), 0 passed in C:\xampp\htdocs\gfp\app\Controllers\Movimiento.php on line 45 and exactly 1 expected
in APPPATH\Models\ParamentrosModel.php on line 94.
 1 APPPATH\Controllers\Movimiento.php(45): App\Models\ParamentrosModel->ParametrosMovimientos()
 2 SYSTEMPATH\CodeIgniter.php(934): App\Controllers\Movimiento->index()
 3 SYSTEMPATH\CodeIgniter.php(499): CodeIgniter\CodeIgniter->runController(Object(App\Controllers\Movimiento))
 4 SYSTEMPATH\CodeIgniter.php(368): CodeIgniter\CodeIgniter->handleRequest(null, Object(Config\Cache), false)
 5 FCPATH\index.php(67): CodeIgniter\CodeIgniter->run()
INFO - 2023-06-07 02:03:44 --> Session: Class initialized using 'CodeIgniter\Session\Handlers\FileHandler' driver.
CRITICAL - 2023-06-07 02:03:44 --> Too few arguments to function App\Models\ParamentrosModel::ParametrosMovimientos(), 0 passed in C:\xampp\htdocs\gfp\app\Controllers\Movimiento.php on line 45 and exactly 1 expected
in APPPATH\Models\ParamentrosModel.php on line 94.
 1 APPPATH\Controllers\Movimiento.php(45): App\Models\ParamentrosModel->ParametrosMovimientos()
 2 SYSTEMPATH\CodeIgniter.php(934): App\Controllers\Movimiento->index()
 3 SYSTEMPATH\CodeIgniter.php(499): CodeIgniter\CodeIgniter->runController(Object(App\Controllers\Movimiento))
 4 SYSTEMPATH\CodeIgniter.php(368): CodeIgniter\CodeIgniter->handleRequest(null, Object(Config\Cache), false)
 5 FCPATH\index.php(67): CodeIgniter\CodeIgniter->run()
INFO - 2023-06-07 02:03:45 --> Session: Class initialized using 'CodeIgniter\Session\Handlers\FileHandler' driver.
CRITICAL - 2023-06-07 02:03:45 --> Too few arguments to function App\Models\ParamentrosModel::ParametrosMovimientos(), 0 passed in C:\xampp\htdocs\gfp\app\Controllers\Movimiento.php on line 45 and exactly 1 expected
in APPPATH\Models\ParamentrosModel.php on line 94.
 1 APPPATH\Controllers\Movimiento.php(45): App\Models\ParamentrosModel->ParametrosMovimientos()
 2 SYSTEMPATH\CodeIgniter.php(934): App\Controllers\Movimiento->index()
 3 SYSTEMPATH\CodeIgniter.php(499): CodeIgniter\CodeIgniter->runController(Object(App\Controllers\Movimiento))
 4 SYSTEMPATH\CodeIgniter.php(368): CodeIgniter\CodeIgniter->handleRequest(null, Object(Config\Cache), false)
 5 FCPATH\index.php(67): CodeIgniter\CodeIgniter->run()
INFO - 2023-06-07 02:04:46 --> Session: Class initialized using 'CodeIgniter\Session\Handlers\FileHandler' driver.
CRITICAL - 2023-06-07 02:04:46 --> Undefined variable $id_parametro_enc
in APPPATH\Controllers\Movimiento.php on line 45.
 1 APPPATH\Controllers\Movimiento.php(45): CodeIgniter\Debug\Exceptions->errorHandler(2, 'Undefined variable $id_parametro_enc', 'C:\\xampp\\htdocs\\gfp\\app\\Controllers\\Movimiento.php', 45)
 2 SYSTEMPATH\CodeIgniter.php(934): App\Controllers\Movimiento->index()
 3 SYSTEMPATH\CodeIgniter.php(499): CodeIgniter\CodeIgniter->runController(Object(App\Controllers\Movimiento))
 4 SYSTEMPATH\CodeIgniter.php(368): CodeIgniter\CodeIgniter->handleRequest(null, Object(Config\Cache), false)
 5 FCPATH\index.php(67): CodeIgniter\CodeIgniter->run()
INFO - 2023-06-07 02:05:28 --> Session: Class initialized using 'CodeIgniter\Session\Handlers\FileHandler' driver.
CRITICAL - 2023-06-07 02:05:28 --> Undefined variable $id_parametro_enc
in APPPATH\Controllers\Movimiento.php on line 45.
 1 APPPATH\Controllers\Movimiento.php(45): CodeIgniter\Debug\Exceptions->errorHandler(2, 'Undefined variable $id_parametro_enc', 'C:\\xampp\\htdocs\\gfp\\app\\Controllers\\Movimiento.php', 45)
 2 SYSTEMPATH\CodeIgniter.php(934): App\Controllers\Movimiento->index()
 3 SYSTEMPATH\CodeIgniter.php(499): CodeIgniter\CodeIgniter->runController(Object(App\Controllers\Movimiento))
 4 SYSTEMPATH\CodeIgniter.php(368): CodeIgniter\CodeIgniter->handleRequest(null, Object(Config\Cache), false)
 5 FCPATH\index.php(67): CodeIgniter\CodeIgniter->run()
INFO - 2023-06-07 02:05:29 --> Session: Class initialized using 'CodeIgniter\Session\Handlers\FileHandler' driver.
CRITICAL - 2023-06-07 02:05:29 --> Undefined variable $id_parametro_enc
in APPPATH\Controllers\Movimiento.php on line 45.
 1 APPPATH\Controllers\Movimiento.php(45): CodeIgniter\Debug\Exceptions->errorHandler(2, 'Undefined variable $id_parametro_enc', 'C:\\xampp\\htdocs\\gfp\\app\\Controllers\\Movimiento.php', 45)
 2 SYSTEMPATH\CodeIgniter.php(934): App\Controllers\Movimiento->index()
 3 SYSTEMPATH\CodeIgniter.php(499): CodeIgniter\CodeIgniter->runController(Object(App\Controllers\Movimiento))
 4 SYSTEMPATH\CodeIgniter.php(368): CodeIgniter\CodeIgniter->handleRequest(null, Object(Config\Cache), false)
 5 FCPATH\index.php(67): CodeIgniter\CodeIgniter->run()
INFO - 2023-06-07 02:05:30 --> Session: Class initialized using 'CodeIgniter\Session\Handlers\FileHandler' driver.
CRITICAL - 2023-06-07 02:05:30 --> Undefined variable $id_parametro_enc
in APPPATH\Controllers\Movimiento.php on line 45.
 1 APPPATH\Controllers\Movimiento.php(45): CodeIgniter\Debug\Exceptions->errorHandler(2, 'Undefined variable $id_parametro_enc', 'C:\\xampp\\htdocs\\gfp\\app\\Controllers\\Movimiento.php', 45)
 2 SYSTEMPATH\CodeIgniter.php(934): App\Controllers\Movimiento->index()
 3 SYSTEMPATH\CodeIgniter.php(499): CodeIgniter\CodeIgniter->runController(Object(App\Controllers\Movimiento))
 4 SYSTEMPATH\CodeIgniter.php(368): CodeIgniter\CodeIgniter->handleRequest(null, Object(Config\Cache), false)
 5 FCPATH\index.php(67): CodeIgniter\CodeIgniter->run()
INFO - 2023-06-07 02:05:30 --> Session: Class initialized using 'CodeIgniter\Session\Handlers\FileHandler' driver.
CRITICAL - 2023-06-07 02:05:30 --> Undefined variable $id_parametro_enc
in APPPATH\Controllers\Movimiento.php on line 45.
 1 APPPATH\Controllers\Movimiento.php(45): CodeIgniter\Debug\Exceptions->errorHandler(2, 'Undefined variable $id_parametro_enc', 'C:\\xampp\\htdocs\\gfp\\app\\Controllers\\Movimiento.php', 45)
 2 SYSTEMPATH\CodeIgniter.php(934): App\Controllers\Movimiento->index()
 3 SYSTEMPATH\CodeIgniter.php(499): CodeIgniter\CodeIgniter->runController(Object(App\Controllers\Movimiento))
 4 SYSTEMPATH\CodeIgniter.php(368): CodeIgniter\CodeIgniter->handleRequest(null, Object(Config\Cache), false)
 5 FCPATH\index.php(67): CodeIgniter\CodeIgniter->run()
INFO - 2023-06-07 02:06:21 --> Session: Class initialized using 'CodeIgniter\Session\Handlers\FileHandler' driver.
CRITICAL - 2023-06-07 02:06:21 --> Undefined variable $id_parametro_enc
in APPPATH\Controllers\Movimiento.php on line 45.
 1 APPPATH\Controllers\Movimiento.php(45): CodeIgniter\Debug\Exceptions->errorHandler(2, 'Undefined variable $id_parametro_enc', 'C:\\xampp\\htdocs\\gfp\\app\\Controllers\\Movimiento.php', 45)
 2 SYSTEMPATH\CodeIgniter.php(934): App\Controllers\Movimiento->index()
 3 SYSTEMPATH\CodeIgniter.php(499): CodeIgniter\CodeIgniter->runController(Object(App\Controllers\Movimiento))
 4 SYSTEMPATH\CodeIgniter.php(368): CodeIgniter\CodeIgniter->handleRequest(null, Object(Config\Cache), false)
 5 FCPATH\index.php(67): CodeIgniter\CodeIgniter->run()
INFO - 2023-06-07 02:06:22 --> Session: Class initialized using 'CodeIgniter\Session\Handlers\FileHandler' driver.
CRITICAL - 2023-06-07 02:06:22 --> Undefined variable $id_parametro_enc
in APPPATH\Controllers\Movimiento.php on line 45.
 1 APPPATH\Controllers\Movimiento.php(45): CodeIgniter\Debug\Exceptions->errorHandler(2, 'Undefined variable $id_parametro_enc', 'C:\\xampp\\htdocs\\gfp\\app\\Controllers\\Movimiento.php', 45)
 2 SYSTEMPATH\CodeIgniter.php(934): App\Controllers\Movimiento->index()
 3 SYSTEMPATH\CodeIgniter.php(499): CodeIgniter\CodeIgniter->runController(Object(App\Controllers\Movimiento))
 4 SYSTEMPATH\CodeIgniter.php(368): CodeIgniter\CodeIgniter->handleRequest(null, Object(Config\Cache), false)
 5 FCPATH\index.php(67): CodeIgniter\CodeIgniter->run()
INFO - 2023-06-07 02:06:22 --> Session: Class initialized using 'CodeIgniter\Session\Handlers\FileHandler' driver.
CRITICAL - 2023-06-07 02:06:22 --> Undefined variable $id_parametro_enc
in APPPATH\Controllers\Movimiento.php on line 45.
 1 APPPATH\Controllers\Movimiento.php(45): CodeIgniter\Debug\Exceptions->errorHandler(2, 'Undefined variable $id_parametro_enc', 'C:\\xampp\\htdocs\\gfp\\app\\Controllers\\Movimiento.php', 45)
 2 SYSTEMPATH\CodeIgniter.php(934): App\Controllers\Movimiento->index()
 3 SYSTEMPATH\CodeIgniter.php(499): CodeIgniter\CodeIgniter->runController(Object(App\Controllers\Movimiento))
 4 SYSTEMPATH\CodeIgniter.php(368): CodeIgniter\CodeIgniter->handleRequest(null, Object(Config\Cache), false)
 5 FCPATH\index.php(67): CodeIgniter\CodeIgniter->run()
INFO - 2023-06-07 02:06:22 --> Session: Class initialized using 'CodeIgniter\Session\Handlers\FileHandler' driver.
CRITICAL - 2023-06-07 02:06:22 --> Undefined variable $id_parametro_enc
in APPPATH\Controllers\Movimiento.php on line 45.
 1 APPPATH\Controllers\Movimiento.php(45): CodeIgniter\Debug\Exceptions->errorHandler(2, 'Undefined variable $id_parametro_enc', 'C:\\xampp\\htdocs\\gfp\\app\\Controllers\\Movimiento.php', 45)
 2 SYSTEMPATH\CodeIgniter.php(934): App\Controllers\Movimiento->index()
 3 SYSTEMPATH\CodeIgniter.php(499): CodeIgniter\CodeIgniter->runController(Object(App\Controllers\Movimiento))
 4 SYSTEMPATH\CodeIgniter.php(368): CodeIgniter\CodeIgniter->handleRequest(null, Object(Config\Cache), false)
 5 FCPATH\index.php(67): CodeIgniter\CodeIgniter->run()
INFO - 2023-06-07 02:06:22 --> Session: Class initialized using 'CodeIgniter\Session\Handlers\FileHandler' driver.
CRITICAL - 2023-06-07 02:06:22 --> Undefined variable $id_parametro_enc
in APPPATH\Controllers\Movimiento.php on line 45.
 1 APPPATH\Controllers\Movimiento.php(45): CodeIgniter\Debug\Exceptions->errorHandler(2, 'Undefined variable $id_parametro_enc', 'C:\\xampp\\htdocs\\gfp\\app\\Controllers\\Movimiento.php', 45)
 2 SYSTEMPATH\CodeIgniter.php(934): App\Controllers\Movimiento->index()
 3 SYSTEMPATH\CodeIgniter.php(499): CodeIgniter\CodeIgniter->runController(Object(App\Controllers\Movimiento))
 4 SYSTEMPATH\CodeIgniter.php(368): CodeIgniter\CodeIgniter->handleRequest(null, Object(Config\Cache), false)
 5 FCPATH\index.php(67): CodeIgniter\CodeIgniter->run()
INFO - 2023-06-07 02:06:22 --> Session: Class initialized using 'CodeIgniter\Session\Handlers\FileHandler' driver.
CRITICAL - 2023-06-07 02:06:23 --> Undefined variable $id_parametro_enc
in APPPATH\Controllers\Movimiento.php on line 45.
 1 APPPATH\Controllers\Movimiento.php(45): CodeIgniter\Debug\Exceptions->errorHandler(2, 'Undefined variable $id_parametro_enc', 'C:\\xampp\\htdocs\\gfp\\app\\Controllers\\Movimiento.php', 45)
 2 SYSTEMPATH\CodeIgniter.php(934): App\Controllers\Movimiento->index()
 3 SYSTEMPATH\CodeIgniter.php(499): CodeIgniter\CodeIgniter->runController(Object(App\Controllers\Movimiento))
 4 SYSTEMPATH\CodeIgniter.php(368): CodeIgniter\CodeIgniter->handleRequest(null, Object(Config\Cache), false)
 5 FCPATH\index.php(67): CodeIgniter\CodeIgniter->run()
INFO - 2023-06-07 02:06:23 --> Session: Class initialized using 'CodeIgniter\Session\Handlers\FileHandler' driver.
CRITICAL - 2023-06-07 02:06:23 --> Undefined variable $id_parametro_enc
in APPPATH\Controllers\Movimiento.php on line 45.
 1 APPPATH\Controllers\Movimiento.php(45): CodeIgniter\Debug\Exceptions->errorHandler(2, 'Undefined variable $id_parametro_enc', 'C:\\xampp\\htdocs\\gfp\\app\\Controllers\\Movimiento.php', 45)
 2 SYSTEMPATH\CodeIgniter.php(934): App\Controllers\Movimiento->index()
 3 SYSTEMPATH\CodeIgniter.php(499): CodeIgniter\CodeIgniter->runController(Object(App\Controllers\Movimiento))
 4 SYSTEMPATH\CodeIgniter.php(368): CodeIgniter\CodeIgniter->handleRequest(null, Object(Config\Cache), false)
 5 FCPATH\index.php(67): CodeIgniter\CodeIgniter->run()
INFO - 2023-06-07 02:06:23 --> Session: Class initialized using 'CodeIgniter\Session\Handlers\FileHandler' driver.
CRITICAL - 2023-06-07 02:06:23 --> Undefined variable $id_parametro_enc
in APPPATH\Controllers\Movimiento.php on line 45.
 1 APPPATH\Controllers\Movimiento.php(45): CodeIgniter\Debug\Exceptions->errorHandler(2, 'Undefined variable $id_parametro_enc', 'C:\\xampp\\htdocs\\gfp\\app\\Controllers\\Movimiento.php', 45)
 2 SYSTEMPATH\CodeIgniter.php(934): App\Controllers\Movimiento->index()
 3 SYSTEMPATH\CodeIgniter.php(499): CodeIgniter\CodeIgniter->runController(Object(App\Controllers\Movimiento))
 4 SYSTEMPATH\CodeIgniter.php(368): CodeIgniter\CodeIgniter->handleRequest(null, Object(Config\Cache), false)
 5 FCPATH\index.php(67): CodeIgniter\CodeIgniter->run()
INFO - 2023-06-07 02:06:23 --> Session: Class initialized using 'CodeIgniter\Session\Handlers\FileHandler' driver.
CRITICAL - 2023-06-07 02:06:23 --> Undefined variable $id_parametro_enc
in APPPATH\Controllers\Movimiento.php on line 45.
 1 APPPATH\Controllers\Movimiento.php(45): CodeIgniter\Debug\Exceptions->errorHandler(2, 'Undefined variable $id_parametro_enc', 'C:\\xampp\\htdocs\\gfp\\app\\Controllers\\Movimiento.php', 45)
 2 SYSTEMPATH\CodeIgniter.php(934): App\Controllers\Movimiento->index()
 3 SYSTEMPATH\CodeIgniter.php(499): CodeIgniter\CodeIgniter->runController(Object(App\Controllers\Movimiento))
 4 SYSTEMPATH\CodeIgniter.php(368): CodeIgniter\CodeIgniter->handleRequest(null, Object(Config\Cache), false)
 5 FCPATH\index.php(67): CodeIgniter\CodeIgniter->run()
INFO - 2023-06-07 02:07:47 --> Session: Class initialized using 'CodeIgniter\Session\Handlers\FileHandler' driver.
CRITICAL - 2023-06-07 02:07:47 --> Undefined variable $id_parametro_enc
in APPPATH\Controllers\Movimiento.php on line 45.
 1 APPPATH\Controllers\Movimiento.php(45): CodeIgniter\Debug\Exceptions->errorHandler(2, 'Undefined variable $id_parametro_enc', 'C:\\xampp\\htdocs\\gfp\\app\\Controllers\\Movimiento.php', 45)
 2 SYSTEMPATH\CodeIgniter.php(934): App\Controllers\Movimiento->index()
 3 SYSTEMPATH\CodeIgniter.php(499): CodeIgniter\CodeIgniter->runController(Object(App\Controllers\Movimiento))
 4 SYSTEMPATH\CodeIgniter.php(368): CodeIgniter\CodeIgniter->handleRequest(null, Object(Config\Cache), false)
 5 FCPATH\index.php(67): CodeIgniter\CodeIgniter->run()
INFO - 2023-06-07 02:07:48 --> Session: Class initialized using 'CodeIgniter\Session\Handlers\FileHandler' driver.
CRITICAL - 2023-06-07 02:07:48 --> Undefined variable $id_parametro_enc
in APPPATH\Controllers\Movimiento.php on line 45.
 1 APPPATH\Controllers\Movimiento.php(45): CodeIgniter\Debug\Exceptions->errorHandler(2, 'Undefined variable $id_parametro_enc', 'C:\\xampp\\htdocs\\gfp\\app\\Controllers\\Movimiento.php', 45)
 2 SYSTEMPATH\CodeIgniter.php(934): App\Controllers\Movimiento->index()
 3 SYSTEMPATH\CodeIgniter.php(499): CodeIgniter\CodeIgniter->runController(Object(App\Controllers\Movimiento))
 4 SYSTEMPATH\CodeIgniter.php(368): CodeIgniter\CodeIgniter->handleRequest(null, Object(Config\Cache), false)
 5 FCPATH\index.php(67): CodeIgniter\CodeIgniter->run()
INFO - 2023-06-07 02:07:57 --> Session: Class initialized using 'CodeIgniter\Session\Handlers\FileHandler' driver.
CRITICAL - 2023-06-07 02:07:57 --> Too few arguments to function App\Models\ParamentrosModel::ParametrosMovimientos(), 0 passed in C:\xampp\htdocs\gfp\app\Controllers\Movimiento.php on line 45 and exactly 1 expected
in APPPATH\Models\ParamentrosModel.php on line 94.
 1 APPPATH\Controllers\Movimiento.php(45): App\Models\ParamentrosModel->ParametrosMovimientos()
 2 SYSTEMPATH\CodeIgniter.php(934): App\Controllers\Movimiento->index()
 3 SYSTEMPATH\CodeIgniter.php(499): CodeIgniter\CodeIgniter->runController(Object(App\Controllers\Movimiento))
 4 SYSTEMPATH\CodeIgniter.php(368): CodeIgniter\CodeIgniter->handleRequest(null, Object(Config\Cache), false)
 5 FCPATH\index.php(67): CodeIgniter\CodeIgniter->run()
INFO - 2023-06-07 02:08:25 --> Session: Class initialized using 'CodeIgniter\Session\Handlers\FileHandler' driver.
CRITICAL - 2023-06-07 02:08:25 --> Undefined variable $id_parametro_enc
in APPPATH\Controllers\Movimiento.php on line 45.
 1 APPPATH\Controllers\Movimiento.php(45): CodeIgniter\Debug\Exceptions->errorHandler(2, 'Undefined variable $id_parametro_enc', 'C:\\xampp\\htdocs\\gfp\\app\\Controllers\\Movimiento.php', 45)
 2 SYSTEMPATH\CodeIgniter.php(934): App\Controllers\Movimiento->index()
 3 SYSTEMPATH\CodeIgniter.php(499): CodeIgniter\CodeIgniter->runController(Object(App\Controllers\Movimiento))
 4 SYSTEMPATH\CodeIgniter.php(368): CodeIgniter\CodeIgniter->handleRequest(null, Object(Config\Cache), false)
 5 FCPATH\index.php(67): CodeIgniter\CodeIgniter->run()
INFO - 2023-06-07 02:09:56 --> Session: Class initialized using 'CodeIgniter\Session\Handlers\FileHandler' driver.
CRITICAL - 2023-06-07 02:09:56 --> Too few arguments to function App\Models\ParamentrosModel::ParametrosMovimientos(), 0 passed in C:\xampp\htdocs\gfp\app\Controllers\Movimiento.php on line 45 and exactly 1 expected
in APPPATH\Models\ParamentrosModel.php on line 94.
 1 APPPATH\Controllers\Movimiento.php(45): App\Models\ParamentrosModel->ParametrosMovimientos()
 2 SYSTEMPATH\CodeIgniter.php(934): App\Controllers\Movimiento->index()
 3 SYSTEMPATH\CodeIgniter.php(499): CodeIgniter\CodeIgniter->runController(Object(App\Controllers\Movimiento))
 4 SYSTEMPATH\CodeIgniter.php(368): CodeIgniter\CodeIgniter->handleRequest(null, Object(Config\Cache), false)
 5 FCPATH\index.php(67): CodeIgniter\CodeIgniter->run()
INFO - 2023-06-07 02:10:58 --> Session: Class initialized using 'CodeIgniter\Session\Handlers\FileHandler' driver.
CRITICAL - 2023-06-07 02:10:58 --> Too few arguments to function App\Models\ParamentrosModel::ParametrosMovimientos(), 0 passed in C:\xampp\htdocs\gfp\app\Controllers\Movimiento.php on line 45 and exactly 1 expected
in APPPATH\Models\ParamentrosModel.php on line 94.
 1 APPPATH\Controllers\Movimiento.php(45): App\Models\ParamentrosModel->ParametrosMovimientos()
 2 SYSTEMPATH\CodeIgniter.php(934): App\Controllers\Movimiento->index()
 3 SYSTEMPATH\CodeIgniter.php(499): CodeIgniter\CodeIgniter->runController(Object(App\Controllers\Movimiento))
 4 SYSTEMPATH\CodeIgniter.php(368): CodeIgniter\CodeIgniter->handleRequest(null, Object(Config\Cache), false)
 5 FCPATH\index.php(67): CodeIgniter\CodeIgniter->run()
INFO - 2023-06-07 02:10:59 --> Session: Class initialized using 'CodeIgniter\Session\Handlers\FileHandler' driver.
CRITICAL - 2023-06-07 02:10:59 --> Too few arguments to function App\Models\ParamentrosModel::ParametrosMovimientos(), 0 passed in C:\xampp\htdocs\gfp\app\Controllers\Movimiento.php on line 45 and exactly 1 expected
in APPPATH\Models\ParamentrosModel.php on line 94.
 1 APPPATH\Controllers\Movimiento.php(45): App\Models\ParamentrosModel->ParametrosMovimientos()
 2 SYSTEMPATH\CodeIgniter.php(934): App\Controllers\Movimiento->index()
 3 SYSTEMPATH\CodeIgniter.php(499): CodeIgniter\CodeIgniter->runController(Object(App\Controllers\Movimiento))
 4 SYSTEMPATH\CodeIgniter.php(368): CodeIgniter\CodeIgniter->handleRequest(null, Object(Config\Cache), false)
 5 FCPATH\index.php(67): CodeIgniter\CodeIgniter->run()
INFO - 2023-06-07 02:10:59 --> Session: Class initialized using 'CodeIgniter\Session\Handlers\FileHandler' driver.
CRITICAL - 2023-06-07 02:11:00 --> Too few arguments to function App\Models\ParamentrosModel::ParametrosMovimientos(), 0 passed in C:\xampp\htdocs\gfp\app\Controllers\Movimiento.php on line 45 and exactly 1 expected
in APPPATH\Models\ParamentrosModel.php on line 94.
 1 APPPATH\Controllers\Movimiento.php(45): App\Models\ParamentrosModel->ParametrosMovimientos()
 2 SYSTEMPATH\CodeIgniter.php(934): App\Controllers\Movimiento->index()
 3 SYSTEMPATH\CodeIgniter.php(499): CodeIgniter\CodeIgniter->runController(Object(App\Controllers\Movimiento))
 4 SYSTEMPATH\CodeIgniter.php(368): CodeIgniter\CodeIgniter->handleRequest(null, Object(Config\Cache), false)
 5 FCPATH\index.php(67): CodeIgniter\CodeIgniter->run()
INFO - 2023-06-07 02:11:00 --> Session: Class initialized using 'CodeIgniter\Session\Handlers\FileHandler' driver.
CRITICAL - 2023-06-07 02:11:00 --> Too few arguments to function App\Models\ParamentrosModel::ParametrosMovimientos(), 0 passed in C:\xampp\htdocs\gfp\app\Controllers\Movimiento.php on line 45 and exactly 1 expected
in APPPATH\Models\ParamentrosModel.php on line 94.
 1 APPPATH\Controllers\Movimiento.php(45): App\Models\ParamentrosModel->ParametrosMovimientos()
 2 SYSTEMPATH\CodeIgniter.php(934): App\Controllers\Movimiento->index()
 3 SYSTEMPATH\CodeIgniter.php(499): CodeIgniter\CodeIgniter->runController(Object(App\Controllers\Movimiento))
 4 SYSTEMPATH\CodeIgniter.php(368): CodeIgniter\CodeIgniter->handleRequest(null, Object(Config\Cache), false)
 5 FCPATH\index.php(67): CodeIgniter\CodeIgniter->run()
INFO - 2023-06-07 02:11:00 --> Session: Class initialized using 'CodeIgniter\Session\Handlers\FileHandler' driver.
CRITICAL - 2023-06-07 02:11:00 --> Too few arguments to function App\Models\ParamentrosModel::ParametrosMovimientos(), 0 passed in C:\xampp\htdocs\gfp\app\Controllers\Movimiento.php on line 45 and exactly 1 expected
in APPPATH\Models\ParamentrosModel.php on line 94.
 1 APPPATH\Controllers\Movimiento.php(45): App\Models\ParamentrosModel->ParametrosMovimientos()
 2 SYSTEMPATH\CodeIgniter.php(934): App\Controllers\Movimiento->index()
 3 SYSTEMPATH\CodeIgniter.php(499): CodeIgniter\CodeIgniter->runController(Object(App\Controllers\Movimiento))
 4 SYSTEMPATH\CodeIgniter.php(368): CodeIgniter\CodeIgniter->handleRequest(null, Object(Config\Cache), false)
 5 FCPATH\index.php(67): CodeIgniter\CodeIgniter->run()
INFO - 2023-06-07 02:11:00 --> Session: Class initialized using 'CodeIgniter\Session\Handlers\FileHandler' driver.
CRITICAL - 2023-06-07 02:11:00 --> Too few arguments to function App\Models\ParamentrosModel::ParametrosMovimientos(), 0 passed in C:\xampp\htdocs\gfp\app\Controllers\Movimiento.php on line 45 and exactly 1 expected
in APPPATH\Models\ParamentrosModel.php on line 94.
 1 APPPATH\Controllers\Movimiento.php(45): App\Models\ParamentrosModel->ParametrosMovimientos()
 2 SYSTEMPATH\CodeIgniter.php(934): App\Controllers\Movimiento->index()
 3 SYSTEMPATH\CodeIgniter.php(499): CodeIgniter\CodeIgniter->runController(Object(App\Controllers\Movimiento))
 4 SYSTEMPATH\CodeIgniter.php(368): CodeIgniter\CodeIgniter->handleRequest(null, Object(Config\Cache), false)
 5 FCPATH\index.php(67): CodeIgniter\CodeIgniter->run()
INFO - 2023-06-07 02:12:28 --> Session: Class initialized using 'CodeIgniter\Session\Handlers\FileHandler' driver.
CRITICAL - 2023-06-07 02:12:28 --> Too few arguments to function App\Models\ParamentrosModel::ParametrosMovimientos(), 0 passed in C:\xampp\htdocs\gfp\app\Controllers\Movimiento.php on line 45 and exactly 1 expected
in APPPATH\Models\ParamentrosModel.php on line 94.
 1 APPPATH\Controllers\Movimiento.php(45): App\Models\ParamentrosModel->ParametrosMovimientos()
 2 SYSTEMPATH\CodeIgniter.php(934): App\Controllers\Movimiento->index()
 3 SYSTEMPATH\CodeIgniter.php(499): CodeIgniter\CodeIgniter->runController(Object(App\Controllers\Movimiento))
 4 SYSTEMPATH\CodeIgniter.php(368): CodeIgniter\CodeIgniter->handleRequest(null, Object(Config\Cache), false)
 5 FCPATH\index.php(67): CodeIgniter\CodeIgniter->run()
INFO - 2023-06-07 02:12:29 --> Session: Class initialized using 'CodeIgniter\Session\Handlers\FileHandler' driver.
CRITICAL - 2023-06-07 02:12:29 --> Too few arguments to function App\Models\ParamentrosModel::ParametrosMovimientos(), 0 passed in C:\xampp\htdocs\gfp\app\Controllers\Movimiento.php on line 45 and exactly 1 expected
in APPPATH\Models\ParamentrosModel.php on line 94.
 1 APPPATH\Controllers\Movimiento.php(45): App\Models\ParamentrosModel->ParametrosMovimientos()
 2 SYSTEMPATH\CodeIgniter.php(934): App\Controllers\Movimiento->index()
 3 SYSTEMPATH\CodeIgniter.php(499): CodeIgniter\CodeIgniter->runController(Object(App\Controllers\Movimiento))
 4 SYSTEMPATH\CodeIgniter.php(368): CodeIgniter\CodeIgniter->handleRequest(null, Object(Config\Cache), false)
 5 FCPATH\index.php(67): CodeIgniter\CodeIgniter->run()
INFO - 2023-06-07 02:12:30 --> Session: Class initialized using 'CodeIgniter\Session\Handlers\FileHandler' driver.
CRITICAL - 2023-06-07 02:12:30 --> Too few arguments to function App\Models\ParamentrosModel::ParametrosMovimientos(), 0 passed in C:\xampp\htdocs\gfp\app\Controllers\Movimiento.php on line 45 and exactly 1 expected
in APPPATH\Models\ParamentrosModel.php on line 94.
 1 APPPATH\Controllers\Movimiento.php(45): App\Models\ParamentrosModel->ParametrosMovimientos()
 2 SYSTEMPATH\CodeIgniter.php(934): App\Controllers\Movimiento->index()
 3 SYSTEMPATH\CodeIgniter.php(499): CodeIgniter\CodeIgniter->runController(Object(App\Controllers\Movimiento))
 4 SYSTEMPATH\CodeIgniter.php(368): CodeIgniter\CodeIgniter->handleRequest(null, Object(Config\Cache), false)
 5 FCPATH\index.php(67): CodeIgniter\CodeIgniter->run()
INFO - 2023-06-07 02:13:35 --> Session: Class initialized using 'CodeIgniter\Session\Handlers\FileHandler' driver.
INFO - 2023-06-07 02:14:10 --> Session: Class initialized using 'CodeIgniter\Session\Handlers\FileHandler' driver.
INFO - 2023-06-07 02:18:58 --> Session: Class initialized using 'CodeIgniter\Session\Handlers\FileHandler' driver.
INFO - 2023-06-07 02:19:01 --> Session: Class initialized using 'CodeIgniter\Session\Handlers\FileHandler' driver.
CRITICAL - 2023-06-07 02:19:01 --> Too few arguments to function App\Controllers\Movimiento::obtener_registros(), 0 passed in C:\xampp\htdocs\gfp\system\CodeIgniter.php on line 934 and exactly 1 expected
in APPPATH\Controllers\Movimiento.php on line 96.
 1 SYSTEMPATH\CodeIgniter.php(934): App\Controllers\Movimiento->obtener_registros()
 2 SYSTEMPATH\CodeIgniter.php(499): CodeIgniter\CodeIgniter->runController(Object(App\Controllers\Movimiento))
 3 SYSTEMPATH\CodeIgniter.php(368): CodeIgniter\CodeIgniter->handleRequest(null, Object(Config\Cache), false)
 4 FCPATH\index.php(67): CodeIgniter\CodeIgniter->run()
INFO - 2023-06-07 02:20:17 --> Session: Class initialized using 'CodeIgniter\Session\Handlers\FileHandler' driver.
INFO - 2023-06-07 02:20:20 --> Session: Class initialized using 'CodeIgniter\Session\Handlers\FileHandler' driver.
CRITICAL - 2023-06-07 02:20:20 --> Too few arguments to function App\Controllers\Movimiento::obtener_registros(), 0 passed in C:\xampp\htdocs\gfp\system\CodeIgniter.php on line 934 and exactly 1 expected
in APPPATH\Controllers\Movimiento.php on line 96.
 1 SYSTEMPATH\CodeIgniter.php(934): App\Controllers\Movimiento->obtener_registros()
 2 SYSTEMPATH\CodeIgniter.php(499): CodeIgniter\CodeIgniter->runController(Object(App\Controllers\Movimiento))
 3 SYSTEMPATH\CodeIgniter.php(368): CodeIgniter\CodeIgniter->handleRequest(null, Object(Config\Cache), false)
 4 FCPATH\index.php(67): CodeIgniter\CodeIgniter->run()
INFO - 2023-06-07 02:21:50 --> Session: Class initialized using 'CodeIgniter\Session\Handlers\FileHandler' driver.
INFO - 2023-06-07 02:22:15 --> Session: Class initialized using 'CodeIgniter\Session\Handlers\FileHandler' driver.
INFO - 2023-06-07 02:22:51 --> Session: Class initialized using 'CodeIgniter\Session\Handlers\FileHandler' driver.
INFO - 2023-06-07 02:22:56 --> Session: Class initialized using 'CodeIgniter\Session\Handlers\FileHandler' driver.
INFO - 2023-06-07 02:22:57 --> Session: Class initialized using 'CodeIgniter\Session\Handlers\FileHandler' driver.
INFO - 2023-06-07 02:24:08 --> Session: Class initialized using 'CodeIgniter\Session\Handlers\FileHandler' driver.
INFO - 2023-06-07 02:24:11 --> Session: Class initialized using 'CodeIgniter\Session\Handlers\FileHandler' driver.
CRITICAL - 2023-06-07 02:24:11 --> Call to undefined method App\Models\ParamentrosModel::obtener_registros_asociados
in SYSTEMPATH\Model.php on line 842.
 1 APPPATH\Controllers\Movimiento.php(103): CodeIgniter\Model->__call('obtener_registros_asociados', [...])
 2 SYSTEMPATH\CodeIgniter.php(934): App\Controllers\Movimiento->obtener_registros()
 3 SYSTEMPATH\CodeIgniter.php(499): CodeIgniter\CodeIgniter->runController(Object(App\Controllers\Movimiento))
 4 SYSTEMPATH\CodeIgniter.php(368): CodeIgniter\CodeIgniter->handleRequest(null, Object(Config\Cache), false)
 5 FCPATH\index.php(67): CodeIgniter\CodeIgniter->run()
INFO - 2023-06-07 02:24:13 --> Session: Class initialized using 'CodeIgniter\Session\Handlers\FileHandler' driver.
CRITICAL - 2023-06-07 02:24:13 --> Call to undefined method App\Models\ParamentrosModel::obtener_registros_asociados
in SYSTEMPATH\Model.php on line 842.
 1 APPPATH\Controllers\Movimiento.php(103): CodeIgniter\Model->__call('obtener_registros_asociados', [...])
 2 SYSTEMPATH\CodeIgniter.php(934): App\Controllers\Movimiento->obtener_registros()
 3 SYSTEMPATH\CodeIgniter.php(499): CodeIgniter\CodeIgniter->runController(Object(App\Controllers\Movimiento))
 4 SYSTEMPATH\CodeIgniter.php(368): CodeIgniter\CodeIgniter->handleRequest(null, Object(Config\Cache), false)
 5 FCPATH\index.php(67): CodeIgniter\CodeIgniter->run()
INFO - 2023-06-07 02:25:53 --> Session: Class initialized using 'CodeIgniter\Session\Handlers\FileHandler' driver.
INFO - 2023-06-07 02:25:56 --> Session: Class initialized using 'CodeIgniter\Session\Handlers\FileHandler' driver.
CRITICAL - 2023-06-07 02:25:57 --> Call to undefined method App\Models\ParamentrosModel::obtener_registros_asociados
in SYSTEMPATH\Model.php on line 842.
 1 APPPATH\Controllers\Movimiento.php(103): CodeIgniter\Model->__call('obtener_registros_asociados', [...])
 2 SYSTEMPATH\CodeIgniter.php(934): App\Controllers\Movimiento->obtener_registros('8')
 3 SYSTEMPATH\CodeIgniter.php(499): CodeIgniter\CodeIgniter->runController(Object(App\Controllers\Movimiento))
 4 SYSTEMPATH\CodeIgniter.php(368): CodeIgniter\CodeIgniter->handleRequest(null, Object(Config\Cache), false)
 5 FCPATH\index.php(67): CodeIgniter\CodeIgniter->run()
INFO - 2023-06-07 02:26:41 --> Session: Class initialized using 'CodeIgniter\Session\Handlers\FileHandler' driver.
INFO - 2023-06-07 02:27:11 --> Session: Class initialized using 'CodeIgniter\Session\Handlers\FileHandler' driver.
INFO - 2023-06-07 02:27:24 --> Session: Class initialized using 'CodeIgniter\Session\Handlers\FileHandler' driver.
INFO - 2023-06-07 02:27:53 --> Session: Class initialized using 'CodeIgniter\Session\Handlers\FileHandler' driver.
