ERROR - 2023-05-04 12:11:16 --> Error connecting to the database: mysqli_sql_exception: No se puede establecer una conexión ya que el equipo de destino denegó expresamente dicha conexión in C:\xampp\htdocs\gfp\system\Database\MySQLi\Connection.php:174
Stack trace:
#0 C:\xampp\htdocs\gfp\system\Database\MySQLi\Connection.php(174): mysqli->real_connect('localhost', 'root', '', 'gfp_bd', 3306, '', 0)
#1 C:\xampp\htdocs\gfp\system\Database\BaseConnection.php(391): CodeIgniter\Database\MySQLi\Connection->connect(false)
#2 C:\xampp\htdocs\gfp\system\Database\BaseConnection.php(573): CodeIgniter\Database\BaseConnection->initialize()
#3 C:\xampp\htdocs\gfp\system\Database\BaseBuilder.php(1616): CodeIgniter\Database\BaseConnection->query('SELECT *\nFROM `...', Array, false)
#4 C:\xampp\htdocs\gfp\system\Model.php(241): CodeIgniter\Database\BaseBuilder->get()
#5 C:\xampp\htdocs\gfp\system\BaseModel.php(618): CodeIgniter\Model->doFindAll(0, 0)
#6 C:\xampp\htdocs\gfp\app\Controllers\Auth.php(35): CodeIgniter\BaseModel->findAll()
#7 C:\xampp\htdocs\gfp\system\CodeIgniter.php(934): App\Controllers\Auth->registroPagina()
#8 C:\xampp\htdocs\gfp\system\CodeIgniter.php(499): CodeIgniter\CodeIgniter->runController(Object(App\Controllers\Auth))
#9 C:\xampp\htdocs\gfp\system\CodeIgniter.php(368): CodeIgniter\CodeIgniter->handleRequest(NULL, Object(Config\Cache), false)
#10 C:\xampp\htdocs\gfp\public\index.php(67): CodeIgniter\CodeIgniter->run()
#11 {main}

Next CodeIgniter\Database\Exceptions\DatabaseException: No se puede establecer una conexión ya que el equipo de destino denegó expresamente dicha conexión in C:\xampp\htdocs\gfp\system\Database\MySQLi\Connection.php:218
Stack trace:
#0 C:\xampp\htdocs\gfp\system\Database\BaseConnection.php(391): CodeIgniter\Database\MySQLi\Connection->connect(false)
#1 C:\xampp\htdocs\gfp\system\Database\BaseConnection.php(573): CodeIgniter\Database\BaseConnection->initialize()
#2 C:\xampp\htdocs\gfp\system\Database\BaseBuilder.php(1616): CodeIgniter\Database\BaseConnection->query('SELECT *\nFROM `...', Array, false)
#3 C:\xampp\htdocs\gfp\system\Model.php(241): CodeIgniter\Database\BaseBuilder->get()
#4 C:\xampp\htdocs\gfp\system\BaseModel.php(618): CodeIgniter\Model->doFindAll(0, 0)
#5 C:\xampp\htdocs\gfp\app\Controllers\Auth.php(35): CodeIgniter\BaseModel->findAll()
#6 C:\xampp\htdocs\gfp\system\CodeIgniter.php(934): App\Controllers\Auth->registroPagina()
#7 C:\xampp\htdocs\gfp\system\CodeIgniter.php(499): CodeIgniter\CodeIgniter->runController(Object(App\Controllers\Auth))
#8 C:\xampp\htdocs\gfp\system\CodeIgniter.php(368): CodeIgniter\CodeIgniter->handleRequest(NULL, Object(Config\Cache), false)
#9 C:\xampp\htdocs\gfp\public\index.php(67): CodeIgniter\CodeIgniter->run()
#10 {main}
CRITICAL - 2023-05-04 12:11:16 --> Unable to connect to the database.
Main connection [MySQLi]: No se puede establecer una conexión ya que el equipo de destino denegó expresamente dicha conexión
in SYSTEMPATH\Database\BaseConnection.php on line 427.
 1 SYSTEMPATH\Database\BaseConnection.php(573): CodeIgniter\Database\BaseConnection->initialize()
 2 SYSTEMPATH\Database\BaseBuilder.php(1616): CodeIgniter\Database\BaseConnection->query('SELECT *
FROM `usuarios`
WHERE `estado` = :estado:', [...], false)
 3 SYSTEMPATH\Model.php(241): CodeIgniter\Database\BaseBuilder->get()
 4 SYSTEMPATH\BaseModel.php(618): CodeIgniter\Model->doFindAll(0, 0)
 5 APPPATH\Controllers\Auth.php(35): CodeIgniter\BaseModel->findAll()
 6 SYSTEMPATH\CodeIgniter.php(934): App\Controllers\Auth->registroPagina()
 7 SYSTEMPATH\CodeIgniter.php(499): CodeIgniter\CodeIgniter->runController(Object(App\Controllers\Auth))
 8 SYSTEMPATH\CodeIgniter.php(368): CodeIgniter\CodeIgniter->handleRequest(null, Object(Config\Cache), false)
 9 FCPATH\index.php(67): CodeIgniter\CodeIgniter->run()
CRITICAL - 2023-05-04 12:17:33 --> Call to undefined method App\Controllers\Saquito::post()
in APPPATH\Controllers\Saquito.php on line 24.
 1 SYSTEMPATH\CodeIgniter.php(934): App\Controllers\Saquito->guardar()
 2 SYSTEMPATH\CodeIgniter.php(499): CodeIgniter\CodeIgniter->runController(Object(App\Controllers\Saquito))
 3 SYSTEMPATH\CodeIgniter.php(368): CodeIgniter\CodeIgniter->handleRequest(null, Object(Config\Cache), false)
 4 FCPATH\index.php(67): CodeIgniter\CodeIgniter->run()
CRITICAL - 2023-05-04 12:32:43 --> Call to undefined method App\Controllers\Saquito::post()
in APPPATH\Controllers\Saquito.php on line 24.
 1 SYSTEMPATH\CodeIgniter.php(934): App\Controllers\Saquito->guardar()
 2 SYSTEMPATH\CodeIgniter.php(499): CodeIgniter\CodeIgniter->runController(Object(App\Controllers\Saquito))
 3 SYSTEMPATH\CodeIgniter.php(368): CodeIgniter\CodeIgniter->handleRequest(null, Object(Config\Cache), false)
 4 FCPATH\index.php(67): CodeIgniter\CodeIgniter->run()
CRITICAL - 2023-05-04 12:34:10 --> syntax error, unexpected token "public"
in APPPATH\Controllers\Saquito.php on line 16.
 1 SYSTEMPATH\Router\Router.php(507): CodeIgniter\Router\AutoRouter->getRoute('saquito/guardar')
 2 SYSTEMPATH\Router\Router.php(206): CodeIgniter\Router\Router->autoRoute('saquito/guardar')
 3 SYSTEMPATH\CodeIgniter.php(815): CodeIgniter\Router\Router->handle('saquito/guardar')
 4 SYSTEMPATH\CodeIgniter.php(449): CodeIgniter\CodeIgniter->tryToRouteIt(Object(CodeIgniter\Router\RouteCollection))
 5 SYSTEMPATH\CodeIgniter.php(368): CodeIgniter\CodeIgniter->handleRequest(null, Object(Config\Cache), false)
 6 FCPATH\index.php(67): CodeIgniter\CodeIgniter->run()
CRITICAL - 2023-05-04 12:34:22 --> syntax error, unexpected token "public"
in APPPATH\Controllers\Saquito.php on line 16.
 1 SYSTEMPATH\Router\Router.php(507): CodeIgniter\Router\AutoRouter->getRoute('saquito')
 2 SYSTEMPATH\Router\Router.php(206): CodeIgniter\Router\Router->autoRoute('saquito')
 3 SYSTEMPATH\CodeIgniter.php(815): CodeIgniter\Router\Router->handle('saquito')
 4 SYSTEMPATH\CodeIgniter.php(449): CodeIgniter\CodeIgniter->tryToRouteIt(Object(CodeIgniter\Router\RouteCollection))
 5 SYSTEMPATH\CodeIgniter.php(368): CodeIgniter\CodeIgniter->handleRequest(null, Object(Config\Cache), false)
 6 FCPATH\index.php(67): CodeIgniter\CodeIgniter->run()
CRITICAL - 2023-05-04 12:34:33 --> syntax error, unexpected token "public"
in APPPATH\Controllers\Saquito.php on line 16.
 1 SYSTEMPATH\Router\Router.php(507): CodeIgniter\Router\AutoRouter->getRoute('saquito')
 2 SYSTEMPATH\Router\Router.php(206): CodeIgniter\Router\Router->autoRoute('saquito')
 3 SYSTEMPATH\CodeIgniter.php(815): CodeIgniter\Router\Router->handle('saquito')
 4 SYSTEMPATH\CodeIgniter.php(449): CodeIgniter\CodeIgniter->tryToRouteIt(Object(CodeIgniter\Router\RouteCollection))
 5 SYSTEMPATH\CodeIgniter.php(368): CodeIgniter\CodeIgniter->handleRequest(null, Object(Config\Cache), false)
 6 FCPATH\index.php(67): CodeIgniter\CodeIgniter->run()
CRITICAL - 2023-05-04 12:34:56 --> syntax error, unexpected token "public"
in APPPATH\Controllers\Saquito.php on line 16.
 1 SYSTEMPATH\Router\Router.php(507): CodeIgniter\Router\AutoRouter->getRoute('saquito')
 2 SYSTEMPATH\Router\Router.php(206): CodeIgniter\Router\Router->autoRoute('saquito')
 3 SYSTEMPATH\CodeIgniter.php(815): CodeIgniter\Router\Router->handle('saquito')
 4 SYSTEMPATH\CodeIgniter.php(449): CodeIgniter\CodeIgniter->tryToRouteIt(Object(CodeIgniter\Router\RouteCollection))
 5 SYSTEMPATH\CodeIgniter.php(368): CodeIgniter\CodeIgniter->handleRequest(null, Object(Config\Cache), false)
 6 FCPATH\index.php(67): CodeIgniter\CodeIgniter->run()
CRITICAL - 2023-05-04 12:35:04 --> syntax error, unexpected token "public"
in APPPATH\Controllers\Saquito.php on line 16.
 1 SYSTEMPATH\Router\Router.php(507): CodeIgniter\Router\AutoRouter->getRoute('saquito')
 2 SYSTEMPATH\Router\Router.php(206): CodeIgniter\Router\Router->autoRoute('saquito')
 3 SYSTEMPATH\CodeIgniter.php(815): CodeIgniter\Router\Router->handle('saquito')
 4 SYSTEMPATH\CodeIgniter.php(449): CodeIgniter\CodeIgniter->tryToRouteIt(Object(CodeIgniter\Router\RouteCollection))
 5 SYSTEMPATH\CodeIgniter.php(368): CodeIgniter\CodeIgniter->handleRequest(null, Object(Config\Cache), false)
 6 FCPATH\index.php(67): CodeIgniter\CodeIgniter->run()
CRITICAL - 2023-05-04 12:36:29 --> Call to undefined method App\Controllers\Saquito::post()
in APPPATH\Controllers\Saquito.php on line 24.
 1 SYSTEMPATH\CodeIgniter.php(934): App\Controllers\Saquito->guardar()
 2 SYSTEMPATH\CodeIgniter.php(499): CodeIgniter\CodeIgniter->runController(Object(App\Controllers\Saquito))
 3 SYSTEMPATH\CodeIgniter.php(368): CodeIgniter\CodeIgniter->handleRequest(null, Object(Config\Cache), false)
 4 FCPATH\index.php(67): CodeIgniter\CodeIgniter->run()
CRITICAL - 2023-05-04 12:41:32 --> Undefined variable $descripcion
in APPPATH\Controllers\Saquito.php on line 24.
 1 APPPATH\Controllers\Saquito.php(24): CodeIgniter\Debug\Exceptions->errorHandler(2, 'Undefined variable $descripcion', 'C:\\xampp\\htdocs\\gfp\\app\\Controllers\\Saquito.php', 24)
 2 SYSTEMPATH\CodeIgniter.php(934): App\Controllers\Saquito->guardar()
 3 SYSTEMPATH\CodeIgniter.php(499): CodeIgniter\CodeIgniter->runController(Object(App\Controllers\Saquito))
 4 SYSTEMPATH\CodeIgniter.php(368): CodeIgniter\CodeIgniter->handleRequest(null, Object(Config\Cache), false)
 5 FCPATH\index.php(67): CodeIgniter\CodeIgniter->run()
CRITICAL - 2023-05-04 12:42:03 --> Undefined variable $descripcion
in APPPATH\Controllers\Saquito.php on line 24.
 1 APPPATH\Controllers\Saquito.php(24): CodeIgniter\Debug\Exceptions->errorHandler(2, 'Undefined variable $descripcion', 'C:\\xampp\\htdocs\\gfp\\app\\Controllers\\Saquito.php', 24)
 2 SYSTEMPATH\CodeIgniter.php(934): App\Controllers\Saquito->guardar()
 3 SYSTEMPATH\CodeIgniter.php(499): CodeIgniter\CodeIgniter->runController(Object(App\Controllers\Saquito))
 4 SYSTEMPATH\CodeIgniter.php(368): CodeIgniter\CodeIgniter->handleRequest(null, Object(Config\Cache), false)
 5 FCPATH\index.php(67): CodeIgniter\CodeIgniter->run()
CRITICAL - 2023-05-04 12:45:33 --> Undefined variable $descripcion
in APPPATH\Controllers\Saquito.php on line 24.
 1 APPPATH\Controllers\Saquito.php(24): CodeIgniter\Debug\Exceptions->errorHandler(2, 'Undefined variable $descripcion', 'C:\\xampp\\htdocs\\gfp\\app\\Controllers\\Saquito.php', 24)
 2 SYSTEMPATH\CodeIgniter.php(934): App\Controllers\Saquito->guardar()
 3 SYSTEMPATH\CodeIgniter.php(499): CodeIgniter\CodeIgniter->runController(Object(App\Controllers\Saquito))
 4 SYSTEMPATH\CodeIgniter.php(368): CodeIgniter\CodeIgniter->handleRequest(null, Object(Config\Cache), false)
 5 FCPATH\index.php(67): CodeIgniter\CodeIgniter->run()
CRITICAL - 2023-05-04 12:46:50 --> syntax error, unexpected single-quoted string "start", expecting "]"
in APPPATH\Controllers\Agenda.php on line 31.
 1 SYSTEMPATH\Autoloader\Autoloader.php(289): CodeIgniter\Autoloader\Autoloader->includeFile('C:\\xampp\\htdocs\\gfp\\app\\Controllers\\Agenda.php')
 2 SYSTEMPATH\Autoloader\Autoloader.php(267): CodeIgniter\Autoloader\Autoloader->loadInNamespace('App\\Controllers\\Agenda')
 3 [internal function]: CodeIgniter\Autoloader\Autoloader->loadClass('App\\Controllers\\Agenda')
 4 SYSTEMPATH\CodeIgniter.php(892): class_exists('\\App\\Controllers\\Agenda', true)
 5 SYSTEMPATH\CodeIgniter.php(486): CodeIgniter\CodeIgniter->startController()
 6 SYSTEMPATH\CodeIgniter.php(368): CodeIgniter\CodeIgniter->handleRequest(null, Object(Config\Cache), false)
 7 FCPATH\index.php(67): CodeIgniter\CodeIgniter->run()
CRITICAL - 2023-05-04 12:46:52 --> syntax error, unexpected single-quoted string "start", expecting "]"
in APPPATH\Controllers\Agenda.php on line 31.
 1 SYSTEMPATH\Autoloader\Autoloader.php(289): CodeIgniter\Autoloader\Autoloader->includeFile('C:\\xampp\\htdocs\\gfp\\app\\Controllers\\Agenda.php')
 2 SYSTEMPATH\Autoloader\Autoloader.php(267): CodeIgniter\Autoloader\Autoloader->loadInNamespace('App\\Controllers\\Agenda')
 3 [internal function]: CodeIgniter\Autoloader\Autoloader->loadClass('App\\Controllers\\Agenda')
 4 SYSTEMPATH\CodeIgniter.php(892): class_exists('\\App\\Controllers\\Agenda', true)
 5 SYSTEMPATH\CodeIgniter.php(486): CodeIgniter\CodeIgniter->startController()
 6 SYSTEMPATH\CodeIgniter.php(368): CodeIgniter\CodeIgniter->handleRequest(null, Object(Config\Cache), false)
 7 FCPATH\index.php(67): CodeIgniter\CodeIgniter->run()
CRITICAL - 2023-05-04 12:48:16 --> syntax error, unexpected token "}", expecting "," or ";"
in APPPATH\Controllers\Agenda.php on line 38.
 1 SYSTEMPATH\Autoloader\Autoloader.php(289): CodeIgniter\Autoloader\Autoloader->includeFile('C:\\xampp\\htdocs\\gfp\\app\\Controllers\\Agenda.php')
 2 SYSTEMPATH\Autoloader\Autoloader.php(267): CodeIgniter\Autoloader\Autoloader->loadInNamespace('App\\Controllers\\Agenda')
 3 [internal function]: CodeIgniter\Autoloader\Autoloader->loadClass('App\\Controllers\\Agenda')
 4 SYSTEMPATH\CodeIgniter.php(892): class_exists('\\App\\Controllers\\Agenda', true)
 5 SYSTEMPATH\CodeIgniter.php(486): CodeIgniter\CodeIgniter->startController()
 6 SYSTEMPATH\CodeIgniter.php(368): CodeIgniter\CodeIgniter->handleRequest(null, Object(Config\Cache), false)
 7 FCPATH\index.php(67): CodeIgniter\CodeIgniter->run()
CRITICAL - 2023-05-04 12:51:29 --> syntax error, unexpected token "{", expecting "]"
in APPPATH\Controllers\Agenda.php on line 29.
 1 SYSTEMPATH\Autoloader\Autoloader.php(289): CodeIgniter\Autoloader\Autoloader->includeFile('C:\\xampp\\htdocs\\gfp\\app\\Controllers\\Agenda.php')
 2 SYSTEMPATH\Autoloader\Autoloader.php(267): CodeIgniter\Autoloader\Autoloader->loadInNamespace('App\\Controllers\\Agenda')
 3 [internal function]: CodeIgniter\Autoloader\Autoloader->loadClass('App\\Controllers\\Agenda')
 4 SYSTEMPATH\CodeIgniter.php(892): class_exists('\\App\\Controllers\\Agenda', true)
 5 SYSTEMPATH\CodeIgniter.php(486): CodeIgniter\CodeIgniter->startController()
 6 SYSTEMPATH\CodeIgniter.php(368): CodeIgniter\CodeIgniter->handleRequest(null, Object(Config\Cache), false)
 7 FCPATH\index.php(67): CodeIgniter\CodeIgniter->run()
CRITICAL - 2023-05-04 12:52:00 --> syntax error, unexpected token "{", expecting "]"
in APPPATH\Controllers\Agenda.php on line 29.
 1 SYSTEMPATH\Autoloader\Autoloader.php(289): CodeIgniter\Autoloader\Autoloader->includeFile('C:\\xampp\\htdocs\\gfp\\app\\Controllers\\Agenda.php')
 2 SYSTEMPATH\Autoloader\Autoloader.php(267): CodeIgniter\Autoloader\Autoloader->loadInNamespace('App\\Controllers\\Agenda')
 3 [internal function]: CodeIgniter\Autoloader\Autoloader->loadClass('App\\Controllers\\Agenda')
 4 SYSTEMPATH\CodeIgniter.php(892): class_exists('\\App\\Controllers\\Agenda', true)
 5 SYSTEMPATH\CodeIgniter.php(486): CodeIgniter\CodeIgniter->startController()
 6 SYSTEMPATH\CodeIgniter.php(368): CodeIgniter\CodeIgniter->handleRequest(null, Object(Config\Cache), false)
 7 FCPATH\index.php(67): CodeIgniter\CodeIgniter->run()
CRITICAL - 2023-05-04 12:52:24 --> syntax error, unexpected token "{", expecting "]"
in APPPATH\Controllers\Agenda.php on line 29.
 1 SYSTEMPATH\Autoloader\Autoloader.php(289): CodeIgniter\Autoloader\Autoloader->includeFile('C:\\xampp\\htdocs\\gfp\\app\\Controllers\\Agenda.php')
 2 SYSTEMPATH\Autoloader\Autoloader.php(267): CodeIgniter\Autoloader\Autoloader->loadInNamespace('App\\Controllers\\Agenda')
 3 [internal function]: CodeIgniter\Autoloader\Autoloader->loadClass('App\\Controllers\\Agenda')
 4 SYSTEMPATH\CodeIgniter.php(892): class_exists('\\App\\Controllers\\Agenda', true)
 5 SYSTEMPATH\CodeIgniter.php(486): CodeIgniter\CodeIgniter->startController()
 6 SYSTEMPATH\CodeIgniter.php(368): CodeIgniter\CodeIgniter->handleRequest(null, Object(Config\Cache), false)
 7 FCPATH\index.php(67): CodeIgniter\CodeIgniter->run()
CRITICAL - 2023-05-04 12:52:25 --> syntax error, unexpected token "{", expecting "]"
in APPPATH\Controllers\Agenda.php on line 29.
 1 SYSTEMPATH\Autoloader\Autoloader.php(289): CodeIgniter\Autoloader\Autoloader->includeFile('C:\\xampp\\htdocs\\gfp\\app\\Controllers\\Agenda.php')
 2 SYSTEMPATH\Autoloader\Autoloader.php(267): CodeIgniter\Autoloader\Autoloader->loadInNamespace('App\\Controllers\\Agenda')
 3 [internal function]: CodeIgniter\Autoloader\Autoloader->loadClass('App\\Controllers\\Agenda')
 4 SYSTEMPATH\CodeIgniter.php(892): class_exists('\\App\\Controllers\\Agenda', true)
 5 SYSTEMPATH\CodeIgniter.php(486): CodeIgniter\CodeIgniter->startController()
 6 SYSTEMPATH\CodeIgniter.php(368): CodeIgniter\CodeIgniter->handleRequest(null, Object(Config\Cache), false)
 7 FCPATH\index.php(67): CodeIgniter\CodeIgniter->run()
CRITICAL - 2023-05-04 12:56:39 --> Undefined variable $descripcion
in APPPATH\Controllers\Saquito.php on line 24.
 1 APPPATH\Controllers\Saquito.php(24): CodeIgniter\Debug\Exceptions->errorHandler(2, 'Undefined variable $descripcion', 'C:\\xampp\\htdocs\\gfp\\app\\Controllers\\Saquito.php', 24)
 2 SYSTEMPATH\CodeIgniter.php(934): App\Controllers\Saquito->guardar()
 3 SYSTEMPATH\CodeIgniter.php(499): CodeIgniter\CodeIgniter->runController(Object(App\Controllers\Saquito))
 4 SYSTEMPATH\CodeIgniter.php(368): CodeIgniter\CodeIgniter->handleRequest(null, Object(Config\Cache), false)
 5 FCPATH\index.php(67): CodeIgniter\CodeIgniter->run()
CRITICAL - 2023-05-04 13:19:10 --> Undefined variable $descripcion
in APPPATH\Controllers\Saquito.php on line 24.
 1 APPPATH\Controllers\Saquito.php(24): CodeIgniter\Debug\Exceptions->errorHandler(2, 'Undefined variable $descripcion', 'C:\\xampp\\htdocs\\gfp\\app\\Controllers\\Saquito.php', 24)
 2 SYSTEMPATH\CodeIgniter.php(934): App\Controllers\Saquito->guardar()
 3 SYSTEMPATH\CodeIgniter.php(499): CodeIgniter\CodeIgniter->runController(Object(App\Controllers\Saquito))
 4 SYSTEMPATH\CodeIgniter.php(368): CodeIgniter\CodeIgniter->handleRequest(null, Object(Config\Cache), false)
 5 FCPATH\index.php(67): CodeIgniter\CodeIgniter->run()
CRITICAL - 2023-05-04 13:19:29 --> Undefined variable $fecha_inicial
in APPPATH\Controllers\Saquito.php on line 25.
 1 APPPATH\Controllers\Saquito.php(25): CodeIgniter\Debug\Exceptions->errorHandler(2, 'Undefined variable $fecha_inicial', 'C:\\xampp\\htdocs\\gfp\\app\\Controllers\\Saquito.php', 25)
 2 SYSTEMPATH\CodeIgniter.php(934): App\Controllers\Saquito->guardar()
 3 SYSTEMPATH\CodeIgniter.php(499): CodeIgniter\CodeIgniter->runController(Object(App\Controllers\Saquito))
 4 SYSTEMPATH\CodeIgniter.php(368): CodeIgniter\CodeIgniter->handleRequest(null, Object(Config\Cache), false)
 5 FCPATH\index.php(67): CodeIgniter\CodeIgniter->run()
CRITICAL - 2023-05-04 13:19:41 --> Undefined variable $valor
in APPPATH\Controllers\Saquito.php on line 26.
 1 APPPATH\Controllers\Saquito.php(26): CodeIgniter\Debug\Exceptions->errorHandler(2, 'Undefined variable $valor', 'C:\\xampp\\htdocs\\gfp\\app\\Controllers\\Saquito.php', 26)
 2 SYSTEMPATH\CodeIgniter.php(934): App\Controllers\Saquito->guardar()
 3 SYSTEMPATH\CodeIgniter.php(499): CodeIgniter\CodeIgniter->runController(Object(App\Controllers\Saquito))
 4 SYSTEMPATH\CodeIgniter.php(368): CodeIgniter\CodeIgniter->handleRequest(null, Object(Config\Cache), false)
 5 FCPATH\index.php(67): CodeIgniter\CodeIgniter->run()
CRITICAL - 2023-05-04 13:20:00 --> Undefined variable $descripcion
in APPPATH\Controllers\Saquito.php on line 31.
 1 APPPATH\Controllers\Saquito.php(31): CodeIgniter\Debug\Exceptions->errorHandler(2, 'Undefined variable $descripcion', 'C:\\xampp\\htdocs\\gfp\\app\\Controllers\\Saquito.php', 31)
 2 SYSTEMPATH\CodeIgniter.php(934): App\Controllers\Saquito->guardar()
 3 SYSTEMPATH\CodeIgniter.php(499): CodeIgniter\CodeIgniter->runController(Object(App\Controllers\Saquito))
 4 SYSTEMPATH\CodeIgniter.php(368): CodeIgniter\CodeIgniter->handleRequest(null, Object(Config\Cache), false)
 5 FCPATH\index.php(67): CodeIgniter\CodeIgniter->run()
CRITICAL - 2023-05-04 13:20:53 --> Undefined property: App\Controllers\Saquito::$SaquitoModels
in APPPATH\Controllers\Saquito.php on line 38.
 1 APPPATH\Controllers\Saquito.php(38): CodeIgniter\Debug\Exceptions->errorHandler(2, 'Undefined property: App\\Controllers\\Saquito::$SaquitoModels', 'C:\\xampp\\htdocs\\gfp\\app\\Controllers\\Saquito.php', 38)
 2 SYSTEMPATH\CodeIgniter.php(934): App\Controllers\Saquito->guardar()
 3 SYSTEMPATH\CodeIgniter.php(499): CodeIgniter\CodeIgniter->runController(Object(App\Controllers\Saquito))
 4 SYSTEMPATH\CodeIgniter.php(368): CodeIgniter\CodeIgniter->handleRequest(null, Object(Config\Cache), false)
 5 FCPATH\index.php(67): CodeIgniter\CodeIgniter->run()
CRITICAL - 2023-05-04 13:24:13 --> Call to undefined method App\Models\AgendaModel::firts
in SYSTEMPATH\Model.php on line 842.
 1 APPPATH\Models\AgendaModel.php(33): CodeIgniter\Model->__call('firts', [])
 2 APPPATH\Controllers\Agenda.php(28): App\Models\AgendaModel->traer_todos_los_eventos()
 3 SYSTEMPATH\CodeIgniter.php(934): App\Controllers\Agenda->buscar_eventos()
 4 SYSTEMPATH\CodeIgniter.php(499): CodeIgniter\CodeIgniter->runController(Object(App\Controllers\Agenda))
 5 SYSTEMPATH\CodeIgniter.php(368): CodeIgniter\CodeIgniter->handleRequest(null, Object(Config\Cache), false)
 6 FCPATH\index.php(67): CodeIgniter\CodeIgniter->run()
CRITICAL - 2023-05-04 13:39:38 --> Undefined variable $descripcion
in APPPATH\Controllers\Saquito.php on line 32.
 1 APPPATH\Controllers\Saquito.php(32): CodeIgniter\Debug\Exceptions->errorHandler(2, 'Undefined variable $descripcion', 'C:\\xampp\\htdocs\\gfp\\app\\Controllers\\Saquito.php', 32)
 2 SYSTEMPATH\CodeIgniter.php(934): App\Controllers\Saquito->guardar()
 3 SYSTEMPATH\CodeIgniter.php(499): CodeIgniter\CodeIgniter->runController(Object(App\Controllers\Saquito))
 4 SYSTEMPATH\CodeIgniter.php(368): CodeIgniter\CodeIgniter->handleRequest(null, Object(Config\Cache), false)
 5 FCPATH\index.php(67): CodeIgniter\CodeIgniter->run()
CRITICAL - 2023-05-04 13:55:05 --> Undefined variable $tituloPagina
in APPPATH\Views\componentes\header.php on line 3.
 1 APPPATH\Views\componentes\header.php(3): CodeIgniter\Debug\Exceptions->errorHandler(2, 'Undefined variable $tituloPagina', 'C:\\xampp\\htdocs\\gfp\\app\\Views\\componentes\\header.php', 3)
 2 SYSTEMPATH\View\View.php(213): include('C:\\xampp\\htdocs\\gfp\\app\\Views\\componentes\\header.php')
 3 SYSTEMPATH\View\View.php(216): CodeIgniter\View\View->CodeIgniter\View\{closure}()
 4 SYSTEMPATH\Common.php(1184): CodeIgniter\View\View->render('componentes/header', [], true)
 5 APPPATH\Controllers\Progreso_saquito.php(14): view('componentes/header')
 6 SYSTEMPATH\CodeIgniter.php(934): App\Controllers\Progreso_Saquito->index()
 7 SYSTEMPATH\CodeIgniter.php(499): CodeIgniter\CodeIgniter->runController(Object(App\Controllers\Progreso_Saquito))
 8 SYSTEMPATH\CodeIgniter.php(368): CodeIgniter\CodeIgniter->handleRequest(null, Object(Config\Cache), false)
 9 FCPATH\index.php(67): CodeIgniter\CodeIgniter->run()
CRITICAL - 2023-05-04 14:26:54 --> unlink(C:\xampp\htdocs\gfp\writable\debugbar/debugbar_1683209963.834468.json): No such file or directory
in SYSTEMPATH\Debug\Toolbar\Collectors\History.php on line 76.
 1 [internal function]: CodeIgniter\Debug\Exceptions->errorHandler(2, 'unlink(C:\\xampp\\htdocs\\gfp\\writable\\debugbar/debugbar_1683209963.834468.json): No such file or directory', 'C:\\xampp\\htdocs\\gfp\\system\\Debug\\Toolbar\\Collectors\\History.php', 76)
 2 SYSTEMPATH\Debug\Toolbar\Collectors\History.php(76): unlink('C:\\xampp\\htdocs\\gfp\\writable\\debugbar/debugbar_1683209963.834468.json')
 3 SYSTEMPATH\Debug\Toolbar.php(497): CodeIgniter\Debug\Toolbar\Collectors\History->setFiles('1683210414.164325', 20)
 4 SYSTEMPATH\Debug\Toolbar.php(474): CodeIgniter\Debug\Toolbar->format([...], 'html')
 5 APPPATH\Config\Events.php(46): CodeIgniter\Debug\Toolbar->respond()
 6 SYSTEMPATH\Events\Events.php(149): CodeIgniter\Events\Events::Config\{closure}()
 7 SYSTEMPATH\CodeIgniter.php(350): CodeIgniter\Events\Events::trigger('pre_system')
 8 FCPATH\index.php(67): CodeIgniter\CodeIgniter->run()
ERROR - 2023-05-04 14:27:52 --> mysqli_sql_exception: Table 'gfp_bd.agenda' doesn't exist in C:\xampp\htdocs\gfp\system\Database\MySQLi\Connection.php:295
Stack trace:
#0 C:\xampp\htdocs\gfp\system\Database\MySQLi\Connection.php(295): mysqli->query('SELECT `agenda`...', 0)
#1 C:\xampp\htdocs\gfp\system\Database\BaseConnection.php(691): CodeIgniter\Database\MySQLi\Connection->execute('SELECT `agenda`...')
#2 C:\xampp\htdocs\gfp\system\Database\BaseConnection.php(605): CodeIgniter\Database\BaseConnection->simpleQuery('SELECT `agenda`...')
#3 C:\xampp\htdocs\gfp\system\Database\BaseBuilder.php(1616): CodeIgniter\Database\BaseConnection->query('SELECT `agenda`...', Array, false)
#4 C:\xampp\htdocs\gfp\system\Model.php(241): CodeIgniter\Database\BaseBuilder->get()
#5 C:\xampp\htdocs\gfp\system\BaseModel.php(618): CodeIgniter\Model->doFindAll(0, 0)
#6 C:\xampp\htdocs\gfp\app\Models\AgendaModel.php(33): CodeIgniter\BaseModel->findAll()
#7 C:\xampp\htdocs\gfp\app\Controllers\Agenda.php(28): App\Models\AgendaModel->traer_todos_los_eventos()
#8 C:\xampp\htdocs\gfp\system\CodeIgniter.php(934): App\Controllers\Agenda->buscar_eventos()
#9 C:\xampp\htdocs\gfp\system\CodeIgniter.php(499): CodeIgniter\CodeIgniter->runController(Object(App\Controllers\Agenda))
#10 C:\xampp\htdocs\gfp\system\CodeIgniter.php(368): CodeIgniter\CodeIgniter->handleRequest(NULL, Object(Config\Cache), false)
#11 C:\xampp\htdocs\gfp\public\index.php(67): CodeIgniter\CodeIgniter->run()
#12 {main}
CRITICAL - 2023-05-04 14:27:52 --> Table 'gfp_bd.agenda' doesn't exist
in SYSTEMPATH\Database\MySQLi\Connection.php on line 295.
 1 SYSTEMPATH\Database\MySQLi\Connection.php(295): mysqli->query('SELECT `agenda`.*
FROM `agenda`
WHERE `id` = \'1\'', 0)
 2 SYSTEMPATH\Database\BaseConnection.php(691): CodeIgniter\Database\MySQLi\Connection->execute('SELECT `agenda`.*
FROM `agenda`
WHERE `id` = \'1\'')
 3 SYSTEMPATH\Database\BaseConnection.php(605): CodeIgniter\Database\BaseConnection->simpleQuery('SELECT `agenda`.*
FROM `agenda`
WHERE `id` = \'1\'')
 4 SYSTEMPATH\Database\BaseBuilder.php(1616): CodeIgniter\Database\BaseConnection->query('SELECT `agenda`.*
FROM `agenda`
WHERE `id` = :id:', [...], false)
 5 SYSTEMPATH\Model.php(241): CodeIgniter\Database\BaseBuilder->get()
 6 SYSTEMPATH\BaseModel.php(618): CodeIgniter\Model->doFindAll(0, 0)
 7 APPPATH\Models\AgendaModel.php(33): CodeIgniter\BaseModel->findAll()
 8 APPPATH\Controllers\Agenda.php(28): App\Models\AgendaModel->traer_todos_los_eventos()
 9 SYSTEMPATH\CodeIgniter.php(934): App\Controllers\Agenda->buscar_eventos()
10 SYSTEMPATH\CodeIgniter.php(499): CodeIgniter\CodeIgniter->runController(Object(App\Controllers\Agenda))
11 SYSTEMPATH\CodeIgniter.php(368): CodeIgniter\CodeIgniter->handleRequest(null, Object(Config\Cache), false)
12 FCPATH\index.php(67): CodeIgniter\CodeIgniter->run()
ERROR - 2023-05-04 14:27:53 --> mysqli_sql_exception: Table 'gfp_bd.agenda' doesn't exist in C:\xampp\htdocs\gfp\system\Database\MySQLi\Connection.php:295
Stack trace:
#0 C:\xampp\htdocs\gfp\system\Database\MySQLi\Connection.php(295): mysqli->query('SELECT `agenda`...', 0)
#1 C:\xampp\htdocs\gfp\system\Database\BaseConnection.php(691): CodeIgniter\Database\MySQLi\Connection->execute('SELECT `agenda`...')
#2 C:\xampp\htdocs\gfp\system\Database\BaseConnection.php(605): CodeIgniter\Database\BaseConnection->simpleQuery('SELECT `agenda`...')
#3 C:\xampp\htdocs\gfp\system\Database\BaseBuilder.php(1616): CodeIgniter\Database\BaseConnection->query('SELECT `agenda`...', Array, false)
#4 C:\xampp\htdocs\gfp\system\Model.php(241): CodeIgniter\Database\BaseBuilder->get()
#5 C:\xampp\htdocs\gfp\system\BaseModel.php(618): CodeIgniter\Model->doFindAll(0, 0)
#6 C:\xampp\htdocs\gfp\app\Models\AgendaModel.php(33): CodeIgniter\BaseModel->findAll()
#7 C:\xampp\htdocs\gfp\app\Controllers\Agenda.php(28): App\Models\AgendaModel->traer_todos_los_eventos()
#8 C:\xampp\htdocs\gfp\system\CodeIgniter.php(934): App\Controllers\Agenda->buscar_eventos()
#9 C:\xampp\htdocs\gfp\system\CodeIgniter.php(499): CodeIgniter\CodeIgniter->runController(Object(App\Controllers\Agenda))
#10 C:\xampp\htdocs\gfp\system\CodeIgniter.php(368): CodeIgniter\CodeIgniter->handleRequest(NULL, Object(Config\Cache), false)
#11 C:\xampp\htdocs\gfp\public\index.php(67): CodeIgniter\CodeIgniter->run()
#12 {main}
CRITICAL - 2023-05-04 14:27:53 --> Table 'gfp_bd.agenda' doesn't exist
in SYSTEMPATH\Database\MySQLi\Connection.php on line 295.
 1 SYSTEMPATH\Database\MySQLi\Connection.php(295): mysqli->query('SELECT `agenda`.*
FROM `agenda`
WHERE `id` = \'1\'', 0)
 2 SYSTEMPATH\Database\BaseConnection.php(691): CodeIgniter\Database\MySQLi\Connection->execute('SELECT `agenda`.*
FROM `agenda`
WHERE `id` = \'1\'')
 3 SYSTEMPATH\Database\BaseConnection.php(605): CodeIgniter\Database\BaseConnection->simpleQuery('SELECT `agenda`.*
FROM `agenda`
WHERE `id` = \'1\'')
 4 SYSTEMPATH\Database\BaseBuilder.php(1616): CodeIgniter\Database\BaseConnection->query('SELECT `agenda`.*
FROM `agenda`
WHERE `id` = :id:', [...], false)
 5 SYSTEMPATH\Model.php(241): CodeIgniter\Database\BaseBuilder->get()
 6 SYSTEMPATH\BaseModel.php(618): CodeIgniter\Model->doFindAll(0, 0)
 7 APPPATH\Models\AgendaModel.php(33): CodeIgniter\BaseModel->findAll()
 8 APPPATH\Controllers\Agenda.php(28): App\Models\AgendaModel->traer_todos_los_eventos()
 9 SYSTEMPATH\CodeIgniter.php(934): App\Controllers\Agenda->buscar_eventos()
10 SYSTEMPATH\CodeIgniter.php(499): CodeIgniter\CodeIgniter->runController(Object(App\Controllers\Agenda))
11 SYSTEMPATH\CodeIgniter.php(368): CodeIgniter\CodeIgniter->handleRequest(null, Object(Config\Cache), false)
12 FCPATH\index.php(67): CodeIgniter\CodeIgniter->run()
ERROR - 2023-05-04 14:28:44 --> mysqli_sql_exception: Unknown table 'gfp_bd.agenda' in C:\xampp\htdocs\gfp\system\Database\MySQLi\Connection.php:295
Stack trace:
#0 C:\xampp\htdocs\gfp\system\Database\MySQLi\Connection.php(295): mysqli->query('SELECT `agenda`...', 0)
#1 C:\xampp\htdocs\gfp\system\Database\BaseConnection.php(691): CodeIgniter\Database\MySQLi\Connection->execute('SELECT `agenda`...')
#2 C:\xampp\htdocs\gfp\system\Database\BaseConnection.php(605): CodeIgniter\Database\BaseConnection->simpleQuery('SELECT `agenda`...')
#3 C:\xampp\htdocs\gfp\system\Database\BaseBuilder.php(1616): CodeIgniter\Database\BaseConnection->query('SELECT `agenda`...', Array, false)
#4 C:\xampp\htdocs\gfp\system\Model.php(241): CodeIgniter\Database\BaseBuilder->get()
#5 C:\xampp\htdocs\gfp\system\BaseModel.php(618): CodeIgniter\Model->doFindAll(0, 0)
#6 C:\xampp\htdocs\gfp\app\Models\AgendaModel.php(33): CodeIgniter\BaseModel->findAll()
#7 C:\xampp\htdocs\gfp\app\Controllers\Agenda.php(28): App\Models\AgendaModel->traer_todos_los_eventos()
#8 C:\xampp\htdocs\gfp\system\CodeIgniter.php(934): App\Controllers\Agenda->buscar_eventos()
#9 C:\xampp\htdocs\gfp\system\CodeIgniter.php(499): CodeIgniter\CodeIgniter->runController(Object(App\Controllers\Agenda))
#10 C:\xampp\htdocs\gfp\system\CodeIgniter.php(368): CodeIgniter\CodeIgniter->handleRequest(NULL, Object(Config\Cache), false)
#11 C:\xampp\htdocs\gfp\public\index.php(67): CodeIgniter\CodeIgniter->run()
#12 {main}
CRITICAL - 2023-05-04 14:28:44 --> Unknown table 'gfp_bd.agenda'
in SYSTEMPATH\Database\MySQLi\Connection.php on line 295.
 1 SYSTEMPATH\Database\MySQLi\Connection.php(295): mysqli->query('SELECT `agenda`.*
FROM `eventos`
WHERE `id` = \'1\'', 0)
 2 SYSTEMPATH\Database\BaseConnection.php(691): CodeIgniter\Database\MySQLi\Connection->execute('SELECT `agenda`.*
FROM `eventos`
WHERE `id` = \'1\'')
 3 SYSTEMPATH\Database\BaseConnection.php(605): CodeIgniter\Database\BaseConnection->simpleQuery('SELECT `agenda`.*
FROM `eventos`
WHERE `id` = \'1\'')
 4 SYSTEMPATH\Database\BaseBuilder.php(1616): CodeIgniter\Database\BaseConnection->query('SELECT `agenda`.*
FROM `eventos`
WHERE `id` = :id:', [...], false)
 5 SYSTEMPATH\Model.php(241): CodeIgniter\Database\BaseBuilder->get()
 6 SYSTEMPATH\BaseModel.php(618): CodeIgniter\Model->doFindAll(0, 0)
 7 APPPATH\Models\AgendaModel.php(33): CodeIgniter\BaseModel->findAll()
 8 APPPATH\Controllers\Agenda.php(28): App\Models\AgendaModel->traer_todos_los_eventos()
 9 SYSTEMPATH\CodeIgniter.php(934): App\Controllers\Agenda->buscar_eventos()
10 SYSTEMPATH\CodeIgniter.php(499): CodeIgniter\CodeIgniter->runController(Object(App\Controllers\Agenda))
11 SYSTEMPATH\CodeIgniter.php(368): CodeIgniter\CodeIgniter->handleRequest(null, Object(Config\Cache), false)
12 FCPATH\index.php(67): CodeIgniter\CodeIgniter->run()
ERROR - 2023-05-04 14:28:45 --> mysqli_sql_exception: Unknown table 'gfp_bd.agenda' in C:\xampp\htdocs\gfp\system\Database\MySQLi\Connection.php:295
Stack trace:
#0 C:\xampp\htdocs\gfp\system\Database\MySQLi\Connection.php(295): mysqli->query('SELECT `agenda`...', 0)
#1 C:\xampp\htdocs\gfp\system\Database\BaseConnection.php(691): CodeIgniter\Database\MySQLi\Connection->execute('SELECT `agenda`...')
#2 C:\xampp\htdocs\gfp\system\Database\BaseConnection.php(605): CodeIgniter\Database\BaseConnection->simpleQuery('SELECT `agenda`...')
#3 C:\xampp\htdocs\gfp\system\Database\BaseBuilder.php(1616): CodeIgniter\Database\BaseConnection->query('SELECT `agenda`...', Array, false)
#4 C:\xampp\htdocs\gfp\system\Model.php(241): CodeIgniter\Database\BaseBuilder->get()
#5 C:\xampp\htdocs\gfp\system\BaseModel.php(618): CodeIgniter\Model->doFindAll(0, 0)
#6 C:\xampp\htdocs\gfp\app\Models\AgendaModel.php(33): CodeIgniter\BaseModel->findAll()
#7 C:\xampp\htdocs\gfp\app\Controllers\Agenda.php(28): App\Models\AgendaModel->traer_todos_los_eventos()
#8 C:\xampp\htdocs\gfp\system\CodeIgniter.php(934): App\Controllers\Agenda->buscar_eventos()
#9 C:\xampp\htdocs\gfp\system\CodeIgniter.php(499): CodeIgniter\CodeIgniter->runController(Object(App\Controllers\Agenda))
#10 C:\xampp\htdocs\gfp\system\CodeIgniter.php(368): CodeIgniter\CodeIgniter->handleRequest(NULL, Object(Config\Cache), false)
#11 C:\xampp\htdocs\gfp\public\index.php(67): CodeIgniter\CodeIgniter->run()
#12 {main}
CRITICAL - 2023-05-04 14:28:45 --> Unknown table 'gfp_bd.agenda'
in SYSTEMPATH\Database\MySQLi\Connection.php on line 295.
 1 SYSTEMPATH\Database\MySQLi\Connection.php(295): mysqli->query('SELECT `agenda`.*
FROM `eventos`
WHERE `id` = \'1\'', 0)
 2 SYSTEMPATH\Database\BaseConnection.php(691): CodeIgniter\Database\MySQLi\Connection->execute('SELECT `agenda`.*
FROM `eventos`
WHERE `id` = \'1\'')
 3 SYSTEMPATH\Database\BaseConnection.php(605): CodeIgniter\Database\BaseConnection->simpleQuery('SELECT `agenda`.*
FROM `eventos`
WHERE `id` = \'1\'')
 4 SYSTEMPATH\Database\BaseBuilder.php(1616): CodeIgniter\Database\BaseConnection->query('SELECT `agenda`.*
FROM `eventos`
WHERE `id` = :id:', [...], false)
 5 SYSTEMPATH\Model.php(241): CodeIgniter\Database\BaseBuilder->get()
 6 SYSTEMPATH\BaseModel.php(618): CodeIgniter\Model->doFindAll(0, 0)
 7 APPPATH\Models\AgendaModel.php(33): CodeIgniter\BaseModel->findAll()
 8 APPPATH\Controllers\Agenda.php(28): App\Models\AgendaModel->traer_todos_los_eventos()
 9 SYSTEMPATH\CodeIgniter.php(934): App\Controllers\Agenda->buscar_eventos()
10 SYSTEMPATH\CodeIgniter.php(499): CodeIgniter\CodeIgniter->runController(Object(App\Controllers\Agenda))
11 SYSTEMPATH\CodeIgniter.php(368): CodeIgniter\CodeIgniter->handleRequest(null, Object(Config\Cache), false)
12 FCPATH\index.php(67): CodeIgniter\CodeIgniter->run()
ERROR - 2023-05-04 14:28:58 --> mysqli_sql_exception: Unknown column 'id' in 'where clause' in C:\xampp\htdocs\gfp\system\Database\MySQLi\Connection.php:295
Stack trace:
#0 C:\xampp\htdocs\gfp\system\Database\MySQLi\Connection.php(295): mysqli->query('SELECT `eventos...', 0)
#1 C:\xampp\htdocs\gfp\system\Database\BaseConnection.php(691): CodeIgniter\Database\MySQLi\Connection->execute('SELECT `eventos...')
#2 C:\xampp\htdocs\gfp\system\Database\BaseConnection.php(605): CodeIgniter\Database\BaseConnection->simpleQuery('SELECT `eventos...')
#3 C:\xampp\htdocs\gfp\system\Database\BaseBuilder.php(1616): CodeIgniter\Database\BaseConnection->query('SELECT `eventos...', Array, false)
#4 C:\xampp\htdocs\gfp\system\Model.php(241): CodeIgniter\Database\BaseBuilder->get()
#5 C:\xampp\htdocs\gfp\system\BaseModel.php(618): CodeIgniter\Model->doFindAll(0, 0)
#6 C:\xampp\htdocs\gfp\app\Models\AgendaModel.php(33): CodeIgniter\BaseModel->findAll()
#7 C:\xampp\htdocs\gfp\app\Controllers\Agenda.php(28): App\Models\AgendaModel->traer_todos_los_eventos()
#8 C:\xampp\htdocs\gfp\system\CodeIgniter.php(934): App\Controllers\Agenda->buscar_eventos()
#9 C:\xampp\htdocs\gfp\system\CodeIgniter.php(499): CodeIgniter\CodeIgniter->runController(Object(App\Controllers\Agenda))
#10 C:\xampp\htdocs\gfp\system\CodeIgniter.php(368): CodeIgniter\CodeIgniter->handleRequest(NULL, Object(Config\Cache), false)
#11 C:\xampp\htdocs\gfp\public\index.php(67): CodeIgniter\CodeIgniter->run()
#12 {main}
CRITICAL - 2023-05-04 14:28:58 --> Unknown column 'id' in 'where clause'
in SYSTEMPATH\Database\MySQLi\Connection.php on line 295.
 1 SYSTEMPATH\Database\MySQLi\Connection.php(295): mysqli->query('SELECT `eventos` .*
FROM `eventos`
WHERE `id` = \'1\'', 0)
 2 SYSTEMPATH\Database\BaseConnection.php(691): CodeIgniter\Database\MySQLi\Connection->execute('SELECT `eventos` .*
FROM `eventos`
WHERE `id` = \'1\'')
 3 SYSTEMPATH\Database\BaseConnection.php(605): CodeIgniter\Database\BaseConnection->simpleQuery('SELECT `eventos` .*
FROM `eventos`
WHERE `id` = \'1\'')
 4 SYSTEMPATH\Database\BaseBuilder.php(1616): CodeIgniter\Database\BaseConnection->query('SELECT `eventos` .*
FROM `eventos`
WHERE `id` = :id:', [...], false)
 5 SYSTEMPATH\Model.php(241): CodeIgniter\Database\BaseBuilder->get()
 6 SYSTEMPATH\BaseModel.php(618): CodeIgniter\Model->doFindAll(0, 0)
 7 APPPATH\Models\AgendaModel.php(33): CodeIgniter\BaseModel->findAll()
 8 APPPATH\Controllers\Agenda.php(28): App\Models\AgendaModel->traer_todos_los_eventos()
 9 SYSTEMPATH\CodeIgniter.php(934): App\Controllers\Agenda->buscar_eventos()
10 SYSTEMPATH\CodeIgniter.php(499): CodeIgniter\CodeIgniter->runController(Object(App\Controllers\Agenda))
11 SYSTEMPATH\CodeIgniter.php(368): CodeIgniter\CodeIgniter->handleRequest(null, Object(Config\Cache), false)
12 FCPATH\index.php(67): CodeIgniter\CodeIgniter->run()
ERROR - 2023-05-04 14:28:59 --> mysqli_sql_exception: Unknown column 'id' in 'where clause' in C:\xampp\htdocs\gfp\system\Database\MySQLi\Connection.php:295
Stack trace:
#0 C:\xampp\htdocs\gfp\system\Database\MySQLi\Connection.php(295): mysqli->query('SELECT `eventos...', 0)
#1 C:\xampp\htdocs\gfp\system\Database\BaseConnection.php(691): CodeIgniter\Database\MySQLi\Connection->execute('SELECT `eventos...')
#2 C:\xampp\htdocs\gfp\system\Database\BaseConnection.php(605): CodeIgniter\Database\BaseConnection->simpleQuery('SELECT `eventos...')
#3 C:\xampp\htdocs\gfp\system\Database\BaseBuilder.php(1616): CodeIgniter\Database\BaseConnection->query('SELECT `eventos...', Array, false)
#4 C:\xampp\htdocs\gfp\system\Model.php(241): CodeIgniter\Database\BaseBuilder->get()
#5 C:\xampp\htdocs\gfp\system\BaseModel.php(618): CodeIgniter\Model->doFindAll(0, 0)
#6 C:\xampp\htdocs\gfp\app\Models\AgendaModel.php(33): CodeIgniter\BaseModel->findAll()
#7 C:\xampp\htdocs\gfp\app\Controllers\Agenda.php(28): App\Models\AgendaModel->traer_todos_los_eventos()
#8 C:\xampp\htdocs\gfp\system\CodeIgniter.php(934): App\Controllers\Agenda->buscar_eventos()
#9 C:\xampp\htdocs\gfp\system\CodeIgniter.php(499): CodeIgniter\CodeIgniter->runController(Object(App\Controllers\Agenda))
#10 C:\xampp\htdocs\gfp\system\CodeIgniter.php(368): CodeIgniter\CodeIgniter->handleRequest(NULL, Object(Config\Cache), false)
#11 C:\xampp\htdocs\gfp\public\index.php(67): CodeIgniter\CodeIgniter->run()
#12 {main}
CRITICAL - 2023-05-04 14:28:59 --> Unknown column 'id' in 'where clause'
in SYSTEMPATH\Database\MySQLi\Connection.php on line 295.
 1 SYSTEMPATH\Database\MySQLi\Connection.php(295): mysqli->query('SELECT `eventos`.*
FROM `eventos`
WHERE `id` = \'1\'', 0)
 2 SYSTEMPATH\Database\BaseConnection.php(691): CodeIgniter\Database\MySQLi\Connection->execute('SELECT `eventos`.*
FROM `eventos`
WHERE `id` = \'1\'')
 3 SYSTEMPATH\Database\BaseConnection.php(605): CodeIgniter\Database\BaseConnection->simpleQuery('SELECT `eventos`.*
FROM `eventos`
WHERE `id` = \'1\'')
 4 SYSTEMPATH\Database\BaseBuilder.php(1616): CodeIgniter\Database\BaseConnection->query('SELECT `eventos`.*
FROM `eventos`
WHERE `id` = :id:', [...], false)
 5 SYSTEMPATH\Model.php(241): CodeIgniter\Database\BaseBuilder->get()
 6 SYSTEMPATH\BaseModel.php(618): CodeIgniter\Model->doFindAll(0, 0)
 7 APPPATH\Models\AgendaModel.php(33): CodeIgniter\BaseModel->findAll()
 8 APPPATH\Controllers\Agenda.php(28): App\Models\AgendaModel->traer_todos_los_eventos()
 9 SYSTEMPATH\CodeIgniter.php(934): App\Controllers\Agenda->buscar_eventos()
10 SYSTEMPATH\CodeIgniter.php(499): CodeIgniter\CodeIgniter->runController(Object(App\Controllers\Agenda))
11 SYSTEMPATH\CodeIgniter.php(368): CodeIgniter\CodeIgniter->handleRequest(null, Object(Config\Cache), false)
12 FCPATH\index.php(67): CodeIgniter\CodeIgniter->run()
ERROR - 2023-05-04 14:29:04 --> mysqli_sql_exception: Unknown column 'id' in 'where clause' in C:\xampp\htdocs\gfp\system\Database\MySQLi\Connection.php:295
Stack trace:
#0 C:\xampp\htdocs\gfp\system\Database\MySQLi\Connection.php(295): mysqli->query('SELECT `eventos...', 0)
#1 C:\xampp\htdocs\gfp\system\Database\BaseConnection.php(691): CodeIgniter\Database\MySQLi\Connection->execute('SELECT `eventos...')
#2 C:\xampp\htdocs\gfp\system\Database\BaseConnection.php(605): CodeIgniter\Database\BaseConnection->simpleQuery('SELECT `eventos...')
#3 C:\xampp\htdocs\gfp\system\Database\BaseBuilder.php(1616): CodeIgniter\Database\BaseConnection->query('SELECT `eventos...', Array, false)
#4 C:\xampp\htdocs\gfp\system\Model.php(241): CodeIgniter\Database\BaseBuilder->get()
#5 C:\xampp\htdocs\gfp\system\BaseModel.php(618): CodeIgniter\Model->doFindAll(0, 0)
#6 C:\xampp\htdocs\gfp\app\Models\AgendaModel.php(33): CodeIgniter\BaseModel->findAll()
#7 C:\xampp\htdocs\gfp\app\Controllers\Agenda.php(28): App\Models\AgendaModel->traer_todos_los_eventos()
#8 C:\xampp\htdocs\gfp\system\CodeIgniter.php(934): App\Controllers\Agenda->buscar_eventos()
#9 C:\xampp\htdocs\gfp\system\CodeIgniter.php(499): CodeIgniter\CodeIgniter->runController(Object(App\Controllers\Agenda))
#10 C:\xampp\htdocs\gfp\system\CodeIgniter.php(368): CodeIgniter\CodeIgniter->handleRequest(NULL, Object(Config\Cache), false)
#11 C:\xampp\htdocs\gfp\public\index.php(67): CodeIgniter\CodeIgniter->run()
#12 {main}
CRITICAL - 2023-05-04 14:29:04 --> Unknown column 'id' in 'where clause'
in SYSTEMPATH\Database\MySQLi\Connection.php on line 295.
 1 SYSTEMPATH\Database\MySQLi\Connection.php(295): mysqli->query('SELECT `eventos`.*
FROM `eventos`
WHERE `id` = 1', 0)
 2 SYSTEMPATH\Database\BaseConnection.php(691): CodeIgniter\Database\MySQLi\Connection->execute('SELECT `eventos`.*
FROM `eventos`
WHERE `id` = 1')
 3 SYSTEMPATH\Database\BaseConnection.php(605): CodeIgniter\Database\BaseConnection->simpleQuery('SELECT `eventos`.*
FROM `eventos`
WHERE `id` = 1')
 4 SYSTEMPATH\Database\BaseBuilder.php(1616): CodeIgniter\Database\BaseConnection->query('SELECT `eventos`.*
FROM `eventos`
WHERE `id` = :id:', [...], false)
 5 SYSTEMPATH\Model.php(241): CodeIgniter\Database\BaseBuilder->get()
 6 SYSTEMPATH\BaseModel.php(618): CodeIgniter\Model->doFindAll(0, 0)
 7 APPPATH\Models\AgendaModel.php(33): CodeIgniter\BaseModel->findAll()
 8 APPPATH\Controllers\Agenda.php(28): App\Models\AgendaModel->traer_todos_los_eventos()
 9 SYSTEMPATH\CodeIgniter.php(934): App\Controllers\Agenda->buscar_eventos()
10 SYSTEMPATH\CodeIgniter.php(499): CodeIgniter\CodeIgniter->runController(Object(App\Controllers\Agenda))
11 SYSTEMPATH\CodeIgniter.php(368): CodeIgniter\CodeIgniter->handleRequest(null, Object(Config\Cache), false)
12 FCPATH\index.php(67): CodeIgniter\CodeIgniter->run()
ERROR - 2023-05-04 14:29:07 --> mysqli_sql_exception: Unknown column 'id' in 'where clause' in C:\xampp\htdocs\gfp\system\Database\MySQLi\Connection.php:295
Stack trace:
#0 C:\xampp\htdocs\gfp\system\Database\MySQLi\Connection.php(295): mysqli->query('SELECT `eventos...', 0)
#1 C:\xampp\htdocs\gfp\system\Database\BaseConnection.php(691): CodeIgniter\Database\MySQLi\Connection->execute('SELECT `eventos...')
#2 C:\xampp\htdocs\gfp\system\Database\BaseConnection.php(605): CodeIgniter\Database\BaseConnection->simpleQuery('SELECT `eventos...')
#3 C:\xampp\htdocs\gfp\system\Database\BaseBuilder.php(1616): CodeIgniter\Database\BaseConnection->query('SELECT `eventos...', Array, false)
#4 C:\xampp\htdocs\gfp\system\Model.php(241): CodeIgniter\Database\BaseBuilder->get()
#5 C:\xampp\htdocs\gfp\system\BaseModel.php(618): CodeIgniter\Model->doFindAll(0, 0)
#6 C:\xampp\htdocs\gfp\app\Models\AgendaModel.php(33): CodeIgniter\BaseModel->findAll()
#7 C:\xampp\htdocs\gfp\app\Controllers\Agenda.php(28): App\Models\AgendaModel->traer_todos_los_eventos()
#8 C:\xampp\htdocs\gfp\system\CodeIgniter.php(934): App\Controllers\Agenda->buscar_eventos()
#9 C:\xampp\htdocs\gfp\system\CodeIgniter.php(499): CodeIgniter\CodeIgniter->runController(Object(App\Controllers\Agenda))
#10 C:\xampp\htdocs\gfp\system\CodeIgniter.php(368): CodeIgniter\CodeIgniter->handleRequest(NULL, Object(Config\Cache), false)
#11 C:\xampp\htdocs\gfp\public\index.php(67): CodeIgniter\CodeIgniter->run()
#12 {main}
CRITICAL - 2023-05-04 14:29:07 --> Unknown column 'id' in 'where clause'
in SYSTEMPATH\Database\MySQLi\Connection.php on line 295.
 1 SYSTEMPATH\Database\MySQLi\Connection.php(295): mysqli->query('SELECT `eventos`.*
FROM `eventos`
WHERE `id` = \'1\'', 0)
 2 SYSTEMPATH\Database\BaseConnection.php(691): CodeIgniter\Database\MySQLi\Connection->execute('SELECT `eventos`.*
FROM `eventos`
WHERE `id` = \'1\'')
 3 SYSTEMPATH\Database\BaseConnection.php(605): CodeIgniter\Database\BaseConnection->simpleQuery('SELECT `eventos`.*
FROM `eventos`
WHERE `id` = \'1\'')
 4 SYSTEMPATH\Database\BaseBuilder.php(1616): CodeIgniter\Database\BaseConnection->query('SELECT `eventos`.*
FROM `eventos`
WHERE `id` = :id:', [...], false)
 5 SYSTEMPATH\Model.php(241): CodeIgniter\Database\BaseBuilder->get()
 6 SYSTEMPATH\BaseModel.php(618): CodeIgniter\Model->doFindAll(0, 0)
 7 APPPATH\Models\AgendaModel.php(33): CodeIgniter\BaseModel->findAll()
 8 APPPATH\Controllers\Agenda.php(28): App\Models\AgendaModel->traer_todos_los_eventos()
 9 SYSTEMPATH\CodeIgniter.php(934): App\Controllers\Agenda->buscar_eventos()
10 SYSTEMPATH\CodeIgniter.php(499): CodeIgniter\CodeIgniter->runController(Object(App\Controllers\Agenda))
11 SYSTEMPATH\CodeIgniter.php(368): CodeIgniter\CodeIgniter->handleRequest(null, Object(Config\Cache), false)
12 FCPATH\index.php(67): CodeIgniter\CodeIgniter->run()
ERROR - 2023-05-04 14:32:04 --> mysqli_sql_exception: Unknown column 'id_evento' in 'where clause' in C:\xampp\htdocs\gfp\system\Database\MySQLi\Connection.php:295
Stack trace:
#0 C:\xampp\htdocs\gfp\system\Database\MySQLi\Connection.php(295): mysqli->query('SELECT `eventos...', 0)
#1 C:\xampp\htdocs\gfp\system\Database\BaseConnection.php(691): CodeIgniter\Database\MySQLi\Connection->execute('SELECT `eventos...')
#2 C:\xampp\htdocs\gfp\system\Database\BaseConnection.php(605): CodeIgniter\Database\BaseConnection->simpleQuery('SELECT `eventos...')
#3 C:\xampp\htdocs\gfp\system\Database\BaseBuilder.php(1616): CodeIgniter\Database\BaseConnection->query('SELECT `eventos...', Array, false)
#4 C:\xampp\htdocs\gfp\system\Model.php(268): CodeIgniter\Database\BaseBuilder->get()
#5 C:\xampp\htdocs\gfp\system\BaseModel.php(656): CodeIgniter\Model->doFirst()
#6 C:\xampp\htdocs\gfp\app\Models\AgendaModel.php(33): CodeIgniter\BaseModel->first()
#7 C:\xampp\htdocs\gfp\app\Controllers\Agenda.php(28): App\Models\AgendaModel->traer_todos_los_eventos()
#8 C:\xampp\htdocs\gfp\system\CodeIgniter.php(934): App\Controllers\Agenda->buscar_eventos()
#9 C:\xampp\htdocs\gfp\system\CodeIgniter.php(499): CodeIgniter\CodeIgniter->runController(Object(App\Controllers\Agenda))
#10 C:\xampp\htdocs\gfp\system\CodeIgniter.php(368): CodeIgniter\CodeIgniter->handleRequest(NULL, Object(Config\Cache), false)
#11 C:\xampp\htdocs\gfp\public\index.php(67): CodeIgniter\CodeIgniter->run()
#12 {main}
CRITICAL - 2023-05-04 14:32:04 --> Unknown column 'id_evento' in 'where clause'
in SYSTEMPATH\Database\MySQLi\Connection.php on line 295.
 1 SYSTEMPATH\Database\MySQLi\Connection.php(295): mysqli->query('SELECT `eventos`.*
FROM `eventos`
WHERE `id_evento` = \'1\'
 LIMIT 1', 0)
 2 SYSTEMPATH\Database\BaseConnection.php(691): CodeIgniter\Database\MySQLi\Connection->execute('SELECT `eventos`.*
FROM `eventos`
WHERE `id_evento` = \'1\'
 LIMIT 1')
 3 SYSTEMPATH\Database\BaseConnection.php(605): CodeIgniter\Database\BaseConnection->simpleQuery('SELECT `eventos`.*
FROM `eventos`
WHERE `id_evento` = \'1\'
 LIMIT 1')
 4 SYSTEMPATH\Database\BaseBuilder.php(1616): CodeIgniter\Database\BaseConnection->query('SELECT `eventos`.*
FROM `eventos`
WHERE `id_evento` = :id_evento:
 LIMIT 1', [...], false)
 5 SYSTEMPATH\Model.php(268): CodeIgniter\Database\BaseBuilder->get()
 6 SYSTEMPATH\BaseModel.php(656): CodeIgniter\Model->doFirst()
 7 APPPATH\Models\AgendaModel.php(33): CodeIgniter\BaseModel->first()
 8 APPPATH\Controllers\Agenda.php(28): App\Models\AgendaModel->traer_todos_los_eventos()
 9 SYSTEMPATH\CodeIgniter.php(934): App\Controllers\Agenda->buscar_eventos()
10 SYSTEMPATH\CodeIgniter.php(499): CodeIgniter\CodeIgniter->runController(Object(App\Controllers\Agenda))
11 SYSTEMPATH\CodeIgniter.php(368): CodeIgniter\CodeIgniter->handleRequest(null, Object(Config\Cache), false)
12 FCPATH\index.php(67): CodeIgniter\CodeIgniter->run()
ERROR - 2023-05-04 14:32:05 --> mysqli_sql_exception: Unknown column 'id_evento' in 'where clause' in C:\xampp\htdocs\gfp\system\Database\MySQLi\Connection.php:295
Stack trace:
#0 C:\xampp\htdocs\gfp\system\Database\MySQLi\Connection.php(295): mysqli->query('SELECT `eventos...', 0)
#1 C:\xampp\htdocs\gfp\system\Database\BaseConnection.php(691): CodeIgniter\Database\MySQLi\Connection->execute('SELECT `eventos...')
#2 C:\xampp\htdocs\gfp\system\Database\BaseConnection.php(605): CodeIgniter\Database\BaseConnection->simpleQuery('SELECT `eventos...')
#3 C:\xampp\htdocs\gfp\system\Database\BaseBuilder.php(1616): CodeIgniter\Database\BaseConnection->query('SELECT `eventos...', Array, false)
#4 C:\xampp\htdocs\gfp\system\Model.php(268): CodeIgniter\Database\BaseBuilder->get()
#5 C:\xampp\htdocs\gfp\system\BaseModel.php(656): CodeIgniter\Model->doFirst()
#6 C:\xampp\htdocs\gfp\app\Models\AgendaModel.php(33): CodeIgniter\BaseModel->first()
#7 C:\xampp\htdocs\gfp\app\Controllers\Agenda.php(28): App\Models\AgendaModel->traer_todos_los_eventos()
#8 C:\xampp\htdocs\gfp\system\CodeIgniter.php(934): App\Controllers\Agenda->buscar_eventos()
#9 C:\xampp\htdocs\gfp\system\CodeIgniter.php(499): CodeIgniter\CodeIgniter->runController(Object(App\Controllers\Agenda))
#10 C:\xampp\htdocs\gfp\system\CodeIgniter.php(368): CodeIgniter\CodeIgniter->handleRequest(NULL, Object(Config\Cache), false)
#11 C:\xampp\htdocs\gfp\public\index.php(67): CodeIgniter\CodeIgniter->run()
#12 {main}
CRITICAL - 2023-05-04 14:32:05 --> Unknown column 'id_evento' in 'where clause'
in SYSTEMPATH\Database\MySQLi\Connection.php on line 295.
 1 SYSTEMPATH\Database\MySQLi\Connection.php(295): mysqli->query('SELECT `eventos`.*
FROM `eventos`
WHERE `id_evento` = \'1\'
 LIMIT 1', 0)
 2 SYSTEMPATH\Database\BaseConnection.php(691): CodeIgniter\Database\MySQLi\Connection->execute('SELECT `eventos`.*
FROM `eventos`
WHERE `id_evento` = \'1\'
 LIMIT 1')
 3 SYSTEMPATH\Database\BaseConnection.php(605): CodeIgniter\Database\BaseConnection->simpleQuery('SELECT `eventos`.*
FROM `eventos`
WHERE `id_evento` = \'1\'
 LIMIT 1')
 4 SYSTEMPATH\Database\BaseBuilder.php(1616): CodeIgniter\Database\BaseConnection->query('SELECT `eventos`.*
FROM `eventos`
WHERE `id_evento` = :id_evento:
 LIMIT 1', [...], false)
 5 SYSTEMPATH\Model.php(268): CodeIgniter\Database\BaseBuilder->get()
 6 SYSTEMPATH\BaseModel.php(656): CodeIgniter\Model->doFirst()
 7 APPPATH\Models\AgendaModel.php(33): CodeIgniter\BaseModel->first()
 8 APPPATH\Controllers\Agenda.php(28): App\Models\AgendaModel->traer_todos_los_eventos()
 9 SYSTEMPATH\CodeIgniter.php(934): App\Controllers\Agenda->buscar_eventos()
10 SYSTEMPATH\CodeIgniter.php(499): CodeIgniter\CodeIgniter->runController(Object(App\Controllers\Agenda))
11 SYSTEMPATH\CodeIgniter.php(368): CodeIgniter\CodeIgniter->handleRequest(null, Object(Config\Cache), false)
12 FCPATH\index.php(67): CodeIgniter\CodeIgniter->run()
CRITICAL - 2023-05-04 14:41:27 --> Undefined variable $todosEventos
in APPPATH\Views\gfp\agenda\pago.php on line 129.
 1 APPPATH\Views\gfp\agenda\pago.php(129): CodeIgniter\Debug\Exceptions->errorHandler(2, 'Undefined variable $todosEventos', 'C:\\xampp\\htdocs\\gfp\\app\\Views\\gfp\\agenda\\pago.php', 129)
 2 SYSTEMPATH\View\View.php(213): include('C:\\xampp\\htdocs\\gfp\\app\\Views\\gfp\\agenda\\pago.php')
 3 SYSTEMPATH\View\View.php(216): CodeIgniter\View\View->CodeIgniter\View\{closure}()
 4 SYSTEMPATH\Common.php(1184): CodeIgniter\View\View->render('gfp/agenda/pago', [], true)
 5 APPPATH\Controllers\Agenda.php(22): view('gfp/agenda/pago', [...])
 6 SYSTEMPATH\CodeIgniter.php(934): App\Controllers\Agenda->index()
 7 SYSTEMPATH\CodeIgniter.php(499): CodeIgniter\CodeIgniter->runController(Object(App\Controllers\Agenda))
 8 SYSTEMPATH\CodeIgniter.php(368): CodeIgniter\CodeIgniter->handleRequest(null, Object(Config\Cache), false)
 9 FCPATH\index.php(67): CodeIgniter\CodeIgniter->run()
CRITICAL - 2023-05-04 14:41:45 --> Array to string conversion
in APPPATH\Views\gfp\agenda\pago.php on line 129.
 1 APPPATH\Views\gfp\agenda\pago.php(129): CodeIgniter\Debug\Exceptions->errorHandler(2, 'Array to string conversion', 'C:\\xampp\\htdocs\\gfp\\app\\Views\\gfp\\agenda\\pago.php', 129)
 2 SYSTEMPATH\View\View.php(213): include('C:\\xampp\\htdocs\\gfp\\app\\Views\\gfp\\agenda\\pago.php')
 3 SYSTEMPATH\View\View.php(216): CodeIgniter\View\View->CodeIgniter\View\{closure}()
 4 SYSTEMPATH\Common.php(1184): CodeIgniter\View\View->render('gfp/agenda/pago', [], true)
 5 APPPATH\Controllers\Agenda.php(22): view('gfp/agenda/pago', [...])
 6 SYSTEMPATH\CodeIgniter.php(934): App\Controllers\Agenda->index()
 7 SYSTEMPATH\CodeIgniter.php(499): CodeIgniter\CodeIgniter->runController(Object(App\Controllers\Agenda))
 8 SYSTEMPATH\CodeIgniter.php(368): CodeIgniter\CodeIgniter->handleRequest(null, Object(Config\Cache), false)
 9 FCPATH\index.php(67): CodeIgniter\CodeIgniter->run()
CRITICAL - 2023-05-04 14:42:41 --> Array to string conversion
in APPPATH\Views\gfp\agenda\pago.php on line 129.
 1 APPPATH\Views\gfp\agenda\pago.php(129): CodeIgniter\Debug\Exceptions->errorHandler(2, 'Array to string conversion', 'C:\\xampp\\htdocs\\gfp\\app\\Views\\gfp\\agenda\\pago.php', 129)
 2 SYSTEMPATH\View\View.php(213): include('C:\\xampp\\htdocs\\gfp\\app\\Views\\gfp\\agenda\\pago.php')
 3 SYSTEMPATH\View\View.php(216): CodeIgniter\View\View->CodeIgniter\View\{closure}()
 4 SYSTEMPATH\Common.php(1184): CodeIgniter\View\View->render('gfp/agenda/pago', [], true)
 5 APPPATH\Controllers\Agenda.php(22): view('gfp/agenda/pago', [...])
 6 SYSTEMPATH\CodeIgniter.php(934): App\Controllers\Agenda->index()
 7 SYSTEMPATH\CodeIgniter.php(499): CodeIgniter\CodeIgniter->runController(Object(App\Controllers\Agenda))
 8 SYSTEMPATH\CodeIgniter.php(368): CodeIgniter\CodeIgniter->handleRequest(null, Object(Config\Cache), false)
 9 FCPATH\index.php(67): CodeIgniter\CodeIgniter->run()
CRITICAL - 2023-05-04 14:42:52 --> Array to string conversion
in APPPATH\Views\gfp\agenda\pago.php on line 129.
 1 APPPATH\Views\gfp\agenda\pago.php(129): CodeIgniter\Debug\Exceptions->errorHandler(2, 'Array to string conversion', 'C:\\xampp\\htdocs\\gfp\\app\\Views\\gfp\\agenda\\pago.php', 129)
 2 SYSTEMPATH\View\View.php(213): include('C:\\xampp\\htdocs\\gfp\\app\\Views\\gfp\\agenda\\pago.php')
 3 SYSTEMPATH\View\View.php(216): CodeIgniter\View\View->CodeIgniter\View\{closure}()
 4 SYSTEMPATH\Common.php(1184): CodeIgniter\View\View->render('gfp/agenda/pago', [], true)
 5 APPPATH\Controllers\Agenda.php(22): view('gfp/agenda/pago', [...])
 6 SYSTEMPATH\CodeIgniter.php(934): App\Controllers\Agenda->index()
 7 SYSTEMPATH\CodeIgniter.php(499): CodeIgniter\CodeIgniter->runController(Object(App\Controllers\Agenda))
 8 SYSTEMPATH\CodeIgniter.php(368): CodeIgniter\CodeIgniter->handleRequest(null, Object(Config\Cache), false)
 9 FCPATH\index.php(67): CodeIgniter\CodeIgniter->run()
CRITICAL - 2023-05-04 14:42:53 --> syntax error, unexpected token "foreach"
in APPPATH\Views\gfp\agenda\pago.php on line 129.
 1 SYSTEMPATH\View\View.php(216): CodeIgniter\View\View->CodeIgniter\View\{closure}()
 2 SYSTEMPATH\Common.php(1184): CodeIgniter\View\View->render('gfp/agenda/pago', [], true)
 3 APPPATH\Controllers\Agenda.php(22): view('gfp/agenda/pago', [...])
 4 SYSTEMPATH\CodeIgniter.php(934): App\Controllers\Agenda->index()
 5 SYSTEMPATH\CodeIgniter.php(499): CodeIgniter\CodeIgniter->runController(Object(App\Controllers\Agenda))
 6 SYSTEMPATH\CodeIgniter.php(368): CodeIgniter\CodeIgniter->handleRequest(null, Object(Config\Cache), false)
 7 FCPATH\index.php(67): CodeIgniter\CodeIgniter->run()
CRITICAL - 2023-05-04 14:42:54 --> syntax error, unexpected token "foreach"
in APPPATH\Views\gfp\agenda\pago.php on line 129.
 1 SYSTEMPATH\View\View.php(216): CodeIgniter\View\View->CodeIgniter\View\{closure}()
 2 SYSTEMPATH\Common.php(1184): CodeIgniter\View\View->render('gfp/agenda/pago', [], true)
 3 APPPATH\Controllers\Agenda.php(22): view('gfp/agenda/pago', [...])
 4 SYSTEMPATH\CodeIgniter.php(934): App\Controllers\Agenda->index()
 5 SYSTEMPATH\CodeIgniter.php(499): CodeIgniter\CodeIgniter->runController(Object(App\Controllers\Agenda))
 6 SYSTEMPATH\CodeIgniter.php(368): CodeIgniter\CodeIgniter->handleRequest(null, Object(Config\Cache), false)
 7 FCPATH\index.php(67): CodeIgniter\CodeIgniter->run()
CRITICAL - 2023-05-04 14:44:14 --> syntax error, unexpected token "foreach"
in APPPATH\Views\gfp\agenda\pago.php on line 129.
 1 SYSTEMPATH\View\View.php(216): CodeIgniter\View\View->CodeIgniter\View\{closure}()
 2 SYSTEMPATH\Common.php(1184): CodeIgniter\View\View->render('gfp/agenda/pago', [], true)
 3 APPPATH\Controllers\Agenda.php(22): view('gfp/agenda/pago', [...])
 4 SYSTEMPATH\CodeIgniter.php(934): App\Controllers\Agenda->index()
 5 SYSTEMPATH\CodeIgniter.php(499): CodeIgniter\CodeIgniter->runController(Object(App\Controllers\Agenda))
 6 SYSTEMPATH\CodeIgniter.php(368): CodeIgniter\CodeIgniter->handleRequest(null, Object(Config\Cache), false)
 7 FCPATH\index.php(67): CodeIgniter\CodeIgniter->run()
CRITICAL - 2023-05-04 14:44:15 --> syntax error, unexpected token "foreach"
in APPPATH\Views\gfp\agenda\pago.php on line 129.
 1 SYSTEMPATH\View\View.php(216): CodeIgniter\View\View->CodeIgniter\View\{closure}()
 2 SYSTEMPATH\Common.php(1184): CodeIgniter\View\View->render('gfp/agenda/pago', [], true)
 3 APPPATH\Controllers\Agenda.php(22): view('gfp/agenda/pago', [...])
 4 SYSTEMPATH\CodeIgniter.php(934): App\Controllers\Agenda->index()
 5 SYSTEMPATH\CodeIgniter.php(499): CodeIgniter\CodeIgniter->runController(Object(App\Controllers\Agenda))
 6 SYSTEMPATH\CodeIgniter.php(368): CodeIgniter\CodeIgniter->handleRequest(null, Object(Config\Cache), false)
 7 FCPATH\index.php(67): CodeIgniter\CodeIgniter->run()
CRITICAL - 2023-05-04 14:44:42 --> Array to string conversion
in APPPATH\Views\gfp\agenda\pago.php on line 129.
 1 APPPATH\Views\gfp\agenda\pago.php(129): CodeIgniter\Debug\Exceptions->errorHandler(2, 'Array to string conversion', 'C:\\xampp\\htdocs\\gfp\\app\\Views\\gfp\\agenda\\pago.php', 129)
 2 SYSTEMPATH\View\View.php(213): include('C:\\xampp\\htdocs\\gfp\\app\\Views\\gfp\\agenda\\pago.php')
 3 SYSTEMPATH\View\View.php(216): CodeIgniter\View\View->CodeIgniter\View\{closure}()
 4 SYSTEMPATH\Common.php(1184): CodeIgniter\View\View->render('gfp/agenda/pago', [], true)
 5 APPPATH\Controllers\Agenda.php(22): view('gfp/agenda/pago', [...])
 6 SYSTEMPATH\CodeIgniter.php(934): App\Controllers\Agenda->index()
 7 SYSTEMPATH\CodeIgniter.php(499): CodeIgniter\CodeIgniter->runController(Object(App\Controllers\Agenda))
 8 SYSTEMPATH\CodeIgniter.php(368): CodeIgniter\CodeIgniter->handleRequest(null, Object(Config\Cache), false)
 9 FCPATH\index.php(67): CodeIgniter\CodeIgniter->run()
CRITICAL - 2023-05-04 14:44:43 --> Array to string conversion
in APPPATH\Views\gfp\agenda\pago.php on line 129.
 1 APPPATH\Views\gfp\agenda\pago.php(129): CodeIgniter\Debug\Exceptions->errorHandler(2, 'Array to string conversion', 'C:\\xampp\\htdocs\\gfp\\app\\Views\\gfp\\agenda\\pago.php', 129)
 2 SYSTEMPATH\View\View.php(213): include('C:\\xampp\\htdocs\\gfp\\app\\Views\\gfp\\agenda\\pago.php')
 3 SYSTEMPATH\View\View.php(216): CodeIgniter\View\View->CodeIgniter\View\{closure}()
 4 SYSTEMPATH\Common.php(1184): CodeIgniter\View\View->render('gfp/agenda/pago', [], true)
 5 APPPATH\Controllers\Agenda.php(22): view('gfp/agenda/pago', [...])
 6 SYSTEMPATH\CodeIgniter.php(934): App\Controllers\Agenda->index()
 7 SYSTEMPATH\CodeIgniter.php(499): CodeIgniter\CodeIgniter->runController(Object(App\Controllers\Agenda))
 8 SYSTEMPATH\CodeIgniter.php(368): CodeIgniter\CodeIgniter->handleRequest(null, Object(Config\Cache), false)
 9 FCPATH\index.php(67): CodeIgniter\CodeIgniter->run()
CRITICAL - 2023-05-04 14:45:02 --> syntax error, unexpected token "foreach"
in APPPATH\Views\gfp\agenda\pago.php on line 129.
 1 SYSTEMPATH\View\View.php(216): CodeIgniter\View\View->CodeIgniter\View\{closure}()
 2 SYSTEMPATH\Common.php(1184): CodeIgniter\View\View->render('gfp/agenda/pago', [], true)
 3 APPPATH\Controllers\Agenda.php(22): view('gfp/agenda/pago', [...])
 4 SYSTEMPATH\CodeIgniter.php(934): App\Controllers\Agenda->index()
 5 SYSTEMPATH\CodeIgniter.php(499): CodeIgniter\CodeIgniter->runController(Object(App\Controllers\Agenda))
 6 SYSTEMPATH\CodeIgniter.php(368): CodeIgniter\CodeIgniter->handleRequest(null, Object(Config\Cache), false)
 7 FCPATH\index.php(67): CodeIgniter\CodeIgniter->run()
CRITICAL - 2023-05-04 14:45:07 --> syntax error, unexpected token "foreach"
in APPPATH\Views\gfp\agenda\pago.php on line 129.
 1 SYSTEMPATH\View\View.php(216): CodeIgniter\View\View->CodeIgniter\View\{closure}()
 2 SYSTEMPATH\Common.php(1184): CodeIgniter\View\View->render('gfp/agenda/pago', [], true)
 3 APPPATH\Controllers\Agenda.php(22): view('gfp/agenda/pago', [...])
 4 SYSTEMPATH\CodeIgniter.php(934): App\Controllers\Agenda->index()
 5 SYSTEMPATH\CodeIgniter.php(499): CodeIgniter\CodeIgniter->runController(Object(App\Controllers\Agenda))
 6 SYSTEMPATH\CodeIgniter.php(368): CodeIgniter\CodeIgniter->handleRequest(null, Object(Config\Cache), false)
 7 FCPATH\index.php(67): CodeIgniter\CodeIgniter->run()
CRITICAL - 2023-05-04 14:45:08 --> syntax error, unexpected token "foreach"
in APPPATH\Views\gfp\agenda\pago.php on line 129.
 1 SYSTEMPATH\View\View.php(216): CodeIgniter\View\View->CodeIgniter\View\{closure}()
 2 SYSTEMPATH\Common.php(1184): CodeIgniter\View\View->render('gfp/agenda/pago', [], true)
 3 APPPATH\Controllers\Agenda.php(22): view('gfp/agenda/pago', [...])
 4 SYSTEMPATH\CodeIgniter.php(934): App\Controllers\Agenda->index()
 5 SYSTEMPATH\CodeIgniter.php(499): CodeIgniter\CodeIgniter->runController(Object(App\Controllers\Agenda))
 6 SYSTEMPATH\CodeIgniter.php(368): CodeIgniter\CodeIgniter->handleRequest(null, Object(Config\Cache), false)
 7 FCPATH\index.php(67): CodeIgniter\CodeIgniter->run()
CRITICAL - 2023-05-04 14:46:15 --> syntax error, unexpected token "foreach"
in APPPATH\Views\gfp\agenda\pago.php on line 129.
 1 SYSTEMPATH\View\View.php(216): CodeIgniter\View\View->CodeIgniter\View\{closure}()
 2 SYSTEMPATH\Common.php(1184): CodeIgniter\View\View->render('gfp/agenda/pago', [], true)
 3 APPPATH\Controllers\Agenda.php(22): view('gfp/agenda/pago', [...])
 4 SYSTEMPATH\CodeIgniter.php(934): App\Controllers\Agenda->index()
 5 SYSTEMPATH\CodeIgniter.php(499): CodeIgniter\CodeIgniter->runController(Object(App\Controllers\Agenda))
 6 SYSTEMPATH\CodeIgniter.php(368): CodeIgniter\CodeIgniter->handleRequest(null, Object(Config\Cache), false)
 7 FCPATH\index.php(67): CodeIgniter\CodeIgniter->run()
CRITICAL - 2023-05-04 14:46:16 --> syntax error, unexpected token "foreach"
in APPPATH\Views\gfp\agenda\pago.php on line 129.
 1 SYSTEMPATH\View\View.php(216): CodeIgniter\View\View->CodeIgniter\View\{closure}()
 2 SYSTEMPATH\Common.php(1184): CodeIgniter\View\View->render('gfp/agenda/pago', [], true)
 3 APPPATH\Controllers\Agenda.php(22): view('gfp/agenda/pago', [...])
 4 SYSTEMPATH\CodeIgniter.php(934): App\Controllers\Agenda->index()
 5 SYSTEMPATH\CodeIgniter.php(499): CodeIgniter\CodeIgniter->runController(Object(App\Controllers\Agenda))
 6 SYSTEMPATH\CodeIgniter.php(368): CodeIgniter\CodeIgniter->handleRequest(null, Object(Config\Cache), false)
 7 FCPATH\index.php(67): CodeIgniter\CodeIgniter->run()
CRITICAL - 2023-05-04 14:46:26 --> Cannot access offset of type string on string
in APPPATH\Views\gfp\agenda\pago.php on line 131.
 1 SYSTEMPATH\View\View.php(213): include()
 2 SYSTEMPATH\View\View.php(216): CodeIgniter\View\View->CodeIgniter\View\{closure}()
 3 SYSTEMPATH\Common.php(1184): CodeIgniter\View\View->render('gfp/agenda/pago', [], true)
 4 APPPATH\Controllers\Agenda.php(22): view('gfp/agenda/pago', [...])
 5 SYSTEMPATH\CodeIgniter.php(934): App\Controllers\Agenda->index()
 6 SYSTEMPATH\CodeIgniter.php(499): CodeIgniter\CodeIgniter->runController(Object(App\Controllers\Agenda))
 7 SYSTEMPATH\CodeIgniter.php(368): CodeIgniter\CodeIgniter->handleRequest(null, Object(Config\Cache), false)
 8 FCPATH\index.php(67): CodeIgniter\CodeIgniter->run()
CRITICAL - 2023-05-04 14:46:27 --> Cannot access offset of type string on string
in APPPATH\Views\gfp\agenda\pago.php on line 131.
 1 SYSTEMPATH\View\View.php(213): include()
 2 SYSTEMPATH\View\View.php(216): CodeIgniter\View\View->CodeIgniter\View\{closure}()
 3 SYSTEMPATH\Common.php(1184): CodeIgniter\View\View->render('gfp/agenda/pago', [], true)
 4 APPPATH\Controllers\Agenda.php(22): view('gfp/agenda/pago', [...])
 5 SYSTEMPATH\CodeIgniter.php(934): App\Controllers\Agenda->index()
 6 SYSTEMPATH\CodeIgniter.php(499): CodeIgniter\CodeIgniter->runController(Object(App\Controllers\Agenda))
 7 SYSTEMPATH\CodeIgniter.php(368): CodeIgniter\CodeIgniter->handleRequest(null, Object(Config\Cache), false)
 8 FCPATH\index.php(67): CodeIgniter\CodeIgniter->run()
CRITICAL - 2023-05-04 14:46:45 --> Cannot access offset of type string on string
in APPPATH\Views\gfp\agenda\pago.php on line 131.
 1 SYSTEMPATH\View\View.php(213): include()
 2 SYSTEMPATH\View\View.php(216): CodeIgniter\View\View->CodeIgniter\View\{closure}()
 3 SYSTEMPATH\Common.php(1184): CodeIgniter\View\View->render('gfp/agenda/pago', [], true)
 4 APPPATH\Controllers\Agenda.php(22): view('gfp/agenda/pago', [...])
 5 SYSTEMPATH\CodeIgniter.php(934): App\Controllers\Agenda->index()
 6 SYSTEMPATH\CodeIgniter.php(499): CodeIgniter\CodeIgniter->runController(Object(App\Controllers\Agenda))
 7 SYSTEMPATH\CodeIgniter.php(368): CodeIgniter\CodeIgniter->handleRequest(null, Object(Config\Cache), false)
 8 FCPATH\index.php(67): CodeIgniter\CodeIgniter->run()
CRITICAL - 2023-05-04 14:46:46 --> Cannot access offset of type string on string
in APPPATH\Views\gfp\agenda\pago.php on line 131.
 1 SYSTEMPATH\View\View.php(213): include()
 2 SYSTEMPATH\View\View.php(216): CodeIgniter\View\View->CodeIgniter\View\{closure}()
 3 SYSTEMPATH\Common.php(1184): CodeIgniter\View\View->render('gfp/agenda/pago', [], true)
 4 APPPATH\Controllers\Agenda.php(22): view('gfp/agenda/pago', [...])
 5 SYSTEMPATH\CodeIgniter.php(934): App\Controllers\Agenda->index()
 6 SYSTEMPATH\CodeIgniter.php(499): CodeIgniter\CodeIgniter->runController(Object(App\Controllers\Agenda))
 7 SYSTEMPATH\CodeIgniter.php(368): CodeIgniter\CodeIgniter->handleRequest(null, Object(Config\Cache), false)
 8 FCPATH\index.php(67): CodeIgniter\CodeIgniter->run()
CRITICAL - 2023-05-04 14:47:06 --> syntax error, unexpected identifier "id", expecting "," or ";"
in APPPATH\Views\gfp\agenda\pago.php on line 131.
 1 SYSTEMPATH\View\View.php(216): CodeIgniter\View\View->CodeIgniter\View\{closure}()
 2 SYSTEMPATH\Common.php(1184): CodeIgniter\View\View->render('gfp/agenda/pago', [], true)
 3 APPPATH\Controllers\Agenda.php(22): view('gfp/agenda/pago', [...])
 4 SYSTEMPATH\CodeIgniter.php(934): App\Controllers\Agenda->index()
 5 SYSTEMPATH\CodeIgniter.php(499): CodeIgniter\CodeIgniter->runController(Object(App\Controllers\Agenda))
 6 SYSTEMPATH\CodeIgniter.php(368): CodeIgniter\CodeIgniter->handleRequest(null, Object(Config\Cache), false)
 7 FCPATH\index.php(67): CodeIgniter\CodeIgniter->run()
CRITICAL - 2023-05-04 14:48:13 --> Cannot access offset of type string on string
in APPPATH\Views\gfp\agenda\pago.php on line 131.
 1 SYSTEMPATH\View\View.php(213): include()
 2 SYSTEMPATH\View\View.php(216): CodeIgniter\View\View->CodeIgniter\View\{closure}()
 3 SYSTEMPATH\Common.php(1184): CodeIgniter\View\View->render('gfp/agenda/pago', [], true)
 4 APPPATH\Controllers\Agenda.php(22): view('gfp/agenda/pago', [...])
 5 SYSTEMPATH\CodeIgniter.php(934): App\Controllers\Agenda->index()
 6 SYSTEMPATH\CodeIgniter.php(499): CodeIgniter\CodeIgniter->runController(Object(App\Controllers\Agenda))
 7 SYSTEMPATH\CodeIgniter.php(368): CodeIgniter\CodeIgniter->handleRequest(null, Object(Config\Cache), false)
 8 FCPATH\index.php(67): CodeIgniter\CodeIgniter->run()
CRITICAL - 2023-05-04 14:48:14 --> Cannot access offset of type string on string
in APPPATH\Views\gfp\agenda\pago.php on line 131.
 1 SYSTEMPATH\View\View.php(213): include()
 2 SYSTEMPATH\View\View.php(216): CodeIgniter\View\View->CodeIgniter\View\{closure}()
 3 SYSTEMPATH\Common.php(1184): CodeIgniter\View\View->render('gfp/agenda/pago', [], true)
 4 APPPATH\Controllers\Agenda.php(22): view('gfp/agenda/pago', [...])
 5 SYSTEMPATH\CodeIgniter.php(934): App\Controllers\Agenda->index()
 6 SYSTEMPATH\CodeIgniter.php(499): CodeIgniter\CodeIgniter->runController(Object(App\Controllers\Agenda))
 7 SYSTEMPATH\CodeIgniter.php(368): CodeIgniter\CodeIgniter->handleRequest(null, Object(Config\Cache), false)
 8 FCPATH\index.php(67): CodeIgniter\CodeIgniter->run()
CRITICAL - 2023-05-04 14:48:22 --> Cannot access offset of type string on string
in APPPATH\Views\gfp\agenda\pago.php on line 130.
 1 SYSTEMPATH\View\View.php(213): include()
 2 SYSTEMPATH\View\View.php(216): CodeIgniter\View\View->CodeIgniter\View\{closure}()
 3 SYSTEMPATH\Common.php(1184): CodeIgniter\View\View->render('gfp/agenda/pago', [], true)
 4 APPPATH\Controllers\Agenda.php(22): view('gfp/agenda/pago', [...])
 5 SYSTEMPATH\CodeIgniter.php(934): App\Controllers\Agenda->index()
 6 SYSTEMPATH\CodeIgniter.php(499): CodeIgniter\CodeIgniter->runController(Object(App\Controllers\Agenda))
 7 SYSTEMPATH\CodeIgniter.php(368): CodeIgniter\CodeIgniter->handleRequest(null, Object(Config\Cache), false)
 8 FCPATH\index.php(67): CodeIgniter\CodeIgniter->run()
CRITICAL - 2023-05-04 14:48:23 --> Cannot access offset of type string on string
in APPPATH\Views\gfp\agenda\pago.php on line 130.
 1 SYSTEMPATH\View\View.php(213): include()
 2 SYSTEMPATH\View\View.php(216): CodeIgniter\View\View->CodeIgniter\View\{closure}()
 3 SYSTEMPATH\Common.php(1184): CodeIgniter\View\View->render('gfp/agenda/pago', [], true)
 4 APPPATH\Controllers\Agenda.php(22): view('gfp/agenda/pago', [...])
 5 SYSTEMPATH\CodeIgniter.php(934): App\Controllers\Agenda->index()
 6 SYSTEMPATH\CodeIgniter.php(499): CodeIgniter\CodeIgniter->runController(Object(App\Controllers\Agenda))
 7 SYSTEMPATH\CodeIgniter.php(368): CodeIgniter\CodeIgniter->handleRequest(null, Object(Config\Cache), false)
 8 FCPATH\index.php(67): CodeIgniter\CodeIgniter->run()
CRITICAL - 2023-05-04 14:49:13 --> Cannot access offset of type string on string
in APPPATH\Views\gfp\agenda\pago.php on line 130.
 1 SYSTEMPATH\View\View.php(213): include()
 2 SYSTEMPATH\View\View.php(216): CodeIgniter\View\View->CodeIgniter\View\{closure}()
 3 SYSTEMPATH\Common.php(1184): CodeIgniter\View\View->render('gfp/agenda/pago', [], true)
 4 APPPATH\Controllers\Agenda.php(22): view('gfp/agenda/pago', [...])
 5 SYSTEMPATH\CodeIgniter.php(934): App\Controllers\Agenda->index()
 6 SYSTEMPATH\CodeIgniter.php(499): CodeIgniter\CodeIgniter->runController(Object(App\Controllers\Agenda))
 7 SYSTEMPATH\CodeIgniter.php(368): CodeIgniter\CodeIgniter->handleRequest(null, Object(Config\Cache), false)
 8 FCPATH\index.php(67): CodeIgniter\CodeIgniter->run()
CRITICAL - 2023-05-04 14:49:28 --> Cannot access offset of type string on string
in APPPATH\Views\gfp\agenda\pago.php on line 130.
 1 SYSTEMPATH\View\View.php(213): include()
 2 SYSTEMPATH\View\View.php(216): CodeIgniter\View\View->CodeIgniter\View\{closure}()
 3 SYSTEMPATH\Common.php(1184): CodeIgniter\View\View->render('gfp/agenda/pago', [], true)
 4 APPPATH\Controllers\Agenda.php(22): view('gfp/agenda/pago', [...])
 5 SYSTEMPATH\CodeIgniter.php(934): App\Controllers\Agenda->index()
 6 SYSTEMPATH\CodeIgniter.php(499): CodeIgniter\CodeIgniter->runController(Object(App\Controllers\Agenda))
 7 SYSTEMPATH\CodeIgniter.php(368): CodeIgniter\CodeIgniter->handleRequest(null, Object(Config\Cache), false)
 8 FCPATH\index.php(67): CodeIgniter\CodeIgniter->run()
CRITICAL - 2023-05-04 14:49:29 --> Cannot access offset of type string on string
in APPPATH\Views\gfp\agenda\pago.php on line 130.
 1 SYSTEMPATH\View\View.php(213): include()
 2 SYSTEMPATH\View\View.php(216): CodeIgniter\View\View->CodeIgniter\View\{closure}()
 3 SYSTEMPATH\Common.php(1184): CodeIgniter\View\View->render('gfp/agenda/pago', [], true)
 4 APPPATH\Controllers\Agenda.php(22): view('gfp/agenda/pago', [...])
 5 SYSTEMPATH\CodeIgniter.php(934): App\Controllers\Agenda->index()
 6 SYSTEMPATH\CodeIgniter.php(499): CodeIgniter\CodeIgniter->runController(Object(App\Controllers\Agenda))
 7 SYSTEMPATH\CodeIgniter.php(368): CodeIgniter\CodeIgniter->handleRequest(null, Object(Config\Cache), false)
 8 FCPATH\index.php(67): CodeIgniter\CodeIgniter->run()
CRITICAL - 2023-05-04 14:50:18 --> syntax error, unexpected floating-point number ".1", expecting "," or ";"
in APPPATH\Views\gfp\agenda\pago.php on line 130.
 1 SYSTEMPATH\View\View.php(216): CodeIgniter\View\View->CodeIgniter\View\{closure}()
 2 SYSTEMPATH\Common.php(1184): CodeIgniter\View\View->render('gfp/agenda/pago', [], true)
 3 APPPATH\Controllers\Agenda.php(22): view('gfp/agenda/pago', [...])
 4 SYSTEMPATH\CodeIgniter.php(934): App\Controllers\Agenda->index()
 5 SYSTEMPATH\CodeIgniter.php(499): CodeIgniter\CodeIgniter->runController(Object(App\Controllers\Agenda))
 6 SYSTEMPATH\CodeIgniter.php(368): CodeIgniter\CodeIgniter->handleRequest(null, Object(Config\Cache), false)
 7 FCPATH\index.php(67): CodeIgniter\CodeIgniter->run()
CRITICAL - 2023-05-04 14:50:19 --> syntax error, unexpected floating-point number ".1", expecting "," or ";"
in APPPATH\Views\gfp\agenda\pago.php on line 130.
 1 SYSTEMPATH\View\View.php(216): CodeIgniter\View\View->CodeIgniter\View\{closure}()
 2 SYSTEMPATH\Common.php(1184): CodeIgniter\View\View->render('gfp/agenda/pago', [], true)
 3 APPPATH\Controllers\Agenda.php(22): view('gfp/agenda/pago', [...])
 4 SYSTEMPATH\CodeIgniter.php(934): App\Controllers\Agenda->index()
 5 SYSTEMPATH\CodeIgniter.php(499): CodeIgniter\CodeIgniter->runController(Object(App\Controllers\Agenda))
 6 SYSTEMPATH\CodeIgniter.php(368): CodeIgniter\CodeIgniter->handleRequest(null, Object(Config\Cache), false)
 7 FCPATH\index.php(67): CodeIgniter\CodeIgniter->run()
CRITICAL - 2023-05-04 14:50:24 --> syntax error, unexpected floating-point number ".2", expecting "," or ";"
in APPPATH\Views\gfp\agenda\pago.php on line 130.
 1 SYSTEMPATH\View\View.php(216): CodeIgniter\View\View->CodeIgniter\View\{closure}()
 2 SYSTEMPATH\Common.php(1184): CodeIgniter\View\View->render('gfp/agenda/pago', [], true)
 3 APPPATH\Controllers\Agenda.php(22): view('gfp/agenda/pago', [...])
 4 SYSTEMPATH\CodeIgniter.php(934): App\Controllers\Agenda->index()
 5 SYSTEMPATH\CodeIgniter.php(499): CodeIgniter\CodeIgniter->runController(Object(App\Controllers\Agenda))
 6 SYSTEMPATH\CodeIgniter.php(368): CodeIgniter\CodeIgniter->handleRequest(null, Object(Config\Cache), false)
 7 FCPATH\index.php(67): CodeIgniter\CodeIgniter->run()
CRITICAL - 2023-05-04 14:51:45 --> syntax error, unexpected token ":", expecting "," or ";"
in APPPATH\Views\gfp\agenda\pago.php on line 129.
 1 SYSTEMPATH\View\View.php(216): CodeIgniter\View\View->CodeIgniter\View\{closure}()
 2 SYSTEMPATH\Common.php(1184): CodeIgniter\View\View->render('gfp/agenda/pago', [], true)
 3 APPPATH\Controllers\Agenda.php(22): view('gfp/agenda/pago', [...])
 4 SYSTEMPATH\CodeIgniter.php(934): App\Controllers\Agenda->index()
 5 SYSTEMPATH\CodeIgniter.php(499): CodeIgniter\CodeIgniter->runController(Object(App\Controllers\Agenda))
 6 SYSTEMPATH\CodeIgniter.php(368): CodeIgniter\CodeIgniter->handleRequest(null, Object(Config\Cache), false)
 7 FCPATH\index.php(67): CodeIgniter\CodeIgniter->run()
CRITICAL - 2023-05-04 14:51:54 --> syntax error, unexpected variable "$evento", expecting "," or ";"
in APPPATH\Views\gfp\agenda\pago.php on line 129.
 1 SYSTEMPATH\View\View.php(216): CodeIgniter\View\View->CodeIgniter\View\{closure}()
 2 SYSTEMPATH\Common.php(1184): CodeIgniter\View\View->render('gfp/agenda/pago', [], true)
 3 APPPATH\Controllers\Agenda.php(22): view('gfp/agenda/pago', [...])
 4 SYSTEMPATH\CodeIgniter.php(934): App\Controllers\Agenda->index()
 5 SYSTEMPATH\CodeIgniter.php(499): CodeIgniter\CodeIgniter->runController(Object(App\Controllers\Agenda))
 6 SYSTEMPATH\CodeIgniter.php(368): CodeIgniter\CodeIgniter->handleRequest(null, Object(Config\Cache), false)
 7 FCPATH\index.php(67): CodeIgniter\CodeIgniter->run()
CRITICAL - 2023-05-04 14:51:55 --> syntax error, unexpected variable "$evento", expecting "," or ";"
in APPPATH\Views\gfp\agenda\pago.php on line 129.
 1 SYSTEMPATH\View\View.php(216): CodeIgniter\View\View->CodeIgniter\View\{closure}()
 2 SYSTEMPATH\Common.php(1184): CodeIgniter\View\View->render('gfp/agenda/pago', [], true)
 3 APPPATH\Controllers\Agenda.php(22): view('gfp/agenda/pago', [...])
 4 SYSTEMPATH\CodeIgniter.php(934): App\Controllers\Agenda->index()
 5 SYSTEMPATH\CodeIgniter.php(499): CodeIgniter\CodeIgniter->runController(Object(App\Controllers\Agenda))
 6 SYSTEMPATH\CodeIgniter.php(368): CodeIgniter\CodeIgniter->handleRequest(null, Object(Config\Cache), false)
 7 FCPATH\index.php(67): CodeIgniter\CodeIgniter->run()
CRITICAL - 2023-05-04 14:52:08 --> syntax error, unexpected single-quoted string ".$evento[", expecting "," or ";"
in APPPATH\Views\gfp\agenda\pago.php on line 129.
 1 SYSTEMPATH\View\View.php(216): CodeIgniter\View\View->CodeIgniter\View\{closure}()
 2 SYSTEMPATH\Common.php(1184): CodeIgniter\View\View->render('gfp/agenda/pago', [], true)
 3 APPPATH\Controllers\Agenda.php(22): view('gfp/agenda/pago', [...])
 4 SYSTEMPATH\CodeIgniter.php(934): App\Controllers\Agenda->index()
 5 SYSTEMPATH\CodeIgniter.php(499): CodeIgniter\CodeIgniter->runController(Object(App\Controllers\Agenda))
 6 SYSTEMPATH\CodeIgniter.php(368): CodeIgniter\CodeIgniter->handleRequest(null, Object(Config\Cache), false)
 7 FCPATH\index.php(67): CodeIgniter\CodeIgniter->run()
CRITICAL - 2023-05-04 14:52:14 --> syntax error, unexpected identifier "id", expecting "," or ";"
in APPPATH\Views\gfp\agenda\pago.php on line 129.
 1 SYSTEMPATH\View\View.php(216): CodeIgniter\View\View->CodeIgniter\View\{closure}()
 2 SYSTEMPATH\Common.php(1184): CodeIgniter\View\View->render('gfp/agenda/pago', [], true)
 3 APPPATH\Controllers\Agenda.php(22): view('gfp/agenda/pago', [...])
 4 SYSTEMPATH\CodeIgniter.php(934): App\Controllers\Agenda->index()
 5 SYSTEMPATH\CodeIgniter.php(499): CodeIgniter\CodeIgniter->runController(Object(App\Controllers\Agenda))
 6 SYSTEMPATH\CodeIgniter.php(368): CodeIgniter\CodeIgniter->handleRequest(null, Object(Config\Cache), false)
 7 FCPATH\index.php(67): CodeIgniter\CodeIgniter->run()
CRITICAL - 2023-05-04 14:53:53 --> syntax error, unexpected token "echo"
in APPPATH\Controllers\Saquito.php on line 20.
 1 SYSTEMPATH\Autoloader\Autoloader.php(289): CodeIgniter\Autoloader\Autoloader->includeFile('C:\\xampp\\htdocs\\gfp\\app\\Controllers\\Saquito.php')
 2 SYSTEMPATH\Autoloader\Autoloader.php(267): CodeIgniter\Autoloader\Autoloader->loadInNamespace('App\\Controllers\\Saquito')
 3 [internal function]: CodeIgniter\Autoloader\Autoloader->loadClass('App\\Controllers\\Saquito')
 4 SYSTEMPATH\CodeIgniter.php(892): class_exists('\\App\\Controllers\\Saquito', true)
 5 SYSTEMPATH\CodeIgniter.php(486): CodeIgniter\CodeIgniter->startController()
 6 SYSTEMPATH\CodeIgniter.php(368): CodeIgniter\CodeIgniter->handleRequest(null, Object(Config\Cache), false)
 7 FCPATH\index.php(67): CodeIgniter\CodeIgniter->run()
CRITICAL - 2023-05-04 14:55:58 --> syntax error, unexpected token "}", expecting "," or ";"
in APPPATH\Controllers\Agenda.php on line 30.
 1 SYSTEMPATH\Router\Router.php(507): CodeIgniter\Router\AutoRouter->getRoute('Agenda/buscarEventos')
 2 SYSTEMPATH\Router\Router.php(206): CodeIgniter\Router\Router->autoRoute('Agenda/buscarEventos')
 3 SYSTEMPATH\CodeIgniter.php(815): CodeIgniter\Router\Router->handle('Agenda/buscarEventos')
 4 SYSTEMPATH\CodeIgniter.php(449): CodeIgniter\CodeIgniter->tryToRouteIt(Object(CodeIgniter\Router\RouteCollection))
 5 SYSTEMPATH\CodeIgniter.php(368): CodeIgniter\CodeIgniter->handleRequest(null, Object(Config\Cache), false)
 6 FCPATH\index.php(67): CodeIgniter\CodeIgniter->run()
CRITICAL - 2023-05-04 14:55:59 --> syntax error, unexpected token "}", expecting "," or ";"
in APPPATH\Controllers\Agenda.php on line 30.
 1 SYSTEMPATH\Router\Router.php(507): CodeIgniter\Router\AutoRouter->getRoute('Agenda/buscarEventos')
 2 SYSTEMPATH\Router\Router.php(206): CodeIgniter\Router\Router->autoRoute('Agenda/buscarEventos')
 3 SYSTEMPATH\CodeIgniter.php(815): CodeIgniter\Router\Router->handle('Agenda/buscarEventos')
 4 SYSTEMPATH\CodeIgniter.php(449): CodeIgniter\CodeIgniter->tryToRouteIt(Object(CodeIgniter\Router\RouteCollection))
 5 SYSTEMPATH\CodeIgniter.php(368): CodeIgniter\CodeIgniter->handleRequest(null, Object(Config\Cache), false)
 6 FCPATH\index.php(67): CodeIgniter\CodeIgniter->run()
CRITICAL - 2023-05-04 15:07:45 --> Call to undefined method App\Models\AgendaModel::row_array
in SYSTEMPATH\Model.php on line 842.
 1 APPPATH\Models\AgendaModel.php(32): CodeIgniter\Model->__call('row_array', [])
 2 APPPATH\Controllers\Agenda.php(28): App\Models\AgendaModel->traer_todos_los_eventos()
 3 SYSTEMPATH\CodeIgniter.php(934): App\Controllers\Agenda->buscarEventos()
 4 SYSTEMPATH\CodeIgniter.php(499): CodeIgniter\CodeIgniter->runController(Object(App\Controllers\Agenda))
 5 SYSTEMPATH\CodeIgniter.php(368): CodeIgniter\CodeIgniter->handleRequest(null, Object(Config\Cache), false)
 6 FCPATH\index.php(67): CodeIgniter\CodeIgniter->run()
CRITICAL - 2023-05-04 15:07:47 --> Call to undefined method App\Models\AgendaModel::row_array
in SYSTEMPATH\Model.php on line 842.
 1 APPPATH\Models\AgendaModel.php(32): CodeIgniter\Model->__call('row_array', [])
 2 APPPATH\Controllers\Agenda.php(28): App\Models\AgendaModel->traer_todos_los_eventos()
 3 SYSTEMPATH\CodeIgniter.php(934): App\Controllers\Agenda->buscarEventos()
 4 SYSTEMPATH\CodeIgniter.php(499): CodeIgniter\CodeIgniter->runController(Object(App\Controllers\Agenda))
 5 SYSTEMPATH\CodeIgniter.php(368): CodeIgniter\CodeIgniter->handleRequest(null, Object(Config\Cache), false)
 6 FCPATH\index.php(67): CodeIgniter\CodeIgniter->run()
CRITICAL - 2023-05-04 15:07:48 --> Call to undefined method App\Models\AgendaModel::row_array
in SYSTEMPATH\Model.php on line 842.
 1 APPPATH\Models\AgendaModel.php(32): CodeIgniter\Model->__call('row_array', [])
 2 APPPATH\Controllers\Agenda.php(28): App\Models\AgendaModel->traer_todos_los_eventos()
 3 SYSTEMPATH\CodeIgniter.php(934): App\Controllers\Agenda->buscarEventos()
 4 SYSTEMPATH\CodeIgniter.php(499): CodeIgniter\CodeIgniter->runController(Object(App\Controllers\Agenda))
 5 SYSTEMPATH\CodeIgniter.php(368): CodeIgniter\CodeIgniter->handleRequest(null, Object(Config\Cache), false)
 6 FCPATH\index.php(67): CodeIgniter\CodeIgniter->run()
CRITICAL - 2023-05-04 15:08:08 --> Call to undefined method App\Models\AgendaModel::getRowArray
in SYSTEMPATH\Model.php on line 842.
 1 APPPATH\Models\AgendaModel.php(32): CodeIgniter\Model->__call('getRowArray', [])
 2 APPPATH\Controllers\Agenda.php(28): App\Models\AgendaModel->traer_todos_los_eventos()
 3 SYSTEMPATH\CodeIgniter.php(934): App\Controllers\Agenda->buscarEventos()
 4 SYSTEMPATH\CodeIgniter.php(499): CodeIgniter\CodeIgniter->runController(Object(App\Controllers\Agenda))
 5 SYSTEMPATH\CodeIgniter.php(368): CodeIgniter\CodeIgniter->handleRequest(null, Object(Config\Cache), false)
 6 FCPATH\index.php(67): CodeIgniter\CodeIgniter->run()
CRITICAL - 2023-05-04 15:08:09 --> Call to undefined method App\Models\AgendaModel::getRowArray
in SYSTEMPATH\Model.php on line 842.
 1 APPPATH\Models\AgendaModel.php(32): CodeIgniter\Model->__call('getRowArray', [])
 2 APPPATH\Controllers\Agenda.php(28): App\Models\AgendaModel->traer_todos_los_eventos()
 3 SYSTEMPATH\CodeIgniter.php(934): App\Controllers\Agenda->buscarEventos()
 4 SYSTEMPATH\CodeIgniter.php(499): CodeIgniter\CodeIgniter->runController(Object(App\Controllers\Agenda))
 5 SYSTEMPATH\CodeIgniter.php(368): CodeIgniter\CodeIgniter->handleRequest(null, Object(Config\Cache), false)
 6 FCPATH\index.php(67): CodeIgniter\CodeIgniter->run()
CRITICAL - 2023-05-04 15:08:24 --> Call to a member function getRowArray() on null
in APPPATH\Models\AgendaModel.php on line 32.
 1 APPPATH\Controllers\Agenda.php(28): App\Models\AgendaModel->traer_todos_los_eventos()
 2 SYSTEMPATH\CodeIgniter.php(934): App\Controllers\Agenda->buscarEventos()
 3 SYSTEMPATH\CodeIgniter.php(499): CodeIgniter\CodeIgniter->runController(Object(App\Controllers\Agenda))
 4 SYSTEMPATH\CodeIgniter.php(368): CodeIgniter\CodeIgniter->handleRequest(null, Object(Config\Cache), false)
 5 FCPATH\index.php(67): CodeIgniter\CodeIgniter->run()
CRITICAL - 2023-05-04 15:09:07 --> Call to undefined method CodeIgniter\Database\MySQLi\Result::array()
in APPPATH\Models\AgendaModel.php on line 32.
 1 APPPATH\Controllers\Agenda.php(28): App\Models\AgendaModel->traer_todos_los_eventos()
 2 SYSTEMPATH\CodeIgniter.php(934): App\Controllers\Agenda->buscarEventos()
 3 SYSTEMPATH\CodeIgniter.php(499): CodeIgniter\CodeIgniter->runController(Object(App\Controllers\Agenda))
 4 SYSTEMPATH\CodeIgniter.php(368): CodeIgniter\CodeIgniter->handleRequest(null, Object(Config\Cache), false)
 5 FCPATH\index.php(67): CodeIgniter\CodeIgniter->run()
CRITICAL - 2023-05-04 15:09:11 --> Call to undefined method CodeIgniter\Database\MySQLi\Result::rowArray()
in APPPATH\Models\AgendaModel.php on line 32.
 1 APPPATH\Controllers\Agenda.php(28): App\Models\AgendaModel->traer_todos_los_eventos()
 2 SYSTEMPATH\CodeIgniter.php(934): App\Controllers\Agenda->buscarEventos()
 3 SYSTEMPATH\CodeIgniter.php(499): CodeIgniter\CodeIgniter->runController(Object(App\Controllers\Agenda))
 4 SYSTEMPATH\CodeIgniter.php(368): CodeIgniter\CodeIgniter->handleRequest(null, Object(Config\Cache), false)
 5 FCPATH\index.php(67): CodeIgniter\CodeIgniter->run()
CRITICAL - 2023-05-04 15:09:23 --> Call to undefined method CodeIgniter\Database\MySQLi\Result::getRows()
in APPPATH\Models\AgendaModel.php on line 32.
 1 APPPATH\Controllers\Agenda.php(28): App\Models\AgendaModel->traer_todos_los_eventos()
 2 SYSTEMPATH\CodeIgniter.php(934): App\Controllers\Agenda->buscarEventos()
 3 SYSTEMPATH\CodeIgniter.php(499): CodeIgniter\CodeIgniter->runController(Object(App\Controllers\Agenda))
 4 SYSTEMPATH\CodeIgniter.php(368): CodeIgniter\CodeIgniter->handleRequest(null, Object(Config\Cache), false)
 5 FCPATH\index.php(67): CodeIgniter\CodeIgniter->run()
CRITICAL - 2023-05-04 15:10:23 --> json_decode(): Argument #1 ($json) must be of type string, array given
in APPPATH\Controllers\Agenda.php on line 29.
 1 APPPATH\Controllers\Agenda.php(29): json_decode([...])
 2 SYSTEMPATH\CodeIgniter.php(934): App\Controllers\Agenda->buscarEventos()
 3 SYSTEMPATH\CodeIgniter.php(499): CodeIgniter\CodeIgniter->runController(Object(App\Controllers\Agenda))
 4 SYSTEMPATH\CodeIgniter.php(368): CodeIgniter\CodeIgniter->handleRequest(null, Object(Config\Cache), false)
 5 FCPATH\index.php(67): CodeIgniter\CodeIgniter->run()
CRITICAL - 2023-05-04 15:10:24 --> json_decode(): Argument #1 ($json) must be of type string, array given
in APPPATH\Controllers\Agenda.php on line 29.
 1 APPPATH\Controllers\Agenda.php(29): json_decode([...])
 2 SYSTEMPATH\CodeIgniter.php(934): App\Controllers\Agenda->buscarEventos()
 3 SYSTEMPATH\CodeIgniter.php(499): CodeIgniter\CodeIgniter->runController(Object(App\Controllers\Agenda))
 4 SYSTEMPATH\CodeIgniter.php(368): CodeIgniter\CodeIgniter->handleRequest(null, Object(Config\Cache), false)
 5 FCPATH\index.php(67): CodeIgniter\CodeIgniter->run()
CRITICAL - 2023-05-04 15:10:25 --> json_decode(): Argument #1 ($json) must be of type string, array given
in APPPATH\Controllers\Agenda.php on line 29.
 1 APPPATH\Controllers\Agenda.php(29): json_decode([...])
 2 SYSTEMPATH\CodeIgniter.php(934): App\Controllers\Agenda->buscarEventos()
 3 SYSTEMPATH\CodeIgniter.php(499): CodeIgniter\CodeIgniter->runController(Object(App\Controllers\Agenda))
 4 SYSTEMPATH\CodeIgniter.php(368): CodeIgniter\CodeIgniter->handleRequest(null, Object(Config\Cache), false)
 5 FCPATH\index.php(67): CodeIgniter\CodeIgniter->run()
CRITICAL - 2023-05-04 15:10:27 --> json_decode(): Argument #1 ($json) must be of type string, array given
in APPPATH\Controllers\Agenda.php on line 29.
 1 APPPATH\Controllers\Agenda.php(29): json_decode([...])
 2 SYSTEMPATH\CodeIgniter.php(934): App\Controllers\Agenda->buscarEventos()
 3 SYSTEMPATH\CodeIgniter.php(499): CodeIgniter\CodeIgniter->runController(Object(App\Controllers\Agenda))
 4 SYSTEMPATH\CodeIgniter.php(368): CodeIgniter\CodeIgniter->handleRequest(null, Object(Config\Cache), false)
 5 FCPATH\index.php(67): CodeIgniter\CodeIgniter->run()
CRITICAL - 2023-05-04 15:12:29 --> Undefined constant "calendar"
in APPPATH\Views\gfp\agenda\pago.php on line 130.
 1 SYSTEMPATH\View\View.php(213): include()
 2 SYSTEMPATH\View\View.php(216): CodeIgniter\View\View->CodeIgniter\View\{closure}()
 3 SYSTEMPATH\Common.php(1184): CodeIgniter\View\View->render('gfp/agenda/pago', [], true)
 4 APPPATH\Controllers\Agenda.php(22): view('gfp/agenda/pago', [...])
 5 SYSTEMPATH\CodeIgniter.php(934): App\Controllers\Agenda->index()
 6 SYSTEMPATH\CodeIgniter.php(499): CodeIgniter\CodeIgniter->runController(Object(App\Controllers\Agenda))
 7 SYSTEMPATH\CodeIgniter.php(368): CodeIgniter\CodeIgniter->handleRequest(null, Object(Config\Cache), false)
 8 FCPATH\index.php(67): CodeIgniter\CodeIgniter->run()
CRITICAL - 2023-05-04 15:12:30 --> Undefined constant "calendar"
in APPPATH\Views\gfp\agenda\pago.php on line 130.
 1 SYSTEMPATH\View\View.php(213): include()
 2 SYSTEMPATH\View\View.php(216): CodeIgniter\View\View->CodeIgniter\View\{closure}()
 3 SYSTEMPATH\Common.php(1184): CodeIgniter\View\View->render('gfp/agenda/pago', [], true)
 4 APPPATH\Controllers\Agenda.php(22): view('gfp/agenda/pago', [...])
 5 SYSTEMPATH\CodeIgniter.php(934): App\Controllers\Agenda->index()
 6 SYSTEMPATH\CodeIgniter.php(499): CodeIgniter\CodeIgniter->runController(Object(App\Controllers\Agenda))
 7 SYSTEMPATH\CodeIgniter.php(368): CodeIgniter\CodeIgniter->handleRequest(null, Object(Config\Cache), false)
 8 FCPATH\index.php(67): CodeIgniter\CodeIgniter->run()
CRITICAL - 2023-05-04 15:12:41 --> syntax error, unexpected token "as"
in APPPATH\Views\gfp\agenda\pago.php on line 130.
 1 SYSTEMPATH\View\View.php(216): CodeIgniter\View\View->CodeIgniter\View\{closure}()
 2 SYSTEMPATH\Common.php(1184): CodeIgniter\View\View->render('gfp/agenda/pago', [], true)
 3 APPPATH\Controllers\Agenda.php(22): view('gfp/agenda/pago', [...])
 4 SYSTEMPATH\CodeIgniter.php(934): App\Controllers\Agenda->index()
 5 SYSTEMPATH\CodeIgniter.php(499): CodeIgniter\CodeIgniter->runController(Object(App\Controllers\Agenda))
 6 SYSTEMPATH\CodeIgniter.php(368): CodeIgniter\CodeIgniter->handleRequest(null, Object(Config\Cache), false)
 7 FCPATH\index.php(67): CodeIgniter\CodeIgniter->run()
CRITICAL - 2023-05-04 15:12:47 --> syntax error, unexpected token "as"
in APPPATH\Views\gfp\agenda\pago.php on line 130.
 1 SYSTEMPATH\View\View.php(216): CodeIgniter\View\View->CodeIgniter\View\{closure}()
 2 SYSTEMPATH\Common.php(1184): CodeIgniter\View\View->render('gfp/agenda/pago', [], true)
 3 APPPATH\Controllers\Agenda.php(22): view('gfp/agenda/pago', [...])
 4 SYSTEMPATH\CodeIgniter.php(934): App\Controllers\Agenda->index()
 5 SYSTEMPATH\CodeIgniter.php(499): CodeIgniter\CodeIgniter->runController(Object(App\Controllers\Agenda))
 6 SYSTEMPATH\CodeIgniter.php(368): CodeIgniter\CodeIgniter->handleRequest(null, Object(Config\Cache), false)
 7 FCPATH\index.php(67): CodeIgniter\CodeIgniter->run()
CRITICAL - 2023-05-04 15:12:48 --> Undefined variable $event
in APPPATH\Views\gfp\agenda\pago.php on line 130.
 1 APPPATH\Views\gfp\agenda\pago.php(130): CodeIgniter\Debug\Exceptions->errorHandler(2, 'Undefined variable $event', 'C:\\xampp\\htdocs\\gfp\\app\\Views\\gfp\\agenda\\pago.php', 130)
 2 SYSTEMPATH\View\View.php(213): include('C:\\xampp\\htdocs\\gfp\\app\\Views\\gfp\\agenda\\pago.php')
 3 SYSTEMPATH\View\View.php(216): CodeIgniter\View\View->CodeIgniter\View\{closure}()
 4 SYSTEMPATH\Common.php(1184): CodeIgniter\View\View->render('gfp/agenda/pago', [], true)
 5 APPPATH\Controllers\Agenda.php(22): view('gfp/agenda/pago', [...])
 6 SYSTEMPATH\CodeIgniter.php(934): App\Controllers\Agenda->index()
 7 SYSTEMPATH\CodeIgniter.php(499): CodeIgniter\CodeIgniter->runController(Object(App\Controllers\Agenda))
 8 SYSTEMPATH\CodeIgniter.php(368): CodeIgniter\CodeIgniter->handleRequest(null, Object(Config\Cache), false)
 9 FCPATH\index.php(67): CodeIgniter\CodeIgniter->run()
CRITICAL - 2023-05-04 15:12:49 --> Undefined variable $event
in APPPATH\Views\gfp\agenda\pago.php on line 130.
 1 APPPATH\Views\gfp\agenda\pago.php(130): CodeIgniter\Debug\Exceptions->errorHandler(2, 'Undefined variable $event', 'C:\\xampp\\htdocs\\gfp\\app\\Views\\gfp\\agenda\\pago.php', 130)
 2 SYSTEMPATH\View\View.php(213): include('C:\\xampp\\htdocs\\gfp\\app\\Views\\gfp\\agenda\\pago.php')
 3 SYSTEMPATH\View\View.php(216): CodeIgniter\View\View->CodeIgniter\View\{closure}()
 4 SYSTEMPATH\Common.php(1184): CodeIgniter\View\View->render('gfp/agenda/pago', [], true)
 5 APPPATH\Controllers\Agenda.php(22): view('gfp/agenda/pago', [...])
 6 SYSTEMPATH\CodeIgniter.php(934): App\Controllers\Agenda->index()
 7 SYSTEMPATH\CodeIgniter.php(499): CodeIgniter\CodeIgniter->runController(Object(App\Controllers\Agenda))
 8 SYSTEMPATH\CodeIgniter.php(368): CodeIgniter\CodeIgniter->handleRequest(null, Object(Config\Cache), false)
 9 FCPATH\index.php(67): CodeIgniter\CodeIgniter->run()
CRITICAL - 2023-05-04 15:13:16 --> syntax error, unexpected token ")"
in APPPATH\Views\gfp\agenda\pago.php on line 130.
 1 SYSTEMPATH\View\View.php(216): CodeIgniter\View\View->CodeIgniter\View\{closure}()
 2 SYSTEMPATH\Common.php(1184): CodeIgniter\View\View->render('gfp/agenda/pago', [], true)
 3 APPPATH\Controllers\Agenda.php(22): view('gfp/agenda/pago', [...])
 4 SYSTEMPATH\CodeIgniter.php(934): App\Controllers\Agenda->index()
 5 SYSTEMPATH\CodeIgniter.php(499): CodeIgniter\CodeIgniter->runController(Object(App\Controllers\Agenda))
 6 SYSTEMPATH\CodeIgniter.php(368): CodeIgniter\CodeIgniter->handleRequest(null, Object(Config\Cache), false)
 7 FCPATH\index.php(67): CodeIgniter\CodeIgniter->run()
CRITICAL - 2023-05-04 15:14:08 --> Maximum execution time of 120 seconds exceeded
in APPPATH\Views\gfp\agenda\pago.php on line 130.
 1 [internal function]: CodeIgniter\Debug\Exceptions->shutdownHandler()
CRITICAL - 2023-05-04 15:14:13 --> Maximum execution time of 120 seconds exceeded
in APPPATH\Views\gfp\agenda\pago.php on line 130.
 1 [internal function]: CodeIgniter\Debug\Exceptions->shutdownHandler()
CRITICAL - 2023-05-04 15:14:13 --> Maximum execution time of 120 seconds exceeded
in APPPATH\Views\gfp\agenda\pago.php on line 130.
 1 [internal function]: CodeIgniter\Debug\Exceptions->shutdownHandler()
CRITICAL - 2023-05-04 15:15:39 --> Undefined variable $evento
in APPPATH\Views\gfp\agenda\pago.php on line 128.
 1 APPPATH\Views\gfp\agenda\pago.php(128): CodeIgniter\Debug\Exceptions->errorHandler(2, 'Undefined variable $evento', 'C:\\xampp\\htdocs\\gfp\\app\\Views\\gfp\\agenda\\pago.php', 128)
 2 SYSTEMPATH\View\View.php(213): include('C:\\xampp\\htdocs\\gfp\\app\\Views\\gfp\\agenda\\pago.php')
 3 SYSTEMPATH\View\View.php(216): CodeIgniter\View\View->CodeIgniter\View\{closure}()
 4 SYSTEMPATH\Common.php(1184): CodeIgniter\View\View->render('gfp/agenda/pago', [], true)
 5 APPPATH\Controllers\Agenda.php(22): view('gfp/agenda/pago', [...])
 6 SYSTEMPATH\CodeIgniter.php(934): App\Controllers\Agenda->index()
 7 SYSTEMPATH\CodeIgniter.php(499): CodeIgniter\CodeIgniter->runController(Object(App\Controllers\Agenda))
 8 SYSTEMPATH\CodeIgniter.php(368): CodeIgniter\CodeIgniter->handleRequest(null, Object(Config\Cache), false)
 9 FCPATH\index.php(67): CodeIgniter\CodeIgniter->run()
CRITICAL - 2023-05-04 15:25:00 --> Invalid file: "layouts/gfpLayouts.php"
in SYSTEMPATH\Exceptions\FrameworkException.php on line 33.
 1 SYSTEMPATH\View\View.php(201): CodeIgniter\Exceptions\FrameworkException::forInvalidFile('layouts/gfpLayouts.php')
 2 SYSTEMPATH\View\View.php(229): CodeIgniter\View\View->render('layouts/gfpLayouts', [], true)
 3 SYSTEMPATH\Common.php(1184): CodeIgniter\View\View->render('gfp/agenda/pago', [], true)
 4 APPPATH\Controllers\Agenda.php(22): view('gfp/agenda/pago', [...])
 5 SYSTEMPATH\CodeIgniter.php(934): App\Controllers\Agenda->index()
 6 SYSTEMPATH\CodeIgniter.php(499): CodeIgniter\CodeIgniter->runController(Object(App\Controllers\Agenda))
 7 SYSTEMPATH\CodeIgniter.php(368): CodeIgniter\CodeIgniter->handleRequest(null, Object(Config\Cache), false)
 8 FCPATH\index.php(67): CodeIgniter\CodeIgniter->run()
CRITICAL - 2023-05-04 15:25:00 --> Invalid file: "layouts/gfpLayouts.php"
in SYSTEMPATH\Exceptions\FrameworkException.php on line 33.
 1 SYSTEMPATH\View\View.php(201): CodeIgniter\Exceptions\FrameworkException::forInvalidFile('layouts/gfpLayouts.php')
 2 SYSTEMPATH\View\View.php(229): CodeIgniter\View\View->render('layouts/gfpLayouts', [], true)
 3 SYSTEMPATH\Common.php(1184): CodeIgniter\View\View->render('gfp/agenda/pago', [], true)
 4 APPPATH\Controllers\Agenda.php(22): view('gfp/agenda/pago', [...])
 5 SYSTEMPATH\CodeIgniter.php(934): App\Controllers\Agenda->index()
 6 SYSTEMPATH\CodeIgniter.php(499): CodeIgniter\CodeIgniter->runController(Object(App\Controllers\Agenda))
 7 SYSTEMPATH\CodeIgniter.php(368): CodeIgniter\CodeIgniter->handleRequest(null, Object(Config\Cache), false)
 8 FCPATH\index.php(67): CodeIgniter\CodeIgniter->run()
CRITICAL - 2023-05-04 15:40:33 --> Undefined variable $saquito
in APPPATH\Controllers\Saquito.php on line 22.
 1 APPPATH\Controllers\Saquito.php(22): CodeIgniter\Debug\Exceptions->errorHandler(2, 'Undefined variable $saquito', 'C:\\xampp\\htdocs\\gfp\\app\\Controllers\\Saquito.php', 22)
 2 SYSTEMPATH\CodeIgniter.php(934): App\Controllers\Saquito->index()
 3 SYSTEMPATH\CodeIgniter.php(499): CodeIgniter\CodeIgniter->runController(Object(App\Controllers\Saquito))
 4 SYSTEMPATH\CodeIgniter.php(368): CodeIgniter\CodeIgniter->handleRequest(null, Object(Config\Cache), false)
 5 FCPATH\index.php(67): CodeIgniter\CodeIgniter->run()
