WARNING - 2023-05-05 12:06:12 --> [DEPRECATED] password_hash(): Passing null to parameter #1 ($password) of type string is deprecated in APPPATH\Controllers\Auth.php on line 101.
 1 APPPATH\Controllers\Auth.php(101): password_hash(null, '2y', [...])
 2 SYSTEMPATH\CodeIgniter.php(934): App\Controllers\Auth->guardar()
 3 SYSTEMPATH\CodeIgniter.php(499): CodeIgniter\CodeIgniter->runController(Object(App\Controllers\Auth))
 4 SYSTEMPATH\CodeIgniter.php(368): CodeIgniter\CodeIgniter->handleRequest(null, Object(Config\Cache), false)
 5 FCPATH\index.php(67): CodeIgniter\CodeIgniter->run()
ERROR - 2023-05-05 12:06:12 --> mysqli_sql_exception: Column 'num_documento' cannot be null in C:\xampp\htdocs\gfp\system\Database\MySQLi\Connection.php:295
Stack trace:
#0 C:\xampp\htdocs\gfp\system\Database\MySQLi\Connection.php(295): mysqli->query('INSERT INTO `us...', 0)
#1 C:\xampp\htdocs\gfp\system\Database\BaseConnection.php(691): CodeIgniter\Database\MySQLi\Connection->execute('INSERT INTO `us...')
#2 C:\xampp\htdocs\gfp\system\Database\BaseConnection.php(605): CodeIgniter\Database\BaseConnection->simpleQuery('INSERT INTO `us...')
#3 C:\xampp\htdocs\gfp\system\Database\BaseBuilder.php(2309): CodeIgniter\Database\BaseConnection->query('INSERT INTO `us...', Array, false)
#4 C:\xampp\htdocs\gfp\system\Model.php(330): CodeIgniter\Database\BaseBuilder->insert()
#5 C:\xampp\htdocs\gfp\system\BaseModel.php(782): CodeIgniter\Model->doInsert(Array)
#6 C:\xampp\htdocs\gfp\system\Model.php(730): CodeIgniter\BaseModel->insert(Array, false)
#7 C:\xampp\htdocs\gfp\system\BaseModel.php(692): CodeIgniter\Model->insert(Array, false)
#8 C:\xampp\htdocs\gfp\app\Controllers\Auth.php(109): CodeIgniter\BaseModel->save(Array)
#9 C:\xampp\htdocs\gfp\system\CodeIgniter.php(934): App\Controllers\Auth->guardar()
#10 C:\xampp\htdocs\gfp\system\CodeIgniter.php(499): CodeIgniter\CodeIgniter->runController(Object(App\Controllers\Auth))
#11 C:\xampp\htdocs\gfp\system\CodeIgniter.php(368): CodeIgniter\CodeIgniter->handleRequest(NULL, Object(Config\Cache), false)
#12 C:\xampp\htdocs\gfp\public\index.php(67): CodeIgniter\CodeIgniter->run()
#13 {main}
CRITICAL - 2023-05-05 12:06:12 --> Column 'num_documento' cannot be null
in SYSTEMPATH\Database\MySQLi\Connection.php on line 295.
 1 SYSTEMPATH\Database\MySQLi\Connection.php(295): mysqli->query('INSERT INTO `usuarios` (`usuario`, `nombre`, `apellido`, `tipo_documento`, `num_documento`, `pass`, `fecha_crea`) VALUES (\'JorgeDuran12\', \'Gorge\', \'Duran Olivares\', \'9\', NULL, \'$2y$11$f.nNZbU9QJ25oByDg/mriOOaXybswdIGW17ooS791a92pjPB2LE1.\', \'2023-05-05 12:06:12\')', 0)
 2 SYSTEMPATH\Database\BaseConnection.php(691): CodeIgniter\Database\MySQLi\Connection->execute('INSERT INTO `usuarios` (`usuario`, `nombre`, `apellido`, `tipo_documento`, `num_documento`, `pass`, `fecha_crea`) VALUES (\'JorgeDuran12\', \'Gorge\', \'Duran Olivares\', \'9\', NULL, \'$2y$11$f.nNZbU9QJ25oByDg/mriOOaXybswdIGW17ooS791a92pjPB2LE1.\', \'2023-05-05 12:06:12\')')
 3 SYSTEMPATH\Database\BaseConnection.php(605): CodeIgniter\Database\BaseConnection->simpleQuery('INSERT INTO `usuarios` (`usuario`, `nombre`, `apellido`, `tipo_documento`, `num_documento`, `pass`, `fecha_crea`) VALUES (\'JorgeDuran12\', \'Gorge\', \'Duran Olivares\', \'9\', NULL, \'$2y$11$f.nNZbU9QJ25oByDg/mriOOaXybswdIGW17ooS791a92pjPB2LE1.\', \'2023-05-05 12:06:12\')')
 4 SYSTEMPATH\Database\BaseBuilder.php(2309): CodeIgniter\Database\BaseConnection->query('INSERT INTO `usuarios` (`usuario`, `nombre`, `apellido`, `tipo_documento`, `num_documento`, `pass`, `fecha_crea`) VALUES (:usuario:, :nombre:, :apellido:, :tipo_documento:, :num_documento:, :pass:, :fecha_crea:)', [...], false)
 5 SYSTEMPATH\Model.php(330): CodeIgniter\Database\BaseBuilder->insert()
 6 SYSTEMPATH\BaseModel.php(782): CodeIgniter\Model->doInsert([...])
 7 SYSTEMPATH\Model.php(730): CodeIgniter\BaseModel->insert([...], false)
 8 SYSTEMPATH\BaseModel.php(692): CodeIgniter\Model->insert([...], false)
 9 APPPATH\Controllers\Auth.php(109): CodeIgniter\BaseModel->save([...])
10 SYSTEMPATH\CodeIgniter.php(934): App\Controllers\Auth->guardar()
11 SYSTEMPATH\CodeIgniter.php(499): CodeIgniter\CodeIgniter->runController(Object(App\Controllers\Auth))
12 SYSTEMPATH\CodeIgniter.php(368): CodeIgniter\CodeIgniter->handleRequest(null, Object(Config\Cache), false)
13 FCPATH\index.php(67): CodeIgniter\CodeIgniter->run()
CRITICAL - 2023-05-05 12:07:19 --> Undefined array key "id"
in APPPATH\Views\gfp\agenda\pago.php on line 117.
 1 APPPATH\Views\gfp\agenda\pago.php(117): CodeIgniter\Debug\Exceptions->errorHandler(2, 'Undefined array key "id"', 'C:\\xampp\\htdocs\\gfp\\app\\Views\\gfp\\agenda\\pago.php', 117)
 2 SYSTEMPATH\View\View.php(213): include('C:\\xampp\\htdocs\\gfp\\app\\Views\\gfp\\agenda\\pago.php')
 3 SYSTEMPATH\View\View.php(216): CodeIgniter\View\View->CodeIgniter\View\{closure}()
 4 SYSTEMPATH\Common.php(1184): CodeIgniter\View\View->render('gfp/agenda/pago', [], true)
 5 APPPATH\Controllers\Agenda.php(22): view('gfp/agenda/pago', [...])
 6 SYSTEMPATH\CodeIgniter.php(934): App\Controllers\Agenda->index()
 7 SYSTEMPATH\CodeIgniter.php(499): CodeIgniter\CodeIgniter->runController(Object(App\Controllers\Agenda))
 8 SYSTEMPATH\CodeIgniter.php(368): CodeIgniter\CodeIgniter->handleRequest(null, Object(Config\Cache), false)
 9 FCPATH\index.php(67): CodeIgniter\CodeIgniter->run()
CRITICAL - 2023-05-05 12:07:20 --> Undefined array key "id"
in APPPATH\Views\gfp\agenda\pago.php on line 117.
 1 APPPATH\Views\gfp\agenda\pago.php(117): CodeIgniter\Debug\Exceptions->errorHandler(2, 'Undefined array key "id"', 'C:\\xampp\\htdocs\\gfp\\app\\Views\\gfp\\agenda\\pago.php', 117)
 2 SYSTEMPATH\View\View.php(213): include('C:\\xampp\\htdocs\\gfp\\app\\Views\\gfp\\agenda\\pago.php')
 3 SYSTEMPATH\View\View.php(216): CodeIgniter\View\View->CodeIgniter\View\{closure}()
 4 SYSTEMPATH\Common.php(1184): CodeIgniter\View\View->render('gfp/agenda/pago', [], true)
 5 APPPATH\Controllers\Agenda.php(22): view('gfp/agenda/pago', [...])
 6 SYSTEMPATH\CodeIgniter.php(934): App\Controllers\Agenda->index()
 7 SYSTEMPATH\CodeIgniter.php(499): CodeIgniter\CodeIgniter->runController(Object(App\Controllers\Agenda))
 8 SYSTEMPATH\CodeIgniter.php(368): CodeIgniter\CodeIgniter->handleRequest(null, Object(Config\Cache), false)
 9 FCPATH\index.php(67): CodeIgniter\CodeIgniter->run()
CRITICAL - 2023-05-05 12:07:28 --> Undefined array key "id"
in APPPATH\Views\gfp\agenda\pago.php on line 117.
 1 APPPATH\Views\gfp\agenda\pago.php(117): CodeIgniter\Debug\Exceptions->errorHandler(2, 'Undefined array key "id"', 'C:\\xampp\\htdocs\\gfp\\app\\Views\\gfp\\agenda\\pago.php', 117)
 2 SYSTEMPATH\View\View.php(213): include('C:\\xampp\\htdocs\\gfp\\app\\Views\\gfp\\agenda\\pago.php')
 3 SYSTEMPATH\View\View.php(216): CodeIgniter\View\View->CodeIgniter\View\{closure}()
 4 SYSTEMPATH\Common.php(1184): CodeIgniter\View\View->render('gfp/agenda/pago', [], true)
 5 APPPATH\Controllers\Agenda.php(22): view('gfp/agenda/pago', [...])
 6 SYSTEMPATH\CodeIgniter.php(934): App\Controllers\Agenda->index()
 7 SYSTEMPATH\CodeIgniter.php(499): CodeIgniter\CodeIgniter->runController(Object(App\Controllers\Agenda))
 8 SYSTEMPATH\CodeIgniter.php(368): CodeIgniter\CodeIgniter->handleRequest(null, Object(Config\Cache), false)
 9 FCPATH\index.php(67): CodeIgniter\CodeIgniter->run()
CRITICAL - 2023-05-05 12:07:28 --> Undefined array key "id"
in APPPATH\Views\gfp\agenda\pago.php on line 117.
 1 APPPATH\Views\gfp\agenda\pago.php(117): CodeIgniter\Debug\Exceptions->errorHandler(2, 'Undefined array key "id"', 'C:\\xampp\\htdocs\\gfp\\app\\Views\\gfp\\agenda\\pago.php', 117)
 2 SYSTEMPATH\View\View.php(213): include('C:\\xampp\\htdocs\\gfp\\app\\Views\\gfp\\agenda\\pago.php')
 3 SYSTEMPATH\View\View.php(216): CodeIgniter\View\View->CodeIgniter\View\{closure}()
 4 SYSTEMPATH\Common.php(1184): CodeIgniter\View\View->render('gfp/agenda/pago', [], true)
 5 APPPATH\Controllers\Agenda.php(22): view('gfp/agenda/pago', [...])
 6 SYSTEMPATH\CodeIgniter.php(934): App\Controllers\Agenda->index()
 7 SYSTEMPATH\CodeIgniter.php(499): CodeIgniter\CodeIgniter->runController(Object(App\Controllers\Agenda))
 8 SYSTEMPATH\CodeIgniter.php(368): CodeIgniter\CodeIgniter->handleRequest(null, Object(Config\Cache), false)
 9 FCPATH\index.php(67): CodeIgniter\CodeIgniter->run()
CRITICAL - 2023-05-05 12:07:30 --> Undefined array key "id"
in APPPATH\Views\gfp\agenda\pago.php on line 117.
 1 APPPATH\Views\gfp\agenda\pago.php(117): CodeIgniter\Debug\Exceptions->errorHandler(2, 'Undefined array key "id"', 'C:\\xampp\\htdocs\\gfp\\app\\Views\\gfp\\agenda\\pago.php', 117)
 2 SYSTEMPATH\View\View.php(213): include('C:\\xampp\\htdocs\\gfp\\app\\Views\\gfp\\agenda\\pago.php')
 3 SYSTEMPATH\View\View.php(216): CodeIgniter\View\View->CodeIgniter\View\{closure}()
 4 SYSTEMPATH\Common.php(1184): CodeIgniter\View\View->render('gfp/agenda/pago', [], true)
 5 APPPATH\Controllers\Agenda.php(22): view('gfp/agenda/pago', [...])
 6 SYSTEMPATH\CodeIgniter.php(934): App\Controllers\Agenda->index()
 7 SYSTEMPATH\CodeIgniter.php(499): CodeIgniter\CodeIgniter->runController(Object(App\Controllers\Agenda))
 8 SYSTEMPATH\CodeIgniter.php(368): CodeIgniter\CodeIgniter->handleRequest(null, Object(Config\Cache), false)
 9 FCPATH\index.php(67): CodeIgniter\CodeIgniter->run()
WARNING - 2023-05-05 12:09:29 --> [DEPRECATED] password_hash(): Passing null to parameter #1 ($password) of type string is deprecated in APPPATH\Controllers\Auth.php on line 101.
 1 APPPATH\Controllers\Auth.php(101): password_hash(null, '2y', [...])
 2 SYSTEMPATH\CodeIgniter.php(934): App\Controllers\Auth->guardar()
 3 SYSTEMPATH\CodeIgniter.php(499): CodeIgniter\CodeIgniter->runController(Object(App\Controllers\Auth))
 4 SYSTEMPATH\CodeIgniter.php(368): CodeIgniter\CodeIgniter->handleRequest(null, Object(Config\Cache), false)
 5 FCPATH\index.php(67): CodeIgniter\CodeIgniter->run()
WARNING - 2023-05-05 12:13:18 --> [DEPRECATED] password_hash(): Passing null to parameter #1 ($password) of type string is deprecated in APPPATH\Controllers\Auth.php on line 101.
 1 APPPATH\Controllers\Auth.php(101): password_hash(null, '2y', [...])
 2 SYSTEMPATH\CodeIgniter.php(934): App\Controllers\Auth->guardar()
 3 SYSTEMPATH\CodeIgniter.php(499): CodeIgniter\CodeIgniter->runController(Object(App\Controllers\Auth))
 4 SYSTEMPATH\CodeIgniter.php(368): CodeIgniter\CodeIgniter->handleRequest(null, Object(Config\Cache), false)
 5 FCPATH\index.php(67): CodeIgniter\CodeIgniter->run()
WARNING - 2023-05-05 12:18:31 --> [DEPRECATED] password_hash(): Passing null to parameter #1 ($password) of type string is deprecated in APPPATH\Controllers\Auth.php on line 101.
 1 APPPATH\Controllers\Auth.php(101): password_hash(null, '2y')
 2 SYSTEMPATH\CodeIgniter.php(934): App\Controllers\Auth->guardar()
 3 SYSTEMPATH\CodeIgniter.php(499): CodeIgniter\CodeIgniter->runController(Object(App\Controllers\Auth))
 4 SYSTEMPATH\CodeIgniter.php(368): CodeIgniter\CodeIgniter->handleRequest(null, Object(Config\Cache), false)
 5 FCPATH\index.php(67): CodeIgniter\CodeIgniter->run()
WARNING - 2023-05-05 12:20:48 --> [DEPRECATED] password_hash(): Passing null to parameter #1 ($password) of type string is deprecated in APPPATH\Controllers\Auth.php on line 101.
 1 APPPATH\Controllers\Auth.php(101): password_hash(null, '2y')
 2 SYSTEMPATH\CodeIgniter.php(934): App\Controllers\Auth->guardar()
 3 SYSTEMPATH\CodeIgniter.php(499): CodeIgniter\CodeIgniter->runController(Object(App\Controllers\Auth))
 4 SYSTEMPATH\CodeIgniter.php(368): CodeIgniter\CodeIgniter->handleRequest(null, Object(Config\Cache), false)
 5 FCPATH\index.php(67): CodeIgniter\CodeIgniter->run()
INFO - 2023-05-05 12:25:39 --> Session: Class initialized using 'CodeIgniter\Session\Handlers\FileHandler' driver.
WARNING - 2023-05-05 12:41:41 --> [DEPRECATED] password_hash(): Passing null to parameter #1 ($password) of type string is deprecated in APPPATH\Controllers\Auth.php on line 103.
 1 APPPATH\Controllers\Auth.php(103): password_hash(null, '2y')
 2 SYSTEMPATH\CodeIgniter.php(934): App\Controllers\Auth->guardar()
 3 SYSTEMPATH\CodeIgniter.php(499): CodeIgniter\CodeIgniter->runController(Object(App\Controllers\Auth))
 4 SYSTEMPATH\CodeIgniter.php(368): CodeIgniter\CodeIgniter->handleRequest(null, Object(Config\Cache), false)
 5 FCPATH\index.php(67): CodeIgniter\CodeIgniter->run()
INFO - 2023-05-05 12:41:46 --> Session: Class initialized using 'CodeIgniter\Session\Handlers\FileHandler' driver.
WARNING - 2023-05-05 12:54:16 --> [DEPRECATED] password_hash(): Passing null to parameter #1 ($password) of type string is deprecated in APPPATH\Controllers\Auth.php on line 103.
 1 APPPATH\Controllers\Auth.php(103): password_hash(null, '2y')
 2 SYSTEMPATH\CodeIgniter.php(934): App\Controllers\Auth->guardar()
 3 SYSTEMPATH\CodeIgniter.php(499): CodeIgniter\CodeIgniter->runController(Object(App\Controllers\Auth))
 4 SYSTEMPATH\CodeIgniter.php(368): CodeIgniter\CodeIgniter->handleRequest(null, Object(Config\Cache), false)
 5 FCPATH\index.php(67): CodeIgniter\CodeIgniter->run()
WARNING - 2023-05-05 12:55:24 --> [DEPRECATED] password_hash(): Passing null to parameter #1 ($password) of type string is deprecated in APPPATH\Controllers\Auth.php on line 103.
 1 APPPATH\Controllers\Auth.php(103): password_hash(null, '2y')
 2 SYSTEMPATH\CodeIgniter.php(934): App\Controllers\Auth->guardar()
 3 SYSTEMPATH\CodeIgniter.php(499): CodeIgniter\CodeIgniter->runController(Object(App\Controllers\Auth))
 4 SYSTEMPATH\CodeIgniter.php(368): CodeIgniter\CodeIgniter->handleRequest(null, Object(Config\Cache), false)
 5 FCPATH\index.php(67): CodeIgniter\CodeIgniter->run()
WARNING - 2023-05-05 12:55:58 --> [DEPRECATED] password_hash(): Passing null to parameter #1 ($password) of type string is deprecated in APPPATH\Controllers\Auth.php on line 104.
 1 APPPATH\Controllers\Auth.php(104): password_hash(null, '2y')
 2 SYSTEMPATH\CodeIgniter.php(934): App\Controllers\Auth->guardar()
 3 SYSTEMPATH\CodeIgniter.php(499): CodeIgniter\CodeIgniter->runController(Object(App\Controllers\Auth))
 4 SYSTEMPATH\CodeIgniter.php(368): CodeIgniter\CodeIgniter->handleRequest(null, Object(Config\Cache), false)
 5 FCPATH\index.php(67): CodeIgniter\CodeIgniter->run()
INFO - 2023-05-05 12:58:49 --> Session: Class initialized using 'CodeIgniter\Session\Handlers\FileHandler' driver.
INFO - 2023-05-05 13:00:17 --> Session: Class initialized using 'CodeIgniter\Session\Handlers\FileHandler' driver.
CRITICAL - 2023-05-05 13:02:18 --> syntax error, unexpected token "public"
in APPPATH\Controllers\Auth.php on line 141.
 1 SYSTEMPATH\Autoloader\Autoloader.php(289): CodeIgniter\Autoloader\Autoloader->includeFile('C:\\xampp\\htdocs\\gfp\\app\\Controllers\\Auth.php')
 2 SYSTEMPATH\Autoloader\Autoloader.php(267): CodeIgniter\Autoloader\Autoloader->loadInNamespace('App\\Controllers\\Auth')
 3 [internal function]: CodeIgniter\Autoloader\Autoloader->loadClass('App\\Controllers\\Auth')
 4 SYSTEMPATH\CodeIgniter.php(892): class_exists('\\App\\Controllers\\Auth', true)
 5 SYSTEMPATH\CodeIgniter.php(486): CodeIgniter\CodeIgniter->startController()
 6 SYSTEMPATH\CodeIgniter.php(368): CodeIgniter\CodeIgniter->handleRequest(null, Object(Config\Cache), false)
 7 FCPATH\index.php(67): CodeIgniter\CodeIgniter->run()
CRITICAL - 2023-05-05 13:02:23 --> syntax error, unexpected token "public"
in APPPATH\Controllers\Auth.php on line 141.
 1 SYSTEMPATH\Autoloader\Autoloader.php(289): CodeIgniter\Autoloader\Autoloader->includeFile('C:\\xampp\\htdocs\\gfp\\app\\Controllers\\Auth.php')
 2 SYSTEMPATH\Autoloader\Autoloader.php(267): CodeIgniter\Autoloader\Autoloader->loadInNamespace('App\\Controllers\\Auth')
 3 [internal function]: CodeIgniter\Autoloader\Autoloader->loadClass('App\\Controllers\\Auth')
 4 SYSTEMPATH\CodeIgniter.php(892): class_exists('\\App\\Controllers\\Auth', true)
 5 SYSTEMPATH\CodeIgniter.php(486): CodeIgniter\CodeIgniter->startController()
 6 SYSTEMPATH\CodeIgniter.php(368): CodeIgniter\CodeIgniter->handleRequest(null, Object(Config\Cache), false)
 7 FCPATH\index.php(67): CodeIgniter\CodeIgniter->run()
CRITICAL - 2023-05-05 13:02:23 --> syntax error, unexpected token "public"
in APPPATH\Controllers\Auth.php on line 141.
 1 SYSTEMPATH\Autoloader\Autoloader.php(289): CodeIgniter\Autoloader\Autoloader->includeFile('C:\\xampp\\htdocs\\gfp\\app\\Controllers\\Auth.php')
 2 SYSTEMPATH\Autoloader\Autoloader.php(267): CodeIgniter\Autoloader\Autoloader->loadInNamespace('App\\Controllers\\Auth')
 3 [internal function]: CodeIgniter\Autoloader\Autoloader->loadClass('App\\Controllers\\Auth')
 4 SYSTEMPATH\CodeIgniter.php(892): class_exists('\\App\\Controllers\\Auth', true)
 5 SYSTEMPATH\CodeIgniter.php(486): CodeIgniter\CodeIgniter->startController()
 6 SYSTEMPATH\CodeIgniter.php(368): CodeIgniter\CodeIgniter->handleRequest(null, Object(Config\Cache), false)
 7 FCPATH\index.php(67): CodeIgniter\CodeIgniter->run()
CRITICAL - 2023-05-05 13:02:25 --> syntax error, unexpected token "public"
in APPPATH\Controllers\Auth.php on line 141.
 1 SYSTEMPATH\Autoloader\Autoloader.php(289): CodeIgniter\Autoloader\Autoloader->includeFile('C:\\xampp\\htdocs\\gfp\\app\\Controllers\\Auth.php')
 2 SYSTEMPATH\Autoloader\Autoloader.php(267): CodeIgniter\Autoloader\Autoloader->loadInNamespace('App\\Controllers\\Auth')
 3 [internal function]: CodeIgniter\Autoloader\Autoloader->loadClass('App\\Controllers\\Auth')
 4 SYSTEMPATH\CodeIgniter.php(892): class_exists('\\App\\Controllers\\Auth', true)
 5 SYSTEMPATH\CodeIgniter.php(486): CodeIgniter\CodeIgniter->startController()
 6 SYSTEMPATH\CodeIgniter.php(368): CodeIgniter\CodeIgniter->handleRequest(null, Object(Config\Cache), false)
 7 FCPATH\index.php(67): CodeIgniter\CodeIgniter->run()
CRITICAL - 2023-05-05 13:02:29 --> syntax error, unexpected token "public"
in APPPATH\Controllers\Auth.php on line 141.
 1 SYSTEMPATH\Autoloader\Autoloader.php(289): CodeIgniter\Autoloader\Autoloader->includeFile('C:\\xampp\\htdocs\\gfp\\app\\Controllers\\Auth.php')
 2 SYSTEMPATH\Autoloader\Autoloader.php(267): CodeIgniter\Autoloader\Autoloader->loadInNamespace('App\\Controllers\\Auth')
 3 [internal function]: CodeIgniter\Autoloader\Autoloader->loadClass('App\\Controllers\\Auth')
 4 SYSTEMPATH\CodeIgniter.php(892): class_exists('\\App\\Controllers\\Auth', true)
 5 SYSTEMPATH\CodeIgniter.php(486): CodeIgniter\CodeIgniter->startController()
 6 SYSTEMPATH\CodeIgniter.php(368): CodeIgniter\CodeIgniter->handleRequest(null, Object(Config\Cache), false)
 7 FCPATH\index.php(67): CodeIgniter\CodeIgniter->run()
INFO - 2023-05-05 13:06:16 --> Session: Class initialized using 'CodeIgniter\Session\Handlers\FileHandler' driver.
INFO - 2023-05-05 13:09:04 --> Session: Class initialized using 'CodeIgniter\Session\Handlers\FileHandler' driver.
INFO - 2023-05-05 13:09:36 --> Session: Class initialized using 'CodeIgniter\Session\Handlers\FileHandler' driver.
INFO - 2023-05-05 13:11:04 --> Session: Class initialized using 'CodeIgniter\Session\Handlers\FileHandler' driver.
INFO - 2023-05-05 13:11:20 --> Session: Class initialized using 'CodeIgniter\Session\Handlers\FileHandler' driver.
INFO - 2023-05-05 13:11:22 --> Session: Class initialized using 'CodeIgniter\Session\Handlers\FileHandler' driver.
INFO - 2023-05-05 13:14:01 --> Session: Class initialized using 'CodeIgniter\Session\Handlers\FileHandler' driver.
INFO - 2023-05-05 13:17:08 --> Session: Class initialized using 'CodeIgniter\Session\Handlers\FileHandler' driver.
CRITICAL - 2023-05-05 13:17:08 --> unlink(C:\xampp\htdocs\gfp\writable\debugbar/debugbar_1683292430.056868.json): No such file or directory
in SYSTEMPATH\Debug\Toolbar\Collectors\History.php on line 76.
 1 [internal function]: CodeIgniter\Debug\Exceptions->errorHandler(2, 'unlink(C:\\xampp\\htdocs\\gfp\\writable\\debugbar/debugbar_1683292430.056868.json): No such file or directory', 'C:\\xampp\\htdocs\\gfp\\system\\Debug\\Toolbar\\Collectors\\History.php', 76)
 2 SYSTEMPATH\Debug\Toolbar\Collectors\History.php(76): unlink('C:\\xampp\\htdocs\\gfp\\writable\\debugbar/debugbar_1683292430.056868.json')
 3 SYSTEMPATH\Debug\Toolbar.php(497): CodeIgniter\Debug\Toolbar\Collectors\History->setFiles('1683292628.317350', 20)
 4 SYSTEMPATH\Debug\Toolbar.php(474): CodeIgniter\Debug\Toolbar->format([...], 'html')
 5 APPPATH\Config\Events.php(46): CodeIgniter\Debug\Toolbar->respond()
 6 SYSTEMPATH\Events\Events.php(149): CodeIgniter\Events\Events::Config\{closure}()
 7 SYSTEMPATH\CodeIgniter.php(350): CodeIgniter\Events\Events::trigger('pre_system')
 8 FCPATH\index.php(67): CodeIgniter\CodeIgniter->run()
INFO - 2023-05-05 13:33:17 --> Session: Class initialized using 'CodeIgniter\Session\Handlers\FileHandler' driver.
INFO - 2023-05-05 13:33:56 --> Session: Class initialized using 'CodeIgniter\Session\Handlers\FileHandler' driver.
CRITICAL - 2023-05-05 13:39:34 --> Call to undefined method App\Models\UsuariosModel::eliminados_usu
in SYSTEMPATH\Model.php on line 842.
 1 APPPATH\Controllers\Usuario.php(111): CodeIgniter\Model->__call('eliminados_usu', [...])
 2 SYSTEMPATH\CodeIgniter.php(934): App\Controllers\Usuario->eliminar__usuario('4', 'E')
 3 SYSTEMPATH\CodeIgniter.php(499): CodeIgniter\CodeIgniter->runController(Object(App\Controllers\Usuario))
 4 SYSTEMPATH\CodeIgniter.php(368): CodeIgniter\CodeIgniter->handleRequest(null, Object(Config\Cache), false)
 5 FCPATH\index.php(67): CodeIgniter\CodeIgniter->run()
CRITICAL - 2023-05-05 13:51:03 --> Undefined variable $id
in APPPATH\Models\UsuariosModel.php on line 42.
 1 APPPATH\Models\UsuariosModel.php(42): CodeIgniter\Debug\Exceptions->errorHandler(2, 'Undefined variable $id', 'C:\\xampp\\htdocs\\gfp\\app\\Models\\UsuariosModel.php', 42)
 2 APPPATH\Controllers\Usuario.php(121): App\Models\UsuariosModel->DataActualizar('4')
 3 SYSTEMPATH\CodeIgniter.php(934): App\Controllers\Usuario->buscar_usuario('4')
 4 SYSTEMPATH\CodeIgniter.php(499): CodeIgniter\CodeIgniter->runController(Object(App\Controllers\Usuario))
 5 SYSTEMPATH\CodeIgniter.php(368): CodeIgniter\CodeIgniter->handleRequest(null, Object(Config\Cache), false)
 6 FCPATH\index.php(67): CodeIgniter\CodeIgniter->run()
CRITICAL - 2023-05-05 13:51:08 --> Undefined variable $id
in APPPATH\Models\UsuariosModel.php on line 42.
 1 APPPATH\Models\UsuariosModel.php(42): CodeIgniter\Debug\Exceptions->errorHandler(2, 'Undefined variable $id', 'C:\\xampp\\htdocs\\gfp\\app\\Models\\UsuariosModel.php', 42)
 2 APPPATH\Controllers\Usuario.php(121): App\Models\UsuariosModel->DataActualizar('4')
 3 SYSTEMPATH\CodeIgniter.php(934): App\Controllers\Usuario->buscar_usuario('4')
 4 SYSTEMPATH\CodeIgniter.php(499): CodeIgniter\CodeIgniter->runController(Object(App\Controllers\Usuario))
 5 SYSTEMPATH\CodeIgniter.php(368): CodeIgniter\CodeIgniter->handleRequest(null, Object(Config\Cache), false)
 6 FCPATH\index.php(67): CodeIgniter\CodeIgniter->run()
ERROR - 2023-05-05 13:51:27 --> mysqli_sql_exception: Column 'estado' in where clause is ambiguous in C:\xampp\htdocs\gfp\system\Database\MySQLi\Connection.php:295
Stack trace:
#0 C:\xampp\htdocs\gfp\system\Database\MySQLi\Connection.php(295): mysqli->query('SELECT `usuario...', 0)
#1 C:\xampp\htdocs\gfp\system\Database\BaseConnection.php(691): CodeIgniter\Database\MySQLi\Connection->execute('SELECT `usuario...')
#2 C:\xampp\htdocs\gfp\system\Database\BaseConnection.php(605): CodeIgniter\Database\BaseConnection->simpleQuery('SELECT `usuario...')
#3 C:\xampp\htdocs\gfp\system\Database\BaseBuilder.php(1616): CodeIgniter\Database\BaseConnection->query('SELECT `usuario...', Array, false)
#4 C:\xampp\htdocs\gfp\system\Model.php(268): CodeIgniter\Database\BaseBuilder->get()
#5 C:\xampp\htdocs\gfp\system\BaseModel.php(656): CodeIgniter\Model->doFirst()
#6 C:\xampp\htdocs\gfp\app\Models\UsuariosModel.php(43): CodeIgniter\BaseModel->first()
#7 C:\xampp\htdocs\gfp\app\Controllers\Usuario.php(121): App\Models\UsuariosModel->DataActualizar('4')
#8 C:\xampp\htdocs\gfp\system\CodeIgniter.php(934): App\Controllers\Usuario->buscar_usuario('4')
#9 C:\xampp\htdocs\gfp\system\CodeIgniter.php(499): CodeIgniter\CodeIgniter->runController(Object(App\Controllers\Usuario))
#10 C:\xampp\htdocs\gfp\system\CodeIgniter.php(368): CodeIgniter\CodeIgniter->handleRequest(NULL, Object(Config\Cache), false)
#11 C:\xampp\htdocs\gfp\public\index.php(67): CodeIgniter\CodeIgniter->run()
#12 {main}
CRITICAL - 2023-05-05 13:51:27 --> Column 'estado' in where clause is ambiguous
in SYSTEMPATH\Database\MySQLi\Connection.php on line 295.
 1 SYSTEMPATH\Database\MySQLi\Connection.php(295): mysqli->query('SELECT `usuarios`.*
FROM `usuarios`
JOIN `telefonos` ON `telefonos`.`id_usuario` = `usuarios`.`id_usuario`
JOIN `emails` ON `emails`.`id_usuario` = `usuarios`.`id_usuario`
WHERE `estado` = \'A\'
AND `id_usuario` = \'4\'
 LIMIT 1', 0)
 2 SYSTEMPATH\Database\BaseConnection.php(691): CodeIgniter\Database\MySQLi\Connection->execute('SELECT `usuarios`.*
FROM `usuarios`
JOIN `telefonos` ON `telefonos`.`id_usuario` = `usuarios`.`id_usuario`
JOIN `emails` ON `emails`.`id_usuario` = `usuarios`.`id_usuario`
WHERE `estado` = \'A\'
AND `id_usuario` = \'4\'
 LIMIT 1')
 3 SYSTEMPATH\Database\BaseConnection.php(605): CodeIgniter\Database\BaseConnection->simpleQuery('SELECT `usuarios`.*
FROM `usuarios`
JOIN `telefonos` ON `telefonos`.`id_usuario` = `usuarios`.`id_usuario`
JOIN `emails` ON `emails`.`id_usuario` = `usuarios`.`id_usuario`
WHERE `estado` = \'A\'
AND `id_usuario` = \'4\'
 LIMIT 1')
 4 SYSTEMPATH\Database\BaseBuilder.php(1616): CodeIgniter\Database\BaseConnection->query('SELECT `usuarios`.*
FROM `usuarios`
JOIN `telefonos` ON `telefonos`.`id_usuario` = `usuarios`.`id_usuario`
JOIN `emails` ON `emails`.`id_usuario` = `usuarios`.`id_usuario`
WHERE `estado` = :estado:
AND `id_usuario` = :id_usuario:
 LIMIT 1', [...], false)
 5 SYSTEMPATH\Model.php(268): CodeIgniter\Database\BaseBuilder->get()
 6 SYSTEMPATH\BaseModel.php(656): CodeIgniter\Model->doFirst()
 7 APPPATH\Models\UsuariosModel.php(43): CodeIgniter\BaseModel->first()
 8 APPPATH\Controllers\Usuario.php(121): App\Models\UsuariosModel->DataActualizar('4')
 9 SYSTEMPATH\CodeIgniter.php(934): App\Controllers\Usuario->buscar_usuario('4')
10 SYSTEMPATH\CodeIgniter.php(499): CodeIgniter\CodeIgniter->runController(Object(App\Controllers\Usuario))
11 SYSTEMPATH\CodeIgniter.php(368): CodeIgniter\CodeIgniter->handleRequest(null, Object(Config\Cache), false)
12 FCPATH\index.php(67): CodeIgniter\CodeIgniter->run()
ERROR - 2023-05-05 13:51:34 --> mysqli_sql_exception: Column 'estado' in where clause is ambiguous in C:\xampp\htdocs\gfp\system\Database\MySQLi\Connection.php:295
Stack trace:
#0 C:\xampp\htdocs\gfp\system\Database\MySQLi\Connection.php(295): mysqli->query('SELECT `usuario...', 0)
#1 C:\xampp\htdocs\gfp\system\Database\BaseConnection.php(691): CodeIgniter\Database\MySQLi\Connection->execute('SELECT `usuario...')
#2 C:\xampp\htdocs\gfp\system\Database\BaseConnection.php(605): CodeIgniter\Database\BaseConnection->simpleQuery('SELECT `usuario...')
#3 C:\xampp\htdocs\gfp\system\Database\BaseBuilder.php(1616): CodeIgniter\Database\BaseConnection->query('SELECT `usuario...', Array, false)
#4 C:\xampp\htdocs\gfp\system\Model.php(268): CodeIgniter\Database\BaseBuilder->get()
#5 C:\xampp\htdocs\gfp\system\BaseModel.php(656): CodeIgniter\Model->doFirst()
#6 C:\xampp\htdocs\gfp\app\Models\UsuariosModel.php(43): CodeIgniter\BaseModel->first()
#7 C:\xampp\htdocs\gfp\app\Controllers\Usuario.php(121): App\Models\UsuariosModel->DataActualizar('4')
#8 C:\xampp\htdocs\gfp\system\CodeIgniter.php(934): App\Controllers\Usuario->buscar_usuario('4')
#9 C:\xampp\htdocs\gfp\system\CodeIgniter.php(499): CodeIgniter\CodeIgniter->runController(Object(App\Controllers\Usuario))
#10 C:\xampp\htdocs\gfp\system\CodeIgniter.php(368): CodeIgniter\CodeIgniter->handleRequest(NULL, Object(Config\Cache), false)
#11 C:\xampp\htdocs\gfp\public\index.php(67): CodeIgniter\CodeIgniter->run()
#12 {main}
CRITICAL - 2023-05-05 13:51:34 --> Column 'estado' in where clause is ambiguous
in SYSTEMPATH\Database\MySQLi\Connection.php on line 295.
 1 SYSTEMPATH\Database\MySQLi\Connection.php(295): mysqli->query('SELECT `usuarios`.*
FROM `usuarios`
JOIN `telefonos` ON `telefonos`.`id_usuario` = `usuarios`.`id_usuario`
JOIN `emails` ON `emails`.`id_usuario` = `usuarios`.`id_usuario`
WHERE `estado` = \'A\'
AND `id_usuario` = \'4\'
 LIMIT 1', 0)
 2 SYSTEMPATH\Database\BaseConnection.php(691): CodeIgniter\Database\MySQLi\Connection->execute('SELECT `usuarios`.*
FROM `usuarios`
JOIN `telefonos` ON `telefonos`.`id_usuario` = `usuarios`.`id_usuario`
JOIN `emails` ON `emails`.`id_usuario` = `usuarios`.`id_usuario`
WHERE `estado` = \'A\'
AND `id_usuario` = \'4\'
 LIMIT 1')
 3 SYSTEMPATH\Database\BaseConnection.php(605): CodeIgniter\Database\BaseConnection->simpleQuery('SELECT `usuarios`.*
FROM `usuarios`
JOIN `telefonos` ON `telefonos`.`id_usuario` = `usuarios`.`id_usuario`
JOIN `emails` ON `emails`.`id_usuario` = `usuarios`.`id_usuario`
WHERE `estado` = \'A\'
AND `id_usuario` = \'4\'
 LIMIT 1')
 4 SYSTEMPATH\Database\BaseBuilder.php(1616): CodeIgniter\Database\BaseConnection->query('SELECT `usuarios`.*
FROM `usuarios`
JOIN `telefonos` ON `telefonos`.`id_usuario` = `usuarios`.`id_usuario`
JOIN `emails` ON `emails`.`id_usuario` = `usuarios`.`id_usuario`
WHERE `estado` = :estado:
AND `id_usuario` = :id_usuario:
 LIMIT 1', [...], false)
 5 SYSTEMPATH\Model.php(268): CodeIgniter\Database\BaseBuilder->get()
 6 SYSTEMPATH\BaseModel.php(656): CodeIgniter\Model->doFirst()
 7 APPPATH\Models\UsuariosModel.php(43): CodeIgniter\BaseModel->first()
 8 APPPATH\Controllers\Usuario.php(121): App\Models\UsuariosModel->DataActualizar('4')
 9 SYSTEMPATH\CodeIgniter.php(934): App\Controllers\Usuario->buscar_usuario('4')
10 SYSTEMPATH\CodeIgniter.php(499): CodeIgniter\CodeIgniter->runController(Object(App\Controllers\Usuario))
11 SYSTEMPATH\CodeIgniter.php(368): CodeIgniter\CodeIgniter->handleRequest(null, Object(Config\Cache), false)
12 FCPATH\index.php(67): CodeIgniter\CodeIgniter->run()
ERROR - 2023-05-05 13:53:35 --> mysqli_sql_exception: You have an error in your SQL syntax; check the manual that corresponds to your MariaDB server version for the right syntax to use near 'FROM `usuarios`
JOIN `telefonos` ON `telefonos`.`id_usuario` = `usuarios`.`id...' at line 2 in C:\xampp\htdocs\gfp\system\Database\MySQLi\Connection.php:295
Stack trace:
#0 C:\xampp\htdocs\gfp\system\Database\MySQLi\Connection.php(295): mysqli->query('SELECT `usuario...', 0)
#1 C:\xampp\htdocs\gfp\system\Database\BaseConnection.php(691): CodeIgniter\Database\MySQLi\Connection->execute('SELECT `usuario...')
#2 C:\xampp\htdocs\gfp\system\Database\BaseConnection.php(605): CodeIgniter\Database\BaseConnection->simpleQuery('SELECT `usuario...')
#3 C:\xampp\htdocs\gfp\system\Database\BaseBuilder.php(1616): CodeIgniter\Database\BaseConnection->query('SELECT `usuario...', Array, false)
#4 C:\xampp\htdocs\gfp\system\Model.php(268): CodeIgniter\Database\BaseBuilder->get()
#5 C:\xampp\htdocs\gfp\system\BaseModel.php(656): CodeIgniter\Model->doFirst()
#6 C:\xampp\htdocs\gfp\app\Models\UsuariosModel.php(43): CodeIgniter\BaseModel->first()
#7 C:\xampp\htdocs\gfp\app\Controllers\Usuario.php(121): App\Models\UsuariosModel->DataActualizar('4')
#8 C:\xampp\htdocs\gfp\system\CodeIgniter.php(934): App\Controllers\Usuario->buscar_usuario('4')
#9 C:\xampp\htdocs\gfp\system\CodeIgniter.php(499): CodeIgniter\CodeIgniter->runController(Object(App\Controllers\Usuario))
#10 C:\xampp\htdocs\gfp\system\CodeIgniter.php(368): CodeIgniter\CodeIgniter->handleRequest(NULL, Object(Config\Cache), false)
#11 C:\xampp\htdocs\gfp\public\index.php(67): CodeIgniter\CodeIgniter->run()
#12 {main}
CRITICAL - 2023-05-05 13:53:35 --> You have an error in your SQL syntax; check the manual that corresponds to your MariaDB server version for the right syntax to use near 'FROM `usuarios`
JOIN `telefonos` ON `telefonos`.`id_usuario` = `usuarios`.`id...' at line 2
in SYSTEMPATH\Database\MySQLi\Connection.php on line 295.
 1 SYSTEMPATH\Database\MySQLi\Connection.php(295): mysqli->query('SELECT `usuarios`.*, `emails`.
FROM `usuarios`
JOIN `telefonos` ON `telefonos`.`id_usuario` = `usuarios`.`id_usuario`
JOIN `emails` ON `emails`.`id_usuario` = `usuarios`.`id_usuario`
WHERE `estado` = \'A\'
AND `usuarios`.`id_usuario` = \'4\'
 LIMIT 1', 0)
 2 SYSTEMPATH\Database\BaseConnection.php(691): CodeIgniter\Database\MySQLi\Connection->execute('SELECT `usuarios`.*, `emails`.
FROM `usuarios`
JOIN `telefonos` ON `telefonos`.`id_usuario` = `usuarios`.`id_usuario`
JOIN `emails` ON `emails`.`id_usuario` = `usuarios`.`id_usuario`
WHERE `estado` = \'A\'
AND `usuarios`.`id_usuario` = \'4\'
 LIMIT 1')
 3 SYSTEMPATH\Database\BaseConnection.php(605): CodeIgniter\Database\BaseConnection->simpleQuery('SELECT `usuarios`.*, `emails`.
FROM `usuarios`
JOIN `telefonos` ON `telefonos`.`id_usuario` = `usuarios`.`id_usuario`
JOIN `emails` ON `emails`.`id_usuario` = `usuarios`.`id_usuario`
WHERE `estado` = \'A\'
AND `usuarios`.`id_usuario` = \'4\'
 LIMIT 1')
 4 SYSTEMPATH\Database\BaseBuilder.php(1616): CodeIgniter\Database\BaseConnection->query('SELECT `usuarios`.*, `emails`.
FROM `usuarios`
JOIN `telefonos` ON `telefonos`.`id_usuario` = `usuarios`.`id_usuario`
JOIN `emails` ON `emails`.`id_usuario` = `usuarios`.`id_usuario`
WHERE `estado` = :estado:
AND `usuarios`.`id_usuario` = :usuarios.id_usuario:
 LIMIT 1', [...], false)
 5 SYSTEMPATH\Model.php(268): CodeIgniter\Database\BaseBuilder->get()
 6 SYSTEMPATH\BaseModel.php(656): CodeIgniter\Model->doFirst()
 7 APPPATH\Models\UsuariosModel.php(43): CodeIgniter\BaseModel->first()
 8 APPPATH\Controllers\Usuario.php(121): App\Models\UsuariosModel->DataActualizar('4')
 9 SYSTEMPATH\CodeIgniter.php(934): App\Controllers\Usuario->buscar_usuario('4')
10 SYSTEMPATH\CodeIgniter.php(499): CodeIgniter\CodeIgniter->runController(Object(App\Controllers\Usuario))
11 SYSTEMPATH\CodeIgniter.php(368): CodeIgniter\CodeIgniter->handleRequest(null, Object(Config\Cache), false)
12 FCPATH\index.php(67): CodeIgniter\CodeIgniter->run()
ERROR - 2023-05-05 13:58:04 --> mysqli_sql_exception: You have an error in your SQL syntax; check the manual that corresponds to your MariaDB server version for the right syntax to use near 'FROM `usuarios`
JOIN `telefonos` ON `telefonos`.`id_usuario` = `usuarios`.`id...' at line 2 in C:\xampp\htdocs\gfp\system\Database\MySQLi\Connection.php:295
Stack trace:
#0 C:\xampp\htdocs\gfp\system\Database\MySQLi\Connection.php(295): mysqli->query('SELECT `usuario...', 0)
#1 C:\xampp\htdocs\gfp\system\Database\BaseConnection.php(691): CodeIgniter\Database\MySQLi\Connection->execute('SELECT `usuario...')
#2 C:\xampp\htdocs\gfp\system\Database\BaseConnection.php(605): CodeIgniter\Database\BaseConnection->simpleQuery('SELECT `usuario...')
#3 C:\xampp\htdocs\gfp\system\Database\BaseBuilder.php(1616): CodeIgniter\Database\BaseConnection->query('SELECT `usuario...', Array, false)
#4 C:\xampp\htdocs\gfp\system\Model.php(241): CodeIgniter\Database\BaseBuilder->get()
#5 C:\xampp\htdocs\gfp\system\BaseModel.php(618): CodeIgniter\Model->doFindAll(0, 0)
#6 C:\xampp\htdocs\gfp\app\Models\UsuariosModel.php(43): CodeIgniter\BaseModel->findAll()
#7 C:\xampp\htdocs\gfp\app\Controllers\Usuario.php(121): App\Models\UsuariosModel->DataActualizar('4')
#8 C:\xampp\htdocs\gfp\system\CodeIgniter.php(934): App\Controllers\Usuario->buscar_usuario('4')
#9 C:\xampp\htdocs\gfp\system\CodeIgniter.php(499): CodeIgniter\CodeIgniter->runController(Object(App\Controllers\Usuario))
#10 C:\xampp\htdocs\gfp\system\CodeIgniter.php(368): CodeIgniter\CodeIgniter->handleRequest(NULL, Object(Config\Cache), false)
#11 C:\xampp\htdocs\gfp\public\index.php(67): CodeIgniter\CodeIgniter->run()
#12 {main}
CRITICAL - 2023-05-05 13:58:04 --> You have an error in your SQL syntax; check the manual that corresponds to your MariaDB server version for the right syntax to use near 'FROM `usuarios`
JOIN `telefonos` ON `telefonos`.`id_usuario` = `usuarios`.`id...' at line 2
in SYSTEMPATH\Database\MySQLi\Connection.php on line 295.
 1 SYSTEMPATH\Database\MySQLi\Connection.php(295): mysqli->query('SELECT `usuarios`.*, `emails`.
FROM `usuarios`
JOIN `telefonos` ON `telefonos`.`id_usuario` = `usuarios`.`id_usuario`
JOIN `emails` ON `emails`.`id_usuario` = `usuarios`.`id_usuario`
WHERE `estado` = \'A\'
AND `usuarios`.`id_usuario` = \'4\'', 0)
 2 SYSTEMPATH\Database\BaseConnection.php(691): CodeIgniter\Database\MySQLi\Connection->execute('SELECT `usuarios`.*, `emails`.
FROM `usuarios`
JOIN `telefonos` ON `telefonos`.`id_usuario` = `usuarios`.`id_usuario`
JOIN `emails` ON `emails`.`id_usuario` = `usuarios`.`id_usuario`
WHERE `estado` = \'A\'
AND `usuarios`.`id_usuario` = \'4\'')
 3 SYSTEMPATH\Database\BaseConnection.php(605): CodeIgniter\Database\BaseConnection->simpleQuery('SELECT `usuarios`.*, `emails`.
FROM `usuarios`
JOIN `telefonos` ON `telefonos`.`id_usuario` = `usuarios`.`id_usuario`
JOIN `emails` ON `emails`.`id_usuario` = `usuarios`.`id_usuario`
WHERE `estado` = \'A\'
AND `usuarios`.`id_usuario` = \'4\'')
 4 SYSTEMPATH\Database\BaseBuilder.php(1616): CodeIgniter\Database\BaseConnection->query('SELECT `usuarios`.*, `emails`.
FROM `usuarios`
JOIN `telefonos` ON `telefonos`.`id_usuario` = `usuarios`.`id_usuario`
JOIN `emails` ON `emails`.`id_usuario` = `usuarios`.`id_usuario`
WHERE `estado` = :estado:
AND `usuarios`.`id_usuario` = :usuarios.id_usuario:', [...], false)
 5 SYSTEMPATH\Model.php(241): CodeIgniter\Database\BaseBuilder->get()
 6 SYSTEMPATH\BaseModel.php(618): CodeIgniter\Model->doFindAll(0, 0)
 7 APPPATH\Models\UsuariosModel.php(43): CodeIgniter\BaseModel->findAll()
 8 APPPATH\Controllers\Usuario.php(121): App\Models\UsuariosModel->DataActualizar('4')
 9 SYSTEMPATH\CodeIgniter.php(934): App\Controllers\Usuario->buscar_usuario('4')
10 SYSTEMPATH\CodeIgniter.php(499): CodeIgniter\CodeIgniter->runController(Object(App\Controllers\Usuario))
11 SYSTEMPATH\CodeIgniter.php(368): CodeIgniter\CodeIgniter->handleRequest(null, Object(Config\Cache), false)
12 FCPATH\index.php(67): CodeIgniter\CodeIgniter->run()
CRITICAL - 2023-05-05 14:07:25 --> Unclosed '{' on line 17
in APPPATH\Controllers\Usuario.php on line 129.
 1 SYSTEMPATH\Autoloader\Autoloader.php(289): CodeIgniter\Autoloader\Autoloader->includeFile('C:\\xampp\\htdocs\\gfp\\app\\Controllers\\Usuario.php')
 2 SYSTEMPATH\Autoloader\Autoloader.php(267): CodeIgniter\Autoloader\Autoloader->loadInNamespace('App\\Controllers\\Usuario')
 3 [internal function]: CodeIgniter\Autoloader\Autoloader->loadClass('App\\Controllers\\Usuario')
 4 SYSTEMPATH\CodeIgniter.php(892): class_exists('\\App\\Controllers\\Usuario', true)
 5 SYSTEMPATH\CodeIgniter.php(486): CodeIgniter\CodeIgniter->startController()
 6 SYSTEMPATH\CodeIgniter.php(368): CodeIgniter\CodeIgniter->handleRequest(null, Object(Config\Cache), false)
 7 FCPATH\index.php(67): CodeIgniter\CodeIgniter->run()
CRITICAL - 2023-05-05 14:07:26 --> Unclosed '{' on line 17
in APPPATH\Controllers\Usuario.php on line 129.
 1 SYSTEMPATH\Autoloader\Autoloader.php(289): CodeIgniter\Autoloader\Autoloader->includeFile('C:\\xampp\\htdocs\\gfp\\app\\Controllers\\Usuario.php')
 2 SYSTEMPATH\Autoloader\Autoloader.php(267): CodeIgniter\Autoloader\Autoloader->loadInNamespace('App\\Controllers\\Usuario')
 3 [internal function]: CodeIgniter\Autoloader\Autoloader->loadClass('App\\Controllers\\Usuario')
 4 SYSTEMPATH\CodeIgniter.php(892): class_exists('\\App\\Controllers\\Usuario', true)
 5 SYSTEMPATH\CodeIgniter.php(486): CodeIgniter\CodeIgniter->startController()
 6 SYSTEMPATH\CodeIgniter.php(368): CodeIgniter\CodeIgniter->handleRequest(null, Object(Config\Cache), false)
 7 FCPATH\index.php(67): CodeIgniter\CodeIgniter->run()
CRITICAL - 2023-05-05 14:08:06 --> Too few arguments to function App\Controllers\Usuario::buscar_usuario(), 1 passed in C:\xampp\htdocs\gfp\system\CodeIgniter.php on line 934 and exactly 2 expected
in APPPATH\Controllers\Usuario.php on line 118.
 1 SYSTEMPATH\CodeIgniter.php(934): App\Controllers\Usuario->buscar_usuario('4')
 2 SYSTEMPATH\CodeIgniter.php(499): CodeIgniter\CodeIgniter->runController(Object(App\Controllers\Usuario))
 3 SYSTEMPATH\CodeIgniter.php(368): CodeIgniter\CodeIgniter->handleRequest(null, Object(Config\Cache), false)
 4 FCPATH\index.php(67): CodeIgniter\CodeIgniter->run()
CRITICAL - 2023-05-05 14:08:29 --> Too few arguments to function App\Controllers\Usuario::buscar_usuario(), 1 passed in C:\xampp\htdocs\gfp\system\CodeIgniter.php on line 934 and exactly 2 expected
in APPPATH\Controllers\Usuario.php on line 118.
 1 SYSTEMPATH\CodeIgniter.php(934): App\Controllers\Usuario->buscar_usuario('4')
 2 SYSTEMPATH\CodeIgniter.php(499): CodeIgniter\CodeIgniter->runController(Object(App\Controllers\Usuario))
 3 SYSTEMPATH\CodeIgniter.php(368): CodeIgniter\CodeIgniter->handleRequest(null, Object(Config\Cache), false)
 4 FCPATH\index.php(67): CodeIgniter\CodeIgniter->run()
CRITICAL - 2023-05-05 14:09:13 --> Undefined variable $estado
in APPPATH\Controllers\Usuario.php on line 121.
 1 APPPATH\Controllers\Usuario.php(121): CodeIgniter\Debug\Exceptions->errorHandler(2, 'Undefined variable $estado', 'C:\\xampp\\htdocs\\gfp\\app\\Controllers\\Usuario.php', 121)
 2 SYSTEMPATH\CodeIgniter.php(934): App\Controllers\Usuario->buscar_usuario('4')
 3 SYSTEMPATH\CodeIgniter.php(499): CodeIgniter\CodeIgniter->runController(Object(App\Controllers\Usuario))
 4 SYSTEMPATH\CodeIgniter.php(368): CodeIgniter\CodeIgniter->handleRequest(null, Object(Config\Cache), false)
 5 FCPATH\index.php(67): CodeIgniter\CodeIgniter->run()
CRITICAL - 2023-05-05 14:09:14 --> Undefined variable $estado
in APPPATH\Controllers\Usuario.php on line 121.
 1 APPPATH\Controllers\Usuario.php(121): CodeIgniter\Debug\Exceptions->errorHandler(2, 'Undefined variable $estado', 'C:\\xampp\\htdocs\\gfp\\app\\Controllers\\Usuario.php', 121)
 2 SYSTEMPATH\CodeIgniter.php(934): App\Controllers\Usuario->buscar_usuario('3')
 3 SYSTEMPATH\CodeIgniter.php(499): CodeIgniter\CodeIgniter->runController(Object(App\Controllers\Usuario))
 4 SYSTEMPATH\CodeIgniter.php(368): CodeIgniter\CodeIgniter->handleRequest(null, Object(Config\Cache), false)
 5 FCPATH\index.php(67): CodeIgniter\CodeIgniter->run()
CRITICAL - 2023-05-05 14:49:16 --> syntax error, unexpected token "return"
in APPPATH\Views\auth\registro_cuenta.php on line 251.
 1 SYSTEMPATH\View\View.php(216): CodeIgniter\View\View->CodeIgniter\View\{closure}()
 2 SYSTEMPATH\Common.php(1184): CodeIgniter\View\View->render('auth/registro_cuenta', [], true)
 3 APPPATH\Controllers\Auth.php(46): view('auth/registro_cuenta', [...])
 4 SYSTEMPATH\CodeIgniter.php(934): App\Controllers\Auth->registroPagina()
 5 SYSTEMPATH\CodeIgniter.php(499): CodeIgniter\CodeIgniter->runController(Object(App\Controllers\Auth))
 6 SYSTEMPATH\CodeIgniter.php(368): CodeIgniter\CodeIgniter->handleRequest(null, Object(Config\Cache), false)
 7 FCPATH\index.php(67): CodeIgniter\CodeIgniter->run()
CRITICAL - 2023-05-05 14:49:25 --> Object of class CodeIgniter\HTTP\RedirectResponse could not be converted to string
in APPPATH\Views\auth\registro_cuenta.php on line 251.
 1 SYSTEMPATH\View\View.php(213): include()
 2 SYSTEMPATH\View\View.php(216): CodeIgniter\View\View->CodeIgniter\View\{closure}()
 3 SYSTEMPATH\Common.php(1184): CodeIgniter\View\View->render('auth/registro_cuenta', [], true)
 4 APPPATH\Controllers\Auth.php(46): view('auth/registro_cuenta', [...])
 5 SYSTEMPATH\CodeIgniter.php(934): App\Controllers\Auth->registroPagina()
 6 SYSTEMPATH\CodeIgniter.php(499): CodeIgniter\CodeIgniter->runController(Object(App\Controllers\Auth))
 7 SYSTEMPATH\CodeIgniter.php(368): CodeIgniter\CodeIgniter->handleRequest(null, Object(Config\Cache), false)
 8 FCPATH\index.php(67): CodeIgniter\CodeIgniter->run()
WARNING - 2023-05-05 14:55:27 --> [DEPRECATED] password_hash(): Passing null to parameter #1 ($password) of type string is deprecated in APPPATH\Controllers\Auth.php on line 95.
 1 APPPATH\Controllers\Auth.php(95): password_hash(null, '2y')
 2 SYSTEMPATH\CodeIgniter.php(934): App\Controllers\Auth->guardar()
 3 SYSTEMPATH\CodeIgniter.php(499): CodeIgniter\CodeIgniter->runController(Object(App\Controllers\Auth))
 4 SYSTEMPATH\CodeIgniter.php(368): CodeIgniter\CodeIgniter->handleRequest(null, Object(Config\Cache), false)
 5 FCPATH\index.php(67): CodeIgniter\CodeIgniter->run()
ERROR - 2023-05-05 14:55:27 --> mysqli_sql_exception: Column 'usuario' cannot be null in C:\xampp\htdocs\gfp\system\Database\MySQLi\Connection.php:295
Stack trace:
#0 C:\xampp\htdocs\gfp\system\Database\MySQLi\Connection.php(295): mysqli->query('INSERT INTO `us...', 0)
#1 C:\xampp\htdocs\gfp\system\Database\BaseConnection.php(691): CodeIgniter\Database\MySQLi\Connection->execute('INSERT INTO `us...')
#2 C:\xampp\htdocs\gfp\system\Database\BaseConnection.php(605): CodeIgniter\Database\BaseConnection->simpleQuery('INSERT INTO `us...')
#3 C:\xampp\htdocs\gfp\system\Database\BaseBuilder.php(2309): CodeIgniter\Database\BaseConnection->query('INSERT INTO `us...', Array, false)
#4 C:\xampp\htdocs\gfp\system\Model.php(330): CodeIgniter\Database\BaseBuilder->insert()
#5 C:\xampp\htdocs\gfp\system\BaseModel.php(782): CodeIgniter\Model->doInsert(Array)
#6 C:\xampp\htdocs\gfp\system\Model.php(730): CodeIgniter\BaseModel->insert(Array, false)
#7 C:\xampp\htdocs\gfp\system\BaseModel.php(692): CodeIgniter\Model->insert(Array, false)
#8 C:\xampp\htdocs\gfp\app\Controllers\Auth.php(103): CodeIgniter\BaseModel->save(Array)
#9 C:\xampp\htdocs\gfp\system\CodeIgniter.php(934): App\Controllers\Auth->guardar()
#10 C:\xampp\htdocs\gfp\system\CodeIgniter.php(499): CodeIgniter\CodeIgniter->runController(Object(App\Controllers\Auth))
#11 C:\xampp\htdocs\gfp\system\CodeIgniter.php(368): CodeIgniter\CodeIgniter->handleRequest(NULL, Object(Config\Cache), false)
#12 C:\xampp\htdocs\gfp\public\index.php(67): CodeIgniter\CodeIgniter->run()
#13 {main}
CRITICAL - 2023-05-05 14:55:27 --> Column 'usuario' cannot be null
in SYSTEMPATH\Database\MySQLi\Connection.php on line 295.
 1 SYSTEMPATH\Database\MySQLi\Connection.php(295): mysqli->query('INSERT INTO `usuarios` (`usuario`, `nombre`, `apellido`, `tipo_documento`, `pass`, `fecha_crea`) VALUES (NULL, NULL, NULL, NULL, \'$2y$10$cHmpIihRZU83gQuhn00Naug0LB7DWBYOxA0lnPInqtt341uDmQXCq\', \'2023-05-05 14:55:27\')', 0)
 2 SYSTEMPATH\Database\BaseConnection.php(691): CodeIgniter\Database\MySQLi\Connection->execute('INSERT INTO `usuarios` (`usuario`, `nombre`, `apellido`, `tipo_documento`, `pass`, `fecha_crea`) VALUES (NULL, NULL, NULL, NULL, \'$2y$10$cHmpIihRZU83gQuhn00Naug0LB7DWBYOxA0lnPInqtt341uDmQXCq\', \'2023-05-05 14:55:27\')')
 3 SYSTEMPATH\Database\BaseConnection.php(605): CodeIgniter\Database\BaseConnection->simpleQuery('INSERT INTO `usuarios` (`usuario`, `nombre`, `apellido`, `tipo_documento`, `pass`, `fecha_crea`) VALUES (NULL, NULL, NULL, NULL, \'$2y$10$cHmpIihRZU83gQuhn00Naug0LB7DWBYOxA0lnPInqtt341uDmQXCq\', \'2023-05-05 14:55:27\')')
 4 SYSTEMPATH\Database\BaseBuilder.php(2309): CodeIgniter\Database\BaseConnection->query('INSERT INTO `usuarios` (`usuario`, `nombre`, `apellido`, `tipo_documento`, `pass`, `fecha_crea`) VALUES (:usuario:, :nombre:, :apellido:, :tipo_documento:, :pass:, :fecha_crea:)', [...], false)
 5 SYSTEMPATH\Model.php(330): CodeIgniter\Database\BaseBuilder->insert()
 6 SYSTEMPATH\BaseModel.php(782): CodeIgniter\Model->doInsert([...])
 7 SYSTEMPATH\Model.php(730): CodeIgniter\BaseModel->insert([...], false)
 8 SYSTEMPATH\BaseModel.php(692): CodeIgniter\Model->insert([...], false)
 9 APPPATH\Controllers\Auth.php(103): CodeIgniter\BaseModel->save([...])
10 SYSTEMPATH\CodeIgniter.php(934): App\Controllers\Auth->guardar()
11 SYSTEMPATH\CodeIgniter.php(499): CodeIgniter\CodeIgniter->runController(Object(App\Controllers\Auth))
12 SYSTEMPATH\CodeIgniter.php(368): CodeIgniter\CodeIgniter->handleRequest(null, Object(Config\Cache), false)
13 FCPATH\index.php(67): CodeIgniter\CodeIgniter->run()
CRITICAL - 2023-05-05 15:04:01 --> Undefined array key "fechaFinal"
in APPPATH\Views\gfp\agenda\pago.php on line 34.
 1 APPPATH\Views\gfp\agenda\pago.php(34): CodeIgniter\Debug\Exceptions->errorHandler(2, 'Undefined array key "fechaFinal"', 'C:\\xampp\\htdocs\\gfp\\app\\Views\\gfp\\agenda\\pago.php', 34)
 2 SYSTEMPATH\View\View.php(213): include('C:\\xampp\\htdocs\\gfp\\app\\Views\\gfp\\agenda\\pago.php')
 3 SYSTEMPATH\View\View.php(216): CodeIgniter\View\View->CodeIgniter\View\{closure}()
 4 SYSTEMPATH\Common.php(1184): CodeIgniter\View\View->render('gfp/agenda/pago', [], true)
 5 APPPATH\Controllers\Agenda.php(22): view('gfp/agenda/pago', [...])
 6 SYSTEMPATH\CodeIgniter.php(934): App\Controllers\Agenda->index()
 7 SYSTEMPATH\CodeIgniter.php(499): CodeIgniter\CodeIgniter->runController(Object(App\Controllers\Agenda))
 8 SYSTEMPATH\CodeIgniter.php(368): CodeIgniter\CodeIgniter->handleRequest(null, Object(Config\Cache), false)
 9 FCPATH\index.php(67): CodeIgniter\CodeIgniter->run()
CRITICAL - 2023-05-05 15:04:02 --> Undefined array key "fechaFinal"
in APPPATH\Views\gfp\agenda\pago.php on line 34.
 1 APPPATH\Views\gfp\agenda\pago.php(34): CodeIgniter\Debug\Exceptions->errorHandler(2, 'Undefined array key "fechaFinal"', 'C:\\xampp\\htdocs\\gfp\\app\\Views\\gfp\\agenda\\pago.php', 34)
 2 SYSTEMPATH\View\View.php(213): include('C:\\xampp\\htdocs\\gfp\\app\\Views\\gfp\\agenda\\pago.php')
 3 SYSTEMPATH\View\View.php(216): CodeIgniter\View\View->CodeIgniter\View\{closure}()
 4 SYSTEMPATH\Common.php(1184): CodeIgniter\View\View->render('gfp/agenda/pago', [], true)
 5 APPPATH\Controllers\Agenda.php(22): view('gfp/agenda/pago', [...])
 6 SYSTEMPATH\CodeIgniter.php(934): App\Controllers\Agenda->index()
 7 SYSTEMPATH\CodeIgniter.php(499): CodeIgniter\CodeIgniter->runController(Object(App\Controllers\Agenda))
 8 SYSTEMPATH\CodeIgniter.php(368): CodeIgniter\CodeIgniter->handleRequest(null, Object(Config\Cache), false)
 9 FCPATH\index.php(67): CodeIgniter\CodeIgniter->run()
CRITICAL - 2023-05-05 15:21:04 --> unlink(C:\xampp\htdocs\gfp\writable\debugbar/debugbar_1683299972.510301.json): No such file or directory
in SYSTEMPATH\Debug\Toolbar\Collectors\History.php on line 76.
 1 [internal function]: CodeIgniter\Debug\Exceptions->errorHandler(2, 'unlink(C:\\xampp\\htdocs\\gfp\\writable\\debugbar/debugbar_1683299972.510301.json): No such file or directory', 'C:\\xampp\\htdocs\\gfp\\system\\Debug\\Toolbar\\Collectors\\History.php', 76)
 2 SYSTEMPATH\Debug\Toolbar\Collectors\History.php(76): unlink('C:\\xampp\\htdocs\\gfp\\writable\\debugbar/debugbar_1683299972.510301.json')
 3 SYSTEMPATH\Debug\Toolbar.php(497): CodeIgniter\Debug\Toolbar\Collectors\History->setFiles('1683300063.601509', 20)
 4 SYSTEMPATH\Debug\Toolbar.php(474): CodeIgniter\Debug\Toolbar->format([...], 'html')
 5 APPPATH\Config\Events.php(46): CodeIgniter\Debug\Toolbar->respond()
 6 SYSTEMPATH\Events\Events.php(149): CodeIgniter\Events\Events::Config\{closure}()
 7 SYSTEMPATH\CodeIgniter.php(350): CodeIgniter\Events\Events::trigger('pre_system')
 8 FCPATH\index.php(67): CodeIgniter\CodeIgniter->run()
CRITICAL - 2023-05-05 15:24:09 --> syntax error, unexpected token "echo"
in APPPATH\Views\auth\registro_cuenta.php on line 8.
 1 SYSTEMPATH\View\View.php(216): CodeIgniter\View\View->CodeIgniter\View\{closure}()
 2 SYSTEMPATH\Common.php(1184): CodeIgniter\View\View->render('auth/registro_cuenta', [], true)
 3 APPPATH\Controllers\Auth.php(46): view('auth/registro_cuenta', [...])
 4 SYSTEMPATH\CodeIgniter.php(934): App\Controllers\Auth->registroPagina()
 5 SYSTEMPATH\CodeIgniter.php(499): CodeIgniter\CodeIgniter->runController(Object(App\Controllers\Auth))
 6 SYSTEMPATH\CodeIgniter.php(368): CodeIgniter\CodeIgniter->handleRequest(null, Object(Config\Cache), false)
 7 FCPATH\index.php(67): CodeIgniter\CodeIgniter->run()
CRITICAL - 2023-05-05 15:24:11 --> syntax error, unexpected token "echo"
in APPPATH\Views\auth\registro_cuenta.php on line 8.
 1 SYSTEMPATH\View\View.php(216): CodeIgniter\View\View->CodeIgniter\View\{closure}()
 2 SYSTEMPATH\Common.php(1184): CodeIgniter\View\View->render('auth/registro_cuenta', [], true)
 3 APPPATH\Controllers\Auth.php(46): view('auth/registro_cuenta', [...])
 4 SYSTEMPATH\CodeIgniter.php(934): App\Controllers\Auth->registroPagina()
 5 SYSTEMPATH\CodeIgniter.php(499): CodeIgniter\CodeIgniter->runController(Object(App\Controllers\Auth))
 6 SYSTEMPATH\CodeIgniter.php(368): CodeIgniter\CodeIgniter->handleRequest(null, Object(Config\Cache), false)
 7 FCPATH\index.php(67): CodeIgniter\CodeIgniter->run()
CRITICAL - 2023-05-05 15:24:13 --> syntax error, unexpected token "echo"
in APPPATH\Views\auth\registro_cuenta.php on line 8.
 1 SYSTEMPATH\View\View.php(216): CodeIgniter\View\View->CodeIgniter\View\{closure}()
 2 SYSTEMPATH\Common.php(1184): CodeIgniter\View\View->render('auth/registro_cuenta', [], true)
 3 APPPATH\Controllers\Auth.php(46): view('auth/registro_cuenta', [...])
 4 SYSTEMPATH\CodeIgniter.php(934): App\Controllers\Auth->registroPagina()
 5 SYSTEMPATH\CodeIgniter.php(499): CodeIgniter\CodeIgniter->runController(Object(App\Controllers\Auth))
 6 SYSTEMPATH\CodeIgniter.php(368): CodeIgniter\CodeIgniter->handleRequest(null, Object(Config\Cache), false)
 7 FCPATH\index.php(67): CodeIgniter\CodeIgniter->run()
